c:\UnityBase\UB.exe 4.0.0.0 (2018-02-22 16:30:16)Host=WDFN34211327A User=D071860 CPU=4*9-6-19971:FFFBCBBF8373DAFEBF6F9C0000 OS=23.0=10.0.15063 Wow64=1 Freq=2437498Environment variables=ALLUSERSPROFILE=C:\ProgramData	ANSICON=146x32766 (146x21)	ANSICON_DEF=7	APPDATA=C:\Users\D071860\AppData\Roaming	CommonProgramFiles=C:\Program Files (x86)\Common Files	CommonProgramFiles(x86)=C:\Program Files (x86)\Common Files	CommonProgramW6432=C:\Program Files\Common Files	COMPUTERNAME=WDFN34211327A	ComSpec=C:\WINDOWS\system32\cmd.exe	ConEmuANSI=ON	ConEmuAnsiLog=	ConEmuArgs=	ConEmuArgs2=	ConEmuBackHWND=0x000B026E	ConEmuBaseDir=C:\Program Files\ConEmu\ConEmu	ConEmuBaseDirShort=C:\PROGRA~1\ConEmu\ConEmu	ConEmuBuild=180411	ConEmuCfgDir=	ConEmuConfig=	ConEmuDir=C:\Program Files\ConEmu	ConEmuDrawHWND=0x00180912	ConEmuDrive=C:	ConEmuHooks=Enabled	ConEmuHWND=0x001904C6	ConEmuPalette=<ConEmu>	ConEmuPID=1208	ConEmuPrompt0=$E[m$E[32m$E]9;8;"USERNAME"$E\@$E]9;8;"COMPUTERNAME"$E\$S	ConEmuPrompt1=$E[m$E[32m$E]9;8;"USERNAME"$E\@$E]9;8;"COMPUTERNAME"$E\$S$E[92m$P$E[90m	ConEmuPrompt2=$_$E[90m$G	ConEmuPrompt3=$E[m$S$E]9;12$E\	ConEmuServerPID=20132	ConEmuTask={Shells::cmd}	ConEmuWorkDir=C:\Users\D071860	ConEmuWorkDrive=C:	DEFLOGDIR=C:\ProgramData\McAfee\Endpoint Security\Logs	HOMEDRIVE=C:	homeloc=D_WDF	HOMEPATH=\Users\D071860	KUBECONFIG=C:\Practice\kubernetes\RUSLAN-KUBECONFIG	LOCALAPPDATA=C:\Users\D071860\AppData\Local	LOGONSERVER=\\DS2WDF0004	NUMBER_OF_PROCESSORS=4	OneDrive=C:\Users\D071860\OneDrive	OS=Windows_NT	Path=C:\Program Files\ConEmu\ConEmu\Scripts;C:\Program Files\ConEmu;C:\Program Files\ConEmu\ConEmu;C:\ProgramData\Oracle\Java\javapath;C:\Program Files\Docker\Docker\Resources\bin;C:\WINDOWS\system32;C:\WINDOWS;C:\WINDOWS\System32\Wbem;C:\WINDOWS\System32\WindowsPowerShell\v1.0\;C:\Program Files\Minikube;C:\Program Files\Kubernetes;C:\Program Files (x86)\Google\Cloud SDK\google-cloud-sdk\bin;C:\Program Files\PuTTY\;C:\Program Files\nodejs\;c:\UnityBase;C:\Users\D071860\AppData\Local\Microsoft\WindowsApps;C:\Users\D071860\AppData\Roaming\npm	PATHEXT=.COM;.EXE;.BAT;.CMD;.VBS;.VBE;.JS;.JSE;.WSF;.WSH;.MSC	PROCESSOR_ARCHITECTURE=x86	PROCESSOR_ARCHITEW6432=AMD64	PROCESSOR_IDENTIFIER=Intel64 Family 6 Model 78 Stepping 3, GenuineIntel	PROCESSOR_LEVEL=6	PROCESSOR_REVISION=4e03	ProgramData=C:\ProgramData	ProgramFiles=C:\Program Files (x86)	ProgramFiles(x86)=C:\Program Files (x86)	ProgramW6432=C:\Program Files	PROMPT=$E[m$E[32m$E]9;8;"USERNAME"$E\@$E]9;8;"COMPUTERNAME"$E\$S$E[92m$P$E[90m$_$E[90m$G$E[m$S$E]9;12$E\	PSModulePath=C:\Program Files (x86)\WindowsPowerShell\Modules;C:\WINDOWS\system32\WindowsPowerShell\v1.0\Modules;C:\Program Files (x86)\Google\Cloud SDK\google-cloud-sdk\platform\PowerShell	PUBLIC=C:\Users\Public	SESSIONNAME=Console	SNC_LIB=C:\Program Files (x86)\SAP\FrontEnd\SecureLogin\lib\sapcrypto.dll	SNC_LIB_64=C:\Program Files\SAP\FrontEnd\SecureLogin\lib\sapcrypto.dll	SSF_LIBRARY_PATH=C:\Program Files (x86)\SAP\FrontEnd\SecureLogin\lib\sapcrypto.dll	SSF_LIBRARY_PATH_64=C:\Program Files\SAP\FrontEnd\SecureLogin\lib\sapcrypto.dll	SystemDrive=C:	SystemRoot=C:\WINDOWS	TEMP=C:\Users\D071860\AppData\Local\Temp	TMP=C:\Users\D071860\AppData\Local\Temp	UATDATA=C:\WINDOWS\CCM\UATData\D9F8C395-CAB8-491d-B8AC-179A1FE1BE77	UB_HOME=c:\UnityBase	USERDNSDOMAIN=GLOBAL.CORP.SAP	USERDOMAIN=GLOBAL	USERDOMAIN_ROAMINGPROFILE=GLOBAL	USERNAME=D071860	USERPROFILE=C:\Users\D071860	windir=C:\WINDOWSTubLog 1.18.3488 FTS3 2018-04-15T17:08:0920180415 17080960  ! warn  WebSocket support are disabled because WSServer.host = '' in config
20180415 17080962  !  +    ubServer.TubServer(02E0E5C0).008863DB 
20180415 17080962  !  +    	Init app
20180415 17080962  ! srvr  		FTS is disabled
20180415 17080962  ! info  		Check blob store "avatars" folder "C:\ubProject\CityPortal\avatars\": folder exists
20180415 17080962  ! info  		Check blob store "attach" folder "C:\ubProject\CityPortal\docs\attach\": folder exists
20180415 17080962  !  -    	00.000.467
20180415 17080962  !  +    	Folder C:\ubProject\CityPortal\node_modules\@unitybase\ub\ modified
20180415 17080962  !  +    		ubCommonClasses.TubThreadSafeCache(02E0CB08).removeStartsWith
20180415 17080962  !  -    		00.000.022
20180415 17080962  !  -    	00.000.026
20180415 17080962  !  +    	Folder C:\ubProject\CityPortal\node_modules\@unitybase\uba\ modified
20180415 17080962  !  +    		ubCommonClasses.TubThreadSafeCache(02E0CB08).removeStartsWith
20180415 17080962  !  -    		00.000.000
20180415 17080962  !  -    	00.000.004
20180415 17080962  !  +    	Folder C:\ubProject\CityPortal\node_modules\@unitybase\ubs\ modified
20180415 17080962  !  +    		ubCommonClasses.TubThreadSafeCache(02E0CB08).removeStartsWith
20180415 17080962  !  -    		00.000.000
20180415 17080962  !  -    	00.000.003
20180415 17080962  !  +    	Folder C:\ubProject\CityPortal\node_modules\@unitybase\ubm\ modified
20180415 17080962  !  +    		ubCommonClasses.TubThreadSafeCache(02E0CB08).removeStartsWith
20180415 17080962  !  -    		00.000.000
20180415 17080962  !  -    	00.000.003
20180415 17080962  !  +    	Folder C:\ubProject\CityPortal\_public_only_\ modified
20180415 17080962  !  +    		ubCommonClasses.TubThreadSafeCache(02E0CB08).removeStartsWith
20180415 17080962  !  -    		00.000.000
20180415 17080962  !  -    	00.000.004
20180415 17080962  !  +    	Folder C:\ubProject\CityPortal\node_modules\@unitybase\adminui-reg\ modified
20180415 17080962  !  +    		ubCommonClasses.TubThreadSafeCache(02E0CB08).removeStartsWith
20180415 17080962  !  -    		00.000.000
20180415 17080962  !  -    	00.000.015
20180415 17080962  !  +    	Folder C:\ubProject\CityPortal\models\requests\ modified
20180415 17080962  !  +    		ubCommonClasses.TubThreadSafeCache(02E0CB08).removeStartsWith
20180415 17080962  !  -    		00.000.001
20180415 17080962  !  -    	00.000.018
20180415 17080962  !  +    	ubApp.TubApp(02D73EE0).init
20180415 17080962  ! srvr  		Mime converters are disabled
20180415 17080962  !  -    	00.000.002
20180415 17080962  ! srvr  	Enable zip compresison
20180415 17080962  ! srvr  	Send initialization request to http://localhost:888/init
20180415 17081000  "  +    InitializationRequest
20180415 17081000  "  +    	init
20180415 17081000  " srvr  		Start application intialization...
20180415 17081000  " info  		Loading domain...
20180415 17081000  " info  		Loading model "UB" from "C:\ubProject\CityPortal\node_modules\@unitybase\ub\"
20180415 17081000  " info  		Loading model "UBA" from "C:\ubProject\CityPortal\node_modules\@unitybase\uba\"
20180415 17081002  " info  		Loading model "UBS" from "C:\ubProject\CityPortal\node_modules\@unitybase\ubs\"
20180415 17081004  " info  		Loading model "UBM" from "C:\ubProject\CityPortal\node_modules\@unitybase\ubm\"
20180415 17081006  " info  		Loading model "adminui-reg" from "C:\ubProject\CityPortal\node_modules\@unitybase\adminui-reg\"
20180415 17081006  " info  		Loading model "RequestList" from "C:\ubProject\CityPortal\models\requests\"
20180415 17081006  " ERROR 		DomainLoad: Error loading entity LANG file C:\ubProject\CityPortal\models\requests\req_reqList.meta.uk
20180415 17081006  "  +    		ubApp.TubDataStore(04276028).Init
20180415 17081006  "  +    			ubApp.TubApp(02D73EE0).DBExecute
20180415 17081006  "  +    				ubApp.TubApp(02D73EE0).TubApp.InternalDBExecute
20180415 17081006  "  +    					00856EC2 
20180415 17081006  "  -    					00.002.648
20180415 17081006  " SQL   					ubDBSQLite3ThreadSafe.TubSQLite3Statement(02E26DF0) PRAGMA foreign_keys = ON
20180415 17081006  " SQL   					ubDBSQLite3ThreadSafe.TubSQLite3Statement(02E267F0) SELECT A01.ID,A01.entity,A01.state,A01.attribute,A01.roleName,A01.actions  FROM uba_als A01  ORDER BY A01.entity ASC
20180415 17081006  "  -    				00.002.765
20180415 17081006  "  -    			00.002.795
20180415 17081006  " debug 			Query result for entity "uba_als" into data name "": row count=0
20180415 17081006  "  -    		00.002.825
20180415 17081006  " srvr  		The domain loaded successfully with 3 entities
20180415 17081006  " debug 		Create new JavaScript Engine for thread 38712
20180415 17081020  "  +    		008C234A 
20180415 17081020  "  +    			ubApp.TubDataStore(05890ED0).Init
20180415 17081020  "  +    				ubApp.TubApp(02D73EE0).DBExecute
20180415 17081020  "  +    					ubApp.TubApp(02D73EE0).TubApp.InternalDBExecute
20180415 17081020  " SQL   						ubDBSQLite3ThreadSafe.TubSQLite3Statement(02E27150) SELECT A01.ID,A01.name,A01.sessionTimeout,A01.allowedAppMethods  FROM uba_role A01 
20180415 17081020  "  -    					00.000.044
20180415 17081020  "  -    				00.000.112
20180415 17081020  " debug 				Query result for entity "uba_role" into data name "": row count=7
20180415 17081020  "  -    			00.000.122
20180415 17081020  "  +    			ubApp.TubDataStore(05890F48).Init
20180415 17081020  "  +    				ubApp.TubApp(02D73EE0).DBExecute
20180415 17081020  "  +    					ubApp.TubApp(02D73EE0).TubApp.InternalDBExecute
20180415 17081020  " SQL   						ubDBSQLite3ThreadSafe.TubSQLite3Statement(02E270F0) SELECT A01.ID,A01.entityMask,A01.methodMask,A01.ruleType,A01.ruleRole,A01.disabled,A01.code  FROM uba_els A01 
20180415 17081020  "  -    					00.000.029
20180415 17081020  "  -    				00.000.076
20180415 17081020  " debug 				Query result for entity "uba_els" into data name "": row count=21
20180415 17081020  "  -    			00.000.091
20180415 17081020  "  -    		00.000.917
20180415 17081020  " auth  		New session admin/85563314 created at 127.0.0.1/-216172771913236443 using Mozilla/5.0 (Windows; mORMot 1.18 TWinHTTP)
20180415 17081020  " auth  		New session anonymous/85563469 created at 127.0.0.1/-216172771913236443 using Mozilla/5.0 (Windows; mORMot 1.18 TWinHTTP)
20180415 17081020  "  +    		ubApp.TubDataStore(05890F98).Init
20180415 17081020  "  +    			ubApp.TubApp(02D73EE0).DBExecute
20180415 17081020  "  +    				ubApp.TubApp(02D73EE0).TubApp.InternalDBExecute
20180415 17081020  " debug 					P1: String(34)	UBA.passwordPolicy.maxDurationDays
20180415 17081020  " SQL   					ubDBSQLite3ThreadSafe.TubSQLite3Statement(02E27210) select settingValue from ubs_settings where settingKey =?
20180415 17081020  "  -    				00.000.027
20180415 17081020  "  -    			00.000.066
20180415 17081020  " debug 			Query result for entity "ubs_settings" into data name "": row count=1
20180415 17081020  "  -    		00.000.075
20180415 17081020  "  +    		ubApp.TubDataStore(05890F98).Init
20180415 17081020  "  +    			ubApp.TubApp(02D73EE0).DBExecute
20180415 17081020  "  +    				ubApp.TubApp(02D73EE0).TubApp.InternalDBExecute
20180415 17081020  " debug 					P1: String(37)	UBA.passwordPolicy.maxInvalidAttempts
20180415 17081020  " SQL   					ubDBSQLite3ThreadSafe.TubSQLite3Statement(02E27210) select settingValue from ubs_settings where settingKey =?
20180415 17081020  "  -    				00.000.006
20180415 17081020  "  -    			00.000.018
20180415 17081020  " debug 			Query result for entity "ubs_settings" into data name "": row count=1
20180415 17081020  "  -    		00.000.023
20180415 17081020  "  -    	00.324.191
20180415 17081020  "  -    00.324.203
20180415 17081020  ! srvr  	ubServer.TubServer(02E0E5C0) {"THttpApiServer(02D3A990)":{"Cloned":false,"RegisteredUrl":"http://+:888/","HTTPQueueLength":1000,"MaxBandwidth":-1,"MaxConnections":-1,"APIVersion":"HTTP API 2.0","ServerName":"UnityBase","ProcessName":""}} initialized
20180415 17081020  !  -    00.343.432
20180415 17091359  ! info  ubApp.TubApp(02D73EE0) {   "ClientsCurrent": 0,   "ClientsMax": 0,   "Invalid": 0,   "Responses": 0,   "Modified": 0,   "IncomingBytes": 0,   "OutcomingBytes": 0,   "OutcomingFiles": 0,   "ServiceCalls": 0,   "ProcessTime": "0us"  }
