c:\UnityBase\UB.exe 4.0.0.0 (2018-02-22 16:30:16)Host=WDFN34211327A User=D071860 CPU=4*9-6-19971:FFFBCBBF8373DAFEBF6F9C0000 OS=23.0=10.0.15063 Wow64=1 Freq=2437498Environment variables=ALLUSERSPROFILE=C:\ProgramData	ANSICON=121x32766 (121x26)	ANSICON_DEF=7	APPDATA=C:\Users\D071860\AppData\Roaming	CommonProgramFiles=C:\Program Files (x86)\Common Files	CommonProgramFiles(x86)=C:\Program Files (x86)\Common Files	CommonProgramW6432=C:\Program Files\Common Files	COMPUTERNAME=WDFN34211327A	ComSpec=C:\WINDOWS\system32\cmd.exe	ConEmuANSI=ON	ConEmuAnsiLog=	ConEmuArgs=	ConEmuArgs2=	ConEmuBackHWND=0x001105EE	ConEmuBaseDir=C:\Program Files\ConEmu\ConEmu	ConEmuBaseDirShort=C:\PROGRA~1\ConEmu\ConEmu	ConEmuBuild=180411	ConEmuCfgDir=	ConEmuConfig=	ConEmuDir=C:\Program Files\ConEmu	ConEmuDrawHWND=0x001B0306	ConEmuDrive=C:	ConEmuHooks=Enabled	ConEmuHWND=0x001904C6	ConEmuPalette=<ConEmu>	ConEmuPID=1208	ConEmuPrompt0=$E[m$E[32m$E]9;8;"USERNAME"$E\@$E]9;8;"COMPUTERNAME"$E\$S	ConEmuPrompt1=$E[m$E[32m$E]9;8;"USERNAME"$E\@$E]9;8;"COMPUTERNAME"$E\$S$E[92m$P$E[90m	ConEmuPrompt2=$_$E[90m$G	ConEmuPrompt3=$E[m$S$E]9;12$E\	ConEmuServerPID=5468	ConEmuTask={Shells::cmd}	ConEmuWorkDir=C:\Users\D071860	ConEmuWorkDrive=C:	DEFLOGDIR=C:\ProgramData\McAfee\Endpoint Security\Logs	HOMEDRIVE=C:	homeloc=D_WDF	HOMEPATH=\Users\D071860	KUBECONFIG=C:\Practice\kubernetes\RUSLAN-KUBECONFIG	LOCALAPPDATA=C:\Users\D071860\AppData\Local	LOGONSERVER=\\DS2WDF0004	NUMBER_OF_PROCESSORS=4	OneDrive=C:\Users\D071860\OneDrive	OS=Windows_NT	Path=C:\Program Files\ConEmu\ConEmu\Scripts;C:\Program Files\ConEmu;C:\Program Files\ConEmu\ConEmu;C:\ProgramData\Oracle\Java\javapath;C:\Program Files\Docker\Docker\Resources\bin;C:\WINDOWS\system32;C:\WINDOWS;C:\WINDOWS\System32\Wbem;C:\WINDOWS\System32\WindowsPowerShell\v1.0\;C:\Program Files\Minikube;C:\Program Files\Kubernetes;C:\Program Files (x86)\Google\Cloud SDK\google-cloud-sdk\bin;C:\Program Files\PuTTY\;C:\Program Files\nodejs\;c:\UnityBase;C:\Users\D071860\AppData\Local\Microsoft\WindowsApps;C:\Users\D071860\AppData\Roaming\npm	PATHEXT=.COM;.EXE;.BAT;.CMD;.VBS;.VBE;.JSE;.WSF;.WSH;.MSC	PROCESSOR_ARCHITECTURE=x86	PROCESSOR_ARCHITEW6432=AMD64	PROCESSOR_IDENTIFIER=Intel64 Family 6 Model 78 Stepping 3, GenuineIntel	PROCESSOR_LEVEL=6	PROCESSOR_REVISION=4e03	ProgramData=C:\ProgramData	ProgramFiles=C:\Program Files (x86)	ProgramFiles(x86)=C:\Program Files (x86)	ProgramW6432=C:\Program Files	PROMPT=$E[m$E[32m$E]9;8;"USERNAME"$E\@$E]9;8;"COMPUTERNAME"$E\$S$E[92m$P$E[90m$_$E[90m$G$E[m$S$E]9;12$E\	PSModulePath=C:\Program Files (x86)\WindowsPowerShell\Modules;C:\WINDOWS\system32\WindowsPowerShell\v1.0\Modules;C:\Program Files (x86)\Google\Cloud SDK\google-cloud-sdk\platform\PowerShell	PUBLIC=C:\Users\Public	SESSIONNAME=Console	SNC_LIB=C:\Program Files (x86)\SAP\FrontEnd\SecureLogin\lib\sapcrypto.dll	SNC_LIB_64=C:\Program Files\SAP\FrontEnd\SecureLogin\lib\sapcrypto.dll	SSF_LIBRARY_PATH=C:\Program Files (x86)\SAP\FrontEnd\SecureLogin\lib\sapcrypto.dll	SSF_LIBRARY_PATH_64=C:\Program Files\SAP\FrontEnd\SecureLogin\lib\sapcrypto.dll	SystemDrive=C:	SystemRoot=C:\WINDOWS	TEMP=C:\Users\D071860\AppData\Local\Temp	TMP=C:\Users\D071860\AppData\Local\Temp	UATDATA=C:\WINDOWS\CCM\UATData\D9F8C395-CAB8-491d-B8AC-179A1FE1BE77	UB_HOME=c:\UnityBase	USERDNSDOMAIN=GLOBAL.CORP.SAP	USERDOMAIN=GLOBAL	USERDOMAIN_ROAMINGPROFILE=GLOBAL	USERNAME=D071860	USERPROFILE=C:\Users\D071860	windir=C:\WINDOWSTubLog 1.18.3488 FTS3 2018-04-15T19:30:4820180415 19304845  ! warn  WebSocket support are disabled because WSServer.host = '' in config
20180415 19304846  !  +    ubServer.TubServer(042774E8).008863DB 
20180415 19304846  !  +    	Init app
20180415 19304846  ! srvr  		FTS is disabled
20180415 19304846  ! info  		Check blob store "avatars" folder "C:\ubProject\CityPortal\avatars\": folder exists
20180415 19304846  ! info  		Check blob store "attach" folder "C:\ubProject\CityPortal\docs\attach\": folder exists
20180415 19304846  !  -    	00.000.533
20180415 19304846  !  +    	Folder C:\ubProject\CityPortal\node_modules\@unitybase\ub\ modified
20180415 19304846  !  +    		ubCommonClasses.TubThreadSafeCache(02DACB08).removeStartsWith
20180415 19304846  !  -    		00.000.008
20180415 19304846  !  -    	00.000.019
20180415 19304846  !  +    	Folder C:\ubProject\CityPortal\node_modules\@unitybase\uba\ modified
20180415 19304846  !  +    		ubCommonClasses.TubThreadSafeCache(02DACB08).removeStartsWith
20180415 19304846  !  -    		00.000.000
20180415 19304846  !  -    	00.000.006
20180415 19304846  !  +    	Folder C:\ubProject\CityPortal\node_modules\@unitybase\ubs\ modified
20180415 19304846  !  +    		ubCommonClasses.TubThreadSafeCache(02DACB08).removeStartsWith
20180415 19304846  !  -    		00.000.000
20180415 19304846  !  -    	00.000.004
20180415 19304846  !  +    	Folder C:\ubProject\CityPortal\node_modules\@unitybase\ubm\ modified
20180415 19304846  !  +    		ubCommonClasses.TubThreadSafeCache(02DACB08).removeStartsWith
20180415 19304846  !  -    		00.000.000
20180415 19304846  !  -    	00.000.004
20180415 19304846  !  +    	Folder C:\ubProject\CityPortal\_public_only_\ modified
20180415 19304846  !  +    		ubCommonClasses.TubThreadSafeCache(02DACB08).removeStartsWith
20180415 19304846  !  -    		00.000.000
20180415 19304846  !  -    	00.000.004
20180415 19304846  !  +    	Folder C:\ubProject\CityPortal\node_modules\@unitybase\adminui-reg\ modified
20180415 19304846  !  +    		ubCommonClasses.TubThreadSafeCache(02DACB08).removeStartsWith
20180415 19304846  !  -    		00.000.000
20180415 19304846  !  -    	00.000.004
20180415 19304846  !  +    	Folder C:\ubProject\CityPortal\models\requests\ modified
20180415 19304846  !  +    		ubCommonClasses.TubThreadSafeCache(02DACB08).removeStartsWith
20180415 19304846  !  -    		00.000.000
20180415 19304846  !  -    	00.000.004
20180415 19304846  !  +    	ubApp.TubApp(02D13EE0).init
20180415 19304846  ! srvr  		Mime converters are disabled
20180415 19304846  !  -    	00.000.003
20180415 19304846  ! srvr  	Enable zip compresison
20180415 19304846  ! srvr  	Send initialization request to http://localhost:888/init
20180415 19304846  "  +    InitializationRequest
20180415 19304846  "  +    	init
20180415 19304846  " srvr  		Start application intialization...
20180415 19304846  " info  		Loading domain...
20180415 19304846  " info  		Loading model "UB" from "C:\ubProject\CityPortal\node_modules\@unitybase\ub\"
20180415 19304846  " info  		Loading model "UBA" from "C:\ubProject\CityPortal\node_modules\@unitybase\uba\"
20180415 19304848  " info  		Loading model "UBS" from "C:\ubProject\CityPortal\node_modules\@unitybase\ubs\"
20180415 19304848  " info  		Loading model "UBM" from "C:\ubProject\CityPortal\node_modules\@unitybase\ubm\"
20180415 19304849  " info  		Loading model "adminui-reg" from "C:\ubProject\CityPortal\node_modules\@unitybase\adminui-reg\"
20180415 19304849  " info  		Loading model "RequestList" from "C:\ubProject\CityPortal\models\requests\"
20180415 19304849  "  +    		ubApp.TubDataStore(0420FEF8).Init
20180415 19304849  "  +    			ubApp.TubApp(02D13EE0).DBExecute
20180415 19304849  "  +    				ubApp.TubApp(02D13EE0).TubApp.InternalDBExecute
20180415 19304849  "  +    					00856EC2 
20180415 19304850  "  -    					00.008.434
20180415 19304850  " SQL   					ubDBSQLite3ThreadSafe.TubSQLite3Statement(02DC6F10) PRAGMA foreign_keys = ON
20180415 19304850  " SQL   					ubDBSQLite3ThreadSafe.TubSQLite3Statement(02DC6910) SELECT A01.ID,A01.entity,A01.state,A01.attribute,A01.roleName,A01.actions  FROM uba_als A01  ORDER BY A01.entity ASC
20180415 19304850  "  -    				00.008.569
20180415 19304850  "  -    			00.008.605
20180415 19304850  " debug 			Query result for entity "uba_als" into data name "": row count=0
20180415 19304850  "  -    		00.008.630
20180415 19304850  " srvr  		The domain loaded successfully with 3 entities
20180415 19304850  " debug 		Create new JavaScript Engine for thread 36296
20180415 19304900  "  +    		008C234A 
20180415 19304900  "  +    			ubApp.TubDataStore(06D5BF50).Init
20180415 19304900  "  +    				ubApp.TubApp(02D13EE0).DBExecute
20180415 19304900  "  +    					ubApp.TubApp(02D13EE0).TubApp.InternalDBExecute
20180415 19304900  " SQL   						ubDBSQLite3ThreadSafe.TubSQLite3Statement(02DC7270) SELECT A01.ID,A01.name,A01.sessionTimeout,A01.allowedAppMethods  FROM uba_role A01 
20180415 19304900  "  -    					00.000.044
20180415 19304900  "  -    				00.000.122
20180415 19304900  " debug 				Query result for entity "uba_role" into data name "": row count=8
20180415 19304900  "  -    			00.000.135
20180415 19304900  "  +    			ubApp.TubDataStore(06D5BFC8).Init
20180415 19304900  "  +    				ubApp.TubApp(02D13EE0).DBExecute
20180415 19304900  "  +    					ubApp.TubApp(02D13EE0).TubApp.InternalDBExecute
20180415 19304900  " SQL   						ubDBSQLite3ThreadSafe.TubSQLite3Statement(02DC7210) SELECT A01.ID,A01.entityMask,A01.methodMask,A01.ruleType,A01.ruleRole,A01.disabled,A01.code  FROM uba_els A01 
20180415 19304900  "  -    					00.000.034
20180415 19304900  "  -    				00.000.181
20180415 19304900  " debug 				Query result for entity "uba_els" into data name "": row count=87
20180415 19304900  "  -    			00.000.205
20180415 19304900  "  -    		00.002.201
20180415 19304900  " auth  		New session admin/94122208 created at 127.0.0.1/-504403148064948127 using Mozilla/5.0 (Windows; mORMot 1.18 TWinHTTP)
20180415 19304900  " auth  		New session anonymous/94122211 created at 127.0.0.1/-504403148064948127 using Mozilla/5.0 (Windows; mORMot 1.18 TWinHTTP)
20180415 19304900  "  +    		ubApp.TubDataStore(06D5C018).Init
20180415 19304900  "  +    			ubApp.TubApp(02D13EE0).DBExecute
20180415 19304900  "  +    				ubApp.TubApp(02D13EE0).TubApp.InternalDBExecute
20180415 19304900  " debug 					P1: String(34)	UBA.passwordPolicy.maxDurationDays
20180415 19304900  " SQL   					ubDBSQLite3ThreadSafe.TubSQLite3Statement(02DC7330) select settingValue from ubs_settings where settingKey =?
20180415 19304900  "  -    				00.000.033
20180415 19304900  "  -    			00.000.094
20180415 19304900  " debug 			Query result for entity "ubs_settings" into data name "": row count=1
20180415 19304900  "  -    		00.000.102
20180415 19304900  "  +    		ubApp.TubDataStore(06D5C018).Init
20180415 19304900  "  +    			ubApp.TubApp(02D13EE0).DBExecute
20180415 19304900  "  +    				ubApp.TubApp(02D13EE0).TubApp.InternalDBExecute
20180415 19304900  " debug 					P1: String(37)	UBA.passwordPolicy.maxInvalidAttempts
20180415 19304900  " SQL   					ubDBSQLite3ThreadSafe.TubSQLite3Statement(02DC7330) select settingValue from ubs_settings where settingKey =?
20180415 19304900  "  -    				00.000.006
20180415 19304900  "  -    			00.000.019
20180415 19304900  " debug 			Query result for entity "ubs_settings" into data name "": row count=1
20180415 19304900  "  -    		00.000.024
20180415 19304900  "  -    	00.255.245
20180415 19304900  "  -    00.255.261
20180415 19304900  ! srvr  	ubServer.TubServer(042774E8) {"THttpApiServer(02CDA990)":{"Cloned":false,"RegisteredUrl":"http://+:888/","HTTPQueueLength":1000,"MaxBandwidth":-1,"MaxConnections":-1,"APIVersion":"HTTP API 2.0","ServerName":"UnityBase","ProcessName":""}} initialized
20180415 19304900  !  -    00.264.384
20180415 19304900  "  +    getAppInfo
20180415 19304900  " http  	127.0.0.1 -> GET getAppInfo
20180415 19304900  " call  	endpoint getAppInfo
20180415 19304900  " http  	127.0.0.1 <- 200
20180415 19304900  "  -    00.000.633
20180415 19304901  #  +    auth?AUTHTYPE=UB&userName=admin
20180415 19304901  # http  	127.0.0.1 -> GET auth?AUTHTYPE=UB&userName=admin
20180415 19304901  # debug 	Create new JavaScript Engine for thread 36784
20180415 19304914  # call  	endpoint auth
20180415 19304914  # http  	127.0.0.1 <- 200
20180415 19304914  #  -    00.203.500
20180415 19304914  $  +    auth?AUTHTYPE=UB&clientNonce=4a49d3cc9569aa24959580952466aaca69c1abca82fd53dc21e5f6edc66cccbb&password=921a2f3ba70a48ae2e3b1989f45342c0a43238398842ae1f997cd429384e52e5&userName=admin
20180415 19304914  $ http  	127.0.0.1 -> GET auth?AUTHTYPE=UB&clientNonce=4a49d3cc9569aa24959580952466aaca69c1abca82fd53dc21e5f6edc66cccbb&password=921a2f3ba70a48ae2e3b1989f45342c0a43238398842ae1f997cd429384e52e5&userName=admin
20180415 19304914  $ debug 	Create new JavaScript Engine for thread 42052
20180415 19304927  $ call  	endpoint auth
20180415 19304927  $  +    	ubApp.TubDataStore(06D61478).Init
20180415 19304927  $  +    		ubApp.TubApp(02D13EE0).DBExecute
20180415 19304927  $  +    			ubApp.TubApp(02D13EE0).TubApp.InternalDBExecute
20180415 19304927  $  +    				00856EC2 
20180415 19304927  $  -    				00.002.190
20180415 19304927  $ SQL   				ubDBSQLite3ThreadSafe.TubSQLite3Statement(02DC80B0) PRAGMA foreign_keys = ON
20180415 19304927  $ debug 				P1: String(5)	admin
20180415 19304927  $ SQL   				ubDBSQLite3ThreadSafe.TubSQLite3Statement(02DC7A50) select id, name, uPasswordHashHexa, uData, isPending, trustedIP from UBA_USER where name=? and disabled=0
20180415 19304927  $  -    			00.002.237
20180415 19304927  $  -    		00.002.283
20180415 19304927  $ debug 		Query result for entity "uba_user" into data name "": row count=1
20180415 19304927  $  -    	00.002.303
20180415 19304927  $  +    	ubApp.TubDataStore(06D61478).Init
20180415 19304927  $  +    		ubApp.TubApp(02D13EE0).DBExecute
20180415 19304927  $  +    			ubApp.TubApp(02D13EE0).TubApp.InternalDBExecute
20180415 19304927  $ debug 				P1: Int64		10
20180415 19304927  $ SQL   				ubDBSQLite3ThreadSafe.TubSQLite3Statement(02DC80B0) SELECT lastPasswordChangeDate FROM uba_user WHERE id=?
20180415 19304927  $  -    			00.000.018
20180415 19304927  $  -    		00.000.040
20180415 19304927  $ debug 		Query result for entity "uba_user" into data name "__expireDate": row count=1
20180415 19304927  $  -    	00.000.048
20180415 19304927  $  +    	ubApp.TubDataStore(07D9A320).Init
20180415 19304927  $  +    		ubApp.TubApp(02D13EE0).DBExecute
20180415 19304927  $  +    			ubApp.TubApp(02D13EE0).TubApp.InternalDBExecute
20180415 19304927  $ debug 				P1: Int64		10
20180415 19304927  $ SQL   				ubDBSQLite3ThreadSafe.TubSQLite3Statement(02DC8170) SELECT A01.roleID,A02.name,A02.description  FROM uba_userrole A01  INNER JOIN uba_role A02 ON A02.ID=A01.roleID  WHERE A01.userID=?
20180415 19304927  $  -    			00.000.038
20180415 19304927  $  -    		00.000.078
20180415 19304927  $ debug 		Query result for entity "uba_userrole" into data name "": row count=1
20180415 19304927  $  -    	00.000.087
20180415 19304927  $ auth  	New session admin/94122210 created at 127.0.0.1/-504403148064948127 using Mozilla/5.0 (Windows; mORMot 1.18 TWinHTTP)
20180415 19304927  $  +    	ubMixinClasses.TubStorageMixin(02D642C0).MixinMethod
20180415 19304927  $ debug 		uba_user.select(TubStorageMixin)
20180415 19304927  $  +    		ubApp.TubDataStore(07D9A320).Init
20180415 19304927  $  +    			ubApp.TubApp(02D13EE0).DBExecute
20180415 19304927  $  +    				ubApp.TubApp(02D13EE0).TubApp.InternalDBExecute
20180415 19304927  $ debug 					P1: Int64		10
20180415 19304927  $ SQL   					ubDBSQLite3ThreadSafe.TubSQLite3Statement(02DC8290) SELECT A01.name  FROM uba_user A01  WHERE A01.ID=?
20180415 19304927  $  -    				00.000.062
20180415 19304927  $  -    			00.000.124
20180415 19304927  $ debug 			Query result for entity "uba_user" into data name "": row count=1
20180415 19304927  $  -    		00.000.153
20180415 19304927  $  -    	00.000.251
20180415 19304929  $  +    	ubMixinClasses.TubStorageMixin(02D642C0).MixinMethod
20180415 19304929  $ debug 		uba_advSecurity.select(TubStorageMixin)
20180415 19304929  $  +    		ubApp.TubDataStore(07D9A320).Init
20180415 19304929  $  +    			ubApp.TubApp(02D13EE0).DBExecute
20180415 19304929  $  +    				ubApp.TubApp(02D13EE0).TubApp.InternalDBExecute
20180415 19304929  $ debug 					P1: Int64		10
20180415 19304929  $ SQL   					ubDBSQLite3ThreadSafe.TubSQLite3Statement(02DC82F0) SELECT A01.ID,A01.allowedIP,A01.refreshIP,A01.fp,A01.refreshFp,A01.keyMediaName,A01.refreshKeyMedia,A01.mi_modifyDate  FROM uba_advSecurity A01  WHERE A01.userID=?
20180415 19304929  $  -    				00.000.061
20180415 19304929  $  -    			00.000.146
20180415 19304929  $ debug 			Query result for entity "uba_advSecurity" into data name "": row count=0
20180415 19304929  $  -    		00.000.172
20180415 19304929  $  -    	00.000.795
20180415 19304929  $  +    	ubMixinClasses.TubStorageMixin(02D642C0).MixinMethod
20180415 19304929  $ debug 		uba_userrole.select(TubStorageMixin)
20180415 19304929  $  +    		ubApp.TubDataStore(07D9A320).Init
20180415 19304929  $  +    			ubApp.TubApp(02D13EE0).DBExecute
20180415 19304929  $  +    				ubApp.TubApp(02D13EE0).TubApp.InternalDBExecute
20180415 19304929  $ debug 					P1: Int64		10
20180415 19304929  $ SQL   					ubDBSQLite3ThreadSafe.TubSQLite3Statement(02DC8350) SELECT A01.ID,A02.name,A01.roleID  FROM uba_userrole A01  INNER JOIN uba_role A02 ON A02.ID=A01.roleID  WHERE A01.userID=?
20180415 19304929  $  -    				00.000.060
20180415 19304929  $  -    			00.000.144
20180415 19304929  $ debug 			Query result for entity "uba_userrole" into data name "": row count=1
20180415 19304929  $  -    		00.000.153
20180415 19304929  $  -    	00.000.232
20180415 19304929  $  +    	ubMixinClasses.TubStorageMixin(02D642C0).MixinMethod
20180415 19304929  $ debug 		uba_audit.beforeinsert(TubStorageMixin)
20180415 19304929  $  -    	00.000.009
20180415 19304929  $  +    	ubMixinClasses.TubStorageMixin(02D642C0).MixinMethod
20180415 19304929  $ debug 		uba_audit.insert(TubStorageMixin)
20180415 19304929  $  +    		ubApp.TubDataStore(06D61270).TubDataStore.ExecuteInsertFromList
20180415 19304929  $  +    			ubApp.TubDataStore(06D61270).TubDataStore.ExecuteInsertFromSQL
20180415 19304929  $  +    				ubApp.TubApp(02D13EE0).DBExecute
20180415 19304929  $  +    					ubApp.TubApp(02D13EE0).TubApp.InternalDBExecute
20180415 19304929  $ debug 						P1: String(8)	uba_user
20180415 19304929  $ debug 						P2: Int64		10
20180415 19304929  $ debug 						P3: String(5)	LOGIN
20180415 19304929  $ debug 						P4: Int64		10
20180415 19304929  $ debug 						P5: DateTime	2018-04-15T19:30:49
20180415 19304929  $ debug 						P6: String(9)	127.0.0.1
20180415 19304929  $ debug 						P7: String(5)	admin
20180415 19304929  $ debug 						P8: String(0)	
20180415 19304929  $ debug 						P9: Int64		335786531487745
20180415 19304929  $ debug 						P10: String(313..)	Cache-Control: no-cache  Connection: Keep-Alive  Pragma: no-cache  Accept: */*  Accept-Encoding: gzi...
20180415 19304929  $ DB    						StartTransaction for connection "main"
20180415 19304929  $ SQL   						ubDBSQLite3ThreadSafe.TubSQLite3Statement(02DC8410) INSERT INTO uba_audit (entity,entityinfo_id,actionType,actionUser,actionTime,remoteIP,targetUser,targetRole,ID,fromValue) VALUES (?,?,?,?,?,?,?,?,?,?)
20180415 19304929  $  -    					00.000.116
20180415 19304929  $  -    				00.000.117
20180415 19304929  $  -    			00.000.210
20180415 19304929  $  -    		00.000.221
20180415 19304929  $  -    	00.000.226
20180415 19304929  $  +    	ubMixinClasses.TubStorageMixin(02D642C0).MixinMethod
20180415 19304929  $ debug 		uba_audit.afterinsert(TubStorageMixin)
20180415 19304929  $  -    	00.000.003
20180415 19304929  $ DB    	Commit connection "main"
20180415 19304929  $ http  	127.0.0.1 <- 200
20180415 19304929  $  -    00.245.203
20180415 19304929  %  +    ubql
20180415 19304929  % http  	127.0.0.1 -> POST ubql
20180415 19304929  % http  	[{"entity":"ubm_desktop","method":"select","fieldList":["ID"],"options":{"limit":1},"whereList":{"lookup":{"expression":"code","condition":"equal","values":{"code":"CityReq_desktop"}}}}]
20180415 19304929  % debug 	Create new JavaScript Engine for thread 27084
20180415 19304942  % auth  	admin/94122210
20180415 19304942  % call  	endpoint ubql
20180415 19304942  %  +    	ubMixinClasses.TubRLSMixin(02D64E20).MixinMethod
20180415 19304942  % debug 		ubm_desktop.select(TubRLSMixin)
20180415 19304942  % debug 		Prepare RLS expression for ubm_desktop
20180415 19304942  %  +    		ubApp.TubDataStore(07D9D048).Init
20180415 19304942  %  +    			ubApp.TubApp(02D13EE0).DBExecute
20180415 19304942  %  +    				ubApp.TubApp(02D13EE0).TubApp.InternalDBExecute
20180415 19304942  %  +    					00856EC2 
20180415 19304942  %  -    					00.002.155
20180415 19304942  % SQL   					ubDBSQLite3ThreadSafe.TubSQLite3Statement(02DC8E30) PRAGMA foreign_keys = ON
20180415 19304942  % SQL   					ubDBSQLite3ThreadSafe.TubSQLite3Statement(02DC87D0) select ID, name FROM uba_role
20180415 19304942  %  -    				00.002.185
20180415 19304943  %  -    			00.002.246
20180415 19304943  % debug 			Query result for entity "uba_role" into data name "": row count=8
20180415 19304943  %  -    		00.002.257
20180415 19304943  %  -    	00.003.248
20180415 19304943  %  +    	ubMixinClasses.TubStorageMixin(02D642C0).MixinMethod
20180415 19304943  % debug 		ubm_desktop.select(TubStorageMixin)
20180415 19304943  %  +    		ubApp.TubDataStore(07D9CF30).Init
20180415 19304943  %  +    			ubApp.TubApp(02D13EE0).DBExecute
20180415 19304943  %  +    				ubApp.TubApp(02D13EE0).TubApp.InternalDBExecute
20180415 19304943  % debug 					P1: String(15)	CityReq_desktop
20180415 19304943  % debug 					P2: Int64		10
20180415 19304943  % debug 					P3: Int64		10
20180415 19304943  % debug 					P4: DateTime	9999-12-31T00:00:00
20180415 19304943  % SQL   					ubDBSQLite3ThreadSafe.TubSQLite3Statement(02DC8EF0) SELECT A01.ID  FROM ubm_desktop A01  WHERE code=? AND (( A01.mi_owner = ? ) OR (1=1) OR exists (select 1 from ubm_desktop_adm admsubtable where admsubtable.instanceID = A01.ID and admsubtable.admSubjID in (select ur.RoleID from uba_userrole ur where ur.UserID = ? union select 10))) AND A01.mi_deleteDate=? LIMIT 1 OFFSET 0 
20180415 19304943  %  -    				00.000.096
20180415 19304943  %  -    			00.000.169
20180415 19304943  % debug 			Query result for entity "ubm_desktop" into data name "": row count=1
20180415 19304943  %  -    		00.000.180
20180415 19304943  %  -    	00.000.301
20180415 19304943  % http  	127.0.0.1 <- 200
20180415 19304943  %  -    00.207.849
20180415 19304943  &  +    ubql
20180415 19304943  & http  	127.0.0.1 -> POST ubql
20180415 19304943  & http  	[{"entity":"ubm_navshortcut","method":"select","fieldList":["ID"],"options":{"limit":1},"whereList":{"lookup":{"expression":"code","condition":"equal","values":{"code":"req_departments_folder"}}}}]
20180415 19304943  & debug 	Create new JavaScript Engine for thread 29620
20180415 19304956  & auth  	admin/94122210
20180415 19304956  & call  	endpoint ubql
20180415 19304956  &  +    	ubMixinClasses.TubRLSMixin(02D64E20).MixinMethod
20180415 19304956  & debug 		ubm_navshortcut.select(TubRLSMixin)
20180415 19304956  & debug 		Prepare RLS expression for ubm_navshortcut
20180415 19304956  &  +    		ubApp.TubDataStore(07D85A38).Init
20180415 19304956  &  +    			ubApp.TubApp(02D13EE0).DBExecute
20180415 19304956  &  +    				ubApp.TubApp(02D13EE0).TubApp.InternalDBExecute
20180415 19304956  &  +    					00856EC2 
20180415 19304956  &  -    					00.002.243
20180415 19304956  & SQL   					ubDBSQLite3ThreadSafe.TubSQLite3Statement(02DC97F0) PRAGMA foreign_keys = ON
20180415 19304956  & SQL   					ubDBSQLite3ThreadSafe.TubSQLite3Statement(02DC9190) select ID, name FROM uba_role
20180415 19304956  &  -    				00.002.274
20180415 19304956  &  -    			00.002.313
20180415 19304956  & debug 			Query result for entity "uba_role" into data name "": row count=8
20180415 19304956  &  -    		00.002.324
20180415 19304956  &  -    	00.003.204
20180415 19304956  &  +    	ubMixinClasses.TubStorageMixin(02D642C0).MixinMethod
20180415 19304956  & debug 		ubm_navshortcut.select(TubStorageMixin)
20180415 19304956  &  +    		ubApp.TubDataStore(07D85970).Init
20180415 19304956  &  +    			ubApp.TubApp(02D13EE0).DBExecute
20180415 19304956  &  +    				ubApp.TubApp(02D13EE0).TubApp.InternalDBExecute
20180415 19304956  & debug 					P1: String(22)	req_departments_folder
20180415 19304956  & debug 					P2: Int64		10
20180415 19304956  & debug 					P3: Int64		10
20180415 19304956  & debug 					P4: DateTime	9999-12-31T00:00:00
20180415 19304956  & SQL   					ubDBSQLite3ThreadSafe.TubSQLite3Statement(02DC98B0) SELECT A01.ID  FROM ubm_navshortcut A01  WHERE code=? AND (( A01.mi_owner = ? ) OR                (1=1) OR                              exists (select 1 from ubm_navshortcut_adm admsubtable where admsubtable.instanceID = A01.ID and admsubtable.admSubjID in (select ur.RoleID from uba_userrole ur where ur.UserID = ? union select 10))) AND A01.mi_deleteDate=? LIMIT 1 OFFSET 0 
20180415 19304956  &  -    				00.000.120
20180415 19304956  &  -    			00.000.229
20180415 19304956  & debug 			Query result for entity "ubm_navshortcut" into data name "": row count=1
20180415 19304956  &  -    		00.000.246
20180415 19304956  &  -    	00.000.370
20180415 19304956  & http  	127.0.0.1 <- 200
20180415 19304956  &  -    00.212.665
20180415 19304956  '  +    ubql
20180415 19304956  ' http  	127.0.0.1 -> POST ubql
20180415 19304956  ' http  	[{"entity":"ubm_navshortcut","method":"select","fieldList":["ID"],"options":{"limit":1},"whereList":{"lookup":{"expression":"code","condition":"equal","values":{"code":"req_depart"}}}}]
20180415 19304956  ' debug 	Create new JavaScript Engine for thread 41336
20180415 19305007  ' auth  	admin/94122210
20180415 19305007  ' call  	endpoint ubql
20180415 19305007  '  +    	ubMixinClasses.TubRLSMixin(02D64E20).MixinMethod
20180415 19305007  ' debug 		ubm_navshortcut.select(TubRLSMixin)
20180415 19305007  ' debug 		Prepare RLS expression for ubm_navshortcut
20180415 19305007  '  +    		ubApp.TubDataStore(07D89D40).Init
20180415 19305007  '  +    			ubApp.TubApp(02D13EE0).DBExecute
20180415 19305007  '  +    				ubApp.TubApp(02D13EE0).TubApp.InternalDBExecute
20180415 19305007  '  +    					00856EC2 
20180415 19305007  '  -    					00.002.194
20180415 19305007  ' SQL   					ubDBSQLite3ThreadSafe.TubSQLite3Statement(02DCA210) PRAGMA foreign_keys = ON
20180415 19305007  ' SQL   					ubDBSQLite3ThreadSafe.TubSQLite3Statement(02DC9BB0) select ID, name FROM uba_role
20180415 19305007  '  -    				00.002.224
20180415 19305007  '  -    			00.002.265
20180415 19305007  ' debug 			Query result for entity "uba_role" into data name "": row count=8
20180415 19305007  '  -    		00.002.275
20180415 19305007  '  -    	00.003.069
20180415 19305007  '  +    	ubMixinClasses.TubStorageMixin(02D642C0).MixinMethod
20180415 19305007  ' debug 		ubm_navshortcut.select(TubStorageMixin)
20180415 19305007  '  +    		ubApp.TubDataStore(07D89C78).Init
20180415 19305007  '  +    			ubApp.TubApp(02D13EE0).DBExecute
20180415 19305007  '  +    				ubApp.TubApp(02D13EE0).TubApp.InternalDBExecute
20180415 19305007  ' debug 					P1: String(10)	req_depart
20180415 19305007  ' debug 					P2: Int64		10
20180415 19305007  ' debug 					P3: Int64		10
20180415 19305007  ' debug 					P4: DateTime	9999-12-31T00:00:00
20180415 19305007  ' SQL   					ubDBSQLite3ThreadSafe.TubSQLite3Statement(02DCA2D0) SELECT A01.ID  FROM ubm_navshortcut A01  WHERE code=? AND (( A01.mi_owner = ? ) OR                (1=1) OR                              exists (select 1 from ubm_navshortcut_adm admsubtable where admsubtable.instanceID = A01.ID and admsubtable.admSubjID in (select ur.RoleID from uba_userrole ur where ur.UserID = ? union select 10))) AND A01.mi_deleteDate=? LIMIT 1 OFFSET 0 
20180415 19305007  '  -    				00.000.081
20180415 19305007  '  -    			00.000.166
20180415 19305007  ' debug 			Query result for entity "ubm_navshortcut" into data name "": row count=1
20180415 19305007  '  -    		00.000.179
20180415 19305007  '  -    	00.000.305
20180415 19305007  ' http  	127.0.0.1 <- 200
20180415 19305007  '  -    00.208.268
20180415 19305007  (  +    ubql
20180415 19305007  ( http  	127.0.0.1 -> POST ubql
20180415 19305007  ( http  	[{"entity":"ubm_navshortcut","method":"select","fieldList":["ID"],"options":{"limit":1},"whereList":{"lookup":{"expression":"code","condition":"equal","values":{"code":"req_subDepart"}}}}]
20180415 19305007  ( debug 	Create new JavaScript Engine for thread 42672
20180415 19305020  ( auth  	admin/94122210
20180415 19305020  ( call  	endpoint ubql
20180415 19305020  (  +    	ubMixinClasses.TubRLSMixin(02D64E20).MixinMethod
20180415 19305020  ( debug 		ubm_navshortcut.select(TubRLSMixin)
20180415 19305020  ( debug 		Prepare RLS expression for ubm_navshortcut
20180415 19305020  (  +    		ubApp.TubDataStore(0D638018).Init
20180415 19305020  (  +    			ubApp.TubApp(02D13EE0).DBExecute
20180415 19305020  (  +    				ubApp.TubApp(02D13EE0).TubApp.InternalDBExecute
20180415 19305020  (  +    					00856EC2 
20180415 19305020  (  -    					00.002.102
20180415 19305020  ( SQL   					ubDBSQLite3ThreadSafe.TubSQLite3Statement(02DCABD0) PRAGMA foreign_keys = ON
20180415 19305020  ( SQL   					ubDBSQLite3ThreadSafe.TubSQLite3Statement(02DCA570) select ID, name FROM uba_role
20180415 19305020  (  -    				00.002.137
20180415 19305020  (  -    			00.002.177
20180415 19305020  ( debug 			Query result for entity "uba_role" into data name "": row count=8
20180415 19305020  (  -    		00.002.188
20180415 19305020  (  -    	00.003.073
20180415 19305020  (  +    	ubMixinClasses.TubStorageMixin(02D642C0).MixinMethod
20180415 19305020  ( debug 		ubm_navshortcut.select(TubStorageMixin)
20180415 19305020  (  +    		ubApp.TubDataStore(0D637F50).Init
20180415 19305020  (  +    			ubApp.TubApp(02D13EE0).DBExecute
20180415 19305020  (  +    				ubApp.TubApp(02D13EE0).TubApp.InternalDBExecute
20180415 19305020  ( debug 					P1: String(13)	req_subDepart
20180415 19305020  ( debug 					P2: Int64		10
20180415 19305020  ( debug 					P3: Int64		10
20180415 19305020  ( debug 					P4: DateTime	9999-12-31T00:00:00
20180415 19305020  ( SQL   					ubDBSQLite3ThreadSafe.TubSQLite3Statement(02DCAC90) SELECT A01.ID  FROM ubm_navshortcut A01  WHERE code=? AND (( A01.mi_owner = ? ) OR                (1=1) OR                              exists (select 1 from ubm_navshortcut_adm admsubtable where admsubtable.instanceID = A01.ID and admsubtable.admSubjID in (select ur.RoleID from uba_userrole ur where ur.UserID = ? union select 10))) AND A01.mi_deleteDate=? LIMIT 1 OFFSET 0 
20180415 19305020  (  -    				00.000.084
20180415 19305020  (  -    			00.000.177
20180415 19305020  ( debug 			Query result for entity "ubm_navshortcut" into data name "": row count=1
20180415 19305020  (  -    		00.000.190
20180415 19305020  (  -    	00.000.306
20180415 19305020  ( http  	127.0.0.1 <- 200
20180415 19305020  (  -    00.211.333
20180415 19305020  )  +    ubql
20180415 19305020  ) http  	127.0.0.1 -> POST ubql
20180415 19305020  ) http  	[{"entity":"ubm_navshortcut","method":"select","fieldList":["ID"],"options":{"limit":1},"whereList":{"lookup":{"expression":"code","condition":"equal","values":{"code":"req_reqList"}}}}]
20180415 19305020  ) debug 	Create new JavaScript Engine for thread 5312
20180415 19305033  ) auth  	admin/94122210
20180415 19305033  ) call  	endpoint ubql
20180415 19305033  )  +    	ubMixinClasses.TubRLSMixin(02D64E20).MixinMethod
20180415 19305033  ) debug 		ubm_navshortcut.select(TubRLSMixin)
20180415 19305033  ) debug 		Prepare RLS expression for ubm_navshortcut
20180415 19305033  )  +    		ubApp.TubDataStore(0D63C320).Init
20180415 19305033  )  +    			ubApp.TubApp(02D13EE0).DBExecute
20180415 19305033  )  +    				ubApp.TubApp(02D13EE0).TubApp.InternalDBExecute
20180415 19305033  )  +    					00856EC2 
20180415 19305033  )  -    					00.002.231
20180415 19305033  ) SQL   					ubDBSQLite3ThreadSafe.TubSQLite3Statement(02DCB590) PRAGMA foreign_keys = ON
20180415 19305033  ) SQL   					ubDBSQLite3ThreadSafe.TubSQLite3Statement(02DCAF30) select ID, name FROM uba_role
20180415 19305033  )  -    				00.002.286
20180415 19305033  )  -    			00.002.337
20180415 19305033  ) debug 			Query result for entity "uba_role" into data name "": row count=8
20180415 19305033  )  -    		00.002.347
20180415 19305033  )  -    	00.003.140
20180415 19305033  )  +    	ubMixinClasses.TubStorageMixin(02D642C0).MixinMethod
20180415 19305033  ) debug 		ubm_navshortcut.select(TubStorageMixin)
20180415 19305033  )  +    		ubApp.TubDataStore(0D63C258).Init
20180415 19305033  )  +    			ubApp.TubApp(02D13EE0).DBExecute
20180415 19305033  )  +    				ubApp.TubApp(02D13EE0).TubApp.InternalDBExecute
20180415 19305033  ) debug 					P1: String(11)	req_reqList
20180415 19305033  ) debug 					P2: Int64		10
20180415 19305033  ) debug 					P3: Int64		10
20180415 19305033  ) debug 					P4: DateTime	9999-12-31T00:00:00
20180415 19305033  ) SQL   					ubDBSQLite3ThreadSafe.TubSQLite3Statement(02DCB650) SELECT A01.ID  FROM ubm_navshortcut A01  WHERE code=? AND (( A01.mi_owner = ? ) OR                (1=1) OR                              exists (select 1 from ubm_navshortcut_adm admsubtable where admsubtable.instanceID = A01.ID and admsubtable.admSubjID in (select ur.RoleID from uba_userrole ur where ur.UserID = ? union select 10))) AND A01.mi_deleteDate=? LIMIT 1 OFFSET 0 
20180415 19305033  )  -    				00.000.089
20180415 19305033  )  -    			00.000.184
20180415 19305033  ) debug 			Query result for entity "ubm_navshortcut" into data name "": row count=1
20180415 19305033  )  -    		00.000.197
20180415 19305033  )  -    	00.000.304
20180415 19305033  ) http  	127.0.0.1 <- 200
20180415 19305033  )  -    00.210.147
20180415 19305038  "  +    ubql
20180415 19305038  " http  	127.0.0.1 -> POST ubql
20180415 19305038  " http  	[{"entity":"ubm_enum","method":"select","fieldList":["code"],"options":{"limit":1},"whereList":{"c1":{"expression":"[code]","condition":"equal","values":{"c1":"NEW"}}}}]
20180415 19305038  " auth  	admin/94122210
20180415 19305038  " call  	endpoint ubql
20180415 19305038  "  +    	ubMixinClasses.TubStorageMixin(02D642C0).MixinMethod
20180415 19305038  " debug 		ubm_enum.select(TubStorageMixin)
20180415 19305038  "  +    		ubApp.TubDataStore(0D63C0F0).Init
20180415 19305038  "  +    			ubApp.TubApp(02D13EE0).DBExecute
20180415 19305038  "  +    				ubApp.TubApp(02D13EE0).TubApp.InternalDBExecute
20180415 19305038  " debug 					P1: String(3)	NEW
20180415 19305038  " debug 					P2: DateTime	9999-12-31T00:00:00
20180415 19305038  " SQL   					ubDBSQLite3ThreadSafe.TubSQLite3Statement(02DCB710) SELECT A01.code  FROM ubm_enum A01  WHERE A01.code=? AND A01.mi_deleteDate=? LIMIT 1 OFFSET 0 
20180415 19305038  "  -    				00.000.057
20180415 19305038  "  -    			00.000.157
20180415 19305038  " debug 			Query result for entity "ubm_enum" into data name "": row count=1
20180415 19305038  "  -    		00.000.167
20180415 19305038  "  -    	00.000.257
20180415 19305038  " http  	127.0.0.1 <- 200
20180415 19305038  "  -    00.000.598
20180415 19305038  #  +    ubql
20180415 19305038  # http  	127.0.0.1 -> POST ubql
20180415 19305038  # http  	[{"entity":"ubm_enum","method":"select","fieldList":["code"],"options":{"limit":1},"whereList":{"c1":{"expression":"[code]","condition":"equal","values":{"c1":"PROCESSED"}}}}]
20180415 19305038  # auth  	admin/94122210
20180415 19305038  # call  	endpoint ubql
20180415 19305038  #  +    	ubMixinClasses.TubStorageMixin(02D642C0).MixinMethod
20180415 19305038  # debug 		ubm_enum.select(TubStorageMixin)
20180415 19305038  #  +    		ubApp.TubDataStore(0D63C118).Init
20180415 19305038  #  +    			ubApp.TubApp(02D13EE0).DBExecute
20180415 19305038  #  +    				ubApp.TubApp(02D13EE0).TubApp.InternalDBExecute
20180415 19305038  #  +    					00856EC2 
20180415 19305038  #  -    					00.002.177
20180415 19305038  # SQL   					ubDBSQLite3ThreadSafe.TubSQLite3Statement(02DCBDD0) PRAGMA foreign_keys = ON
20180415 19305038  # debug 					P1: String(9)	PROCESSED
20180415 19305038  # debug 					P2: DateTime	9999-12-31T00:00:00
20180415 19305038  # SQL   					ubDBSQLite3ThreadSafe.TubSQLite3Statement(02DCB7D0) SELECT A01.code  FROM ubm_enum A01  WHERE A01.code=? AND A01.mi_deleteDate=? LIMIT 1 OFFSET 0 
20180415 19305038  #  -    				00.002.266
20180415 19305038  #  -    			00.002.326
20180415 19305038  # debug 			Query result for entity "ubm_enum" into data name "": row count=1
20180415 19305038  #  -    		00.002.342
20180415 19305038  #  -    	00.002.425
20180415 19305038  # http  	127.0.0.1 <- 200
20180415 19305038  #  -    00.002.736
20180415 19305038  $  +    ubql
20180415 19305038  $ http  	127.0.0.1 -> POST ubql
20180415 19305038  $ http  	[{"entity":"ubm_enum","method":"select","fieldList":["code"],"options":{"limit":1},"whereList":{"c1":{"expression":"[code]","condition":"equal","values":{"c1":"REJECTED"}}}}]
20180415 19305038  $ auth  	admin/94122210
20180415 19305038  $ call  	endpoint ubql
20180415 19305038  $  +    	ubMixinClasses.TubStorageMixin(02D642C0).MixinMethod
20180415 19305038  $ debug 		ubm_enum.select(TubStorageMixin)
20180415 19305038  $  +    		ubApp.TubDataStore(0D63C2F8).Init
20180415 19305038  $  +    			ubApp.TubApp(02D13EE0).DBExecute
20180415 19305038  $  +    				ubApp.TubApp(02D13EE0).TubApp.InternalDBExecute
20180415 19305038  $ debug 					P1: String(8)	REJECTED
20180415 19305038  $ debug 					P2: DateTime	9999-12-31T00:00:00
20180415 19305038  $ SQL   					ubDBSQLite3ThreadSafe.TubSQLite3Statement(02DCBE30) SELECT A01.code  FROM ubm_enum A01  WHERE A01.code=? AND A01.mi_deleteDate=? LIMIT 1 OFFSET 0 
20180415 19305038  $  -    				00.000.108
20180415 19305038  $  -    			00.000.218
20180415 19305038  $ debug 			Query result for entity "ubm_enum" into data name "": row count=1
20180415 19305038  $  -    		00.000.230
20180415 19305038  $  -    	00.000.312
20180415 19305038  $ http  	127.0.0.1 <- 200
20180415 19305038  $  -    00.000.624
20180415 19305038  %  +    ubql
20180415 19305038  % http  	127.0.0.1 -> POST ubql
20180415 19305038  % http  	[{"entity":"ubm_enum","method":"select","fieldList":["code"],"options":{"limit":1},"whereList":{"c1":{"expression":"[code]","condition":"equal","values":{"c1":"CLOSED"}}}}]
20180415 19305038  % auth  	admin/94122210
20180415 19305038  % call  	endpoint ubql
20180415 19305038  %  +    	ubMixinClasses.TubStorageMixin(02D642C0).MixinMethod
20180415 19305038  % debug 		ubm_enum.select(TubStorageMixin)
20180415 19305038  %  +    		ubApp.TubDataStore(0D63C258).Init
20180415 19305038  %  +    			ubApp.TubApp(02D13EE0).DBExecute
20180415 19305038  %  +    				ubApp.TubApp(02D13EE0).TubApp.InternalDBExecute
20180415 19305038  % debug 					P1: String(6)	CLOSED
20180415 19305038  % debug 					P2: DateTime	9999-12-31T00:00:00
20180415 19305038  % SQL   					ubDBSQLite3ThreadSafe.TubSQLite3Statement(02DCBDD0) SELECT A01.code  FROM ubm_enum A01  WHERE A01.code=? AND A01.mi_deleteDate=? LIMIT 1 OFFSET 0 
20180415 19305038  %  -    				00.000.061
20180415 19305038  %  -    			00.000.136
20180415 19305038  % debug 			Query result for entity "ubm_enum" into data name "": row count=1
20180415 19305038  %  -    		00.000.146
20180415 19305038  %  -    	00.000.224
20180415 19305038  % http  	127.0.0.1 <- 200
20180415 19305038  %  -    00.000.490
20180415 19305039  &  +    ubql
20180415 19305039  & http  	127.0.0.1 -> POST ubql
20180415 19305039  & http  	[{"entity":"req_depart","method":"select","fieldList":["ID"],"options":{"limit":1},"whereList":{"c1":{"expression":"[name]","condition":"equal","values":{"c1":"Departments of health"}}}}]
20180415 19305039  & auth  	admin/94122210
20180415 19305039  & call  	endpoint ubql
20180415 19305039  &  +    	ubMixinClasses.TubStorageMixin(02D642C0).MixinMethod
20180415 19305039  & debug 		req_depart.select(TubStorageMixin)
20180415 19305039  &  +    		ubApp.TubDataStore(0D63C2D0).Init
20180415 19305039  &  +    			ubApp.TubApp(02D13EE0).DBExecute
20180415 19305039  &  +    				ubApp.TubApp(02D13EE0).TubApp.InternalDBExecute
20180415 19305039  & debug 					P1: String(21)	Departments of health
20180415 19305039  & SQL   					ubDBSQLite3ThreadSafe.TubSQLite3Statement(02DCB5F0) SELECT A01.ID  FROM req_depart A01  WHERE A01.name=? LIMIT 1 OFFSET 0 
20180415 19305039  &  -    				00.000.065
20180415 19305039  &  -    			00.000.273
20180415 19305039  & debug 			Query result for entity "req_depart" into data name "": row count=1
20180415 19305039  &  -    		00.000.289
20180415 19305039  &  -    	00.000.429
20180415 19305039  & http  	127.0.0.1 <- 200
20180415 19305039  &  -    00.000.977
20180415 19305039  '  +    ubql
20180415 19305039  ' http  	127.0.0.1 -> POST ubql
20180415 19305039  ' http  	[{"entity":"req_depart","method":"select","fieldList":["ID"],"options":{"limit":1},"whereList":{"c1":{"expression":"[name]","condition":"equal","values":{"c1":"Departments of education"}}}}]
20180415 19305039  ' auth  	admin/94122210
20180415 19305039  ' call  	endpoint ubql
20180415 19305039  '  +    	ubMixinClasses.TubStorageMixin(02D642C0).MixinMethod
20180415 19305039  ' debug 		req_depart.select(TubStorageMixin)
20180415 19305039  '  +    		ubApp.TubDataStore(0D63C258).Init
20180415 19305039  '  +    			ubApp.TubApp(02D13EE0).DBExecute
20180415 19305039  '  +    				ubApp.TubApp(02D13EE0).TubApp.InternalDBExecute
20180415 19305039  ' debug 					P1: String(24)	Departments of education
20180415 19305039  ' SQL   					ubDBSQLite3ThreadSafe.TubSQLite3Statement(02DCBE90) SELECT A01.ID  FROM req_depart A01  WHERE A01.name=? LIMIT 1 OFFSET 0 
20180415 19305039  '  -    				00.000.043
20180415 19305039  '  -    			00.000.129
20180415 19305039  ' debug 			Query result for entity "req_depart" into data name "": row count=1
20180415 19305039  '  -    		00.000.139
20180415 19305039  '  -    	00.000.230
20180415 19305039  ' http  	127.0.0.1 <- 200
20180415 19305039  '  -    00.000.491
20180415 19305046  ! info  ubApp.TubApp(02D13EE0) {   "ClientsCurrent": 1,   "ClientsMax": 1,   "Invalid": 0,   "Responses": 14,   "Modified": 0,   "IncomingBytes": 6883,   "OutcomingBytes": 3205,   "OutcomingFiles": 0,   "ServiceCalls": 14,   "ProcessTime": "1.50s"  }
