c:\UnityBase\UB.exe 4.0.0.0 (2018-02-22 16:30:16)Host=WDFN34211327A User=D071860 CPU=4*9-6-19971:FFFBCBBF8373DAFEBF6F9C0000 OS=23.0=10.0.15063 Wow64=1 Freq=2437498Environment variables=ALLUSERSPROFILE=C:\ProgramData	ANSICON=121x32766 (121x26)	ANSICON_DEF=7	APPDATA=C:\Users\D071860\AppData\Roaming	CommonProgramFiles=C:\Program Files (x86)\Common Files	CommonProgramFiles(x86)=C:\Program Files (x86)\Common Files	CommonProgramW6432=C:\Program Files\Common Files	COMPUTERNAME=WDFN34211327A	ComSpec=C:\WINDOWS\system32\cmd.exe	ConEmuANSI=ON	ConEmuAnsiLog=	ConEmuArgs=	ConEmuArgs2=	ConEmuBackHWND=0x001105EE	ConEmuBaseDir=C:\Program Files\ConEmu\ConEmu	ConEmuBaseDirShort=C:\PROGRA~1\ConEmu\ConEmu	ConEmuBuild=180411	ConEmuCfgDir=	ConEmuConfig=	ConEmuDir=C:\Program Files\ConEmu	ConEmuDrawHWND=0x001B0306	ConEmuDrive=C:	ConEmuHooks=Enabled	ConEmuHWND=0x001904C6	ConEmuPalette=<ConEmu>	ConEmuPID=1208	ConEmuPrompt0=$E[m$E[32m$E]9;8;"USERNAME"$E\@$E]9;8;"COMPUTERNAME"$E\$S	ConEmuPrompt1=$E[m$E[32m$E]9;8;"USERNAME"$E\@$E]9;8;"COMPUTERNAME"$E\$S$E[92m$P$E[90m	ConEmuPrompt2=$_$E[90m$G	ConEmuPrompt3=$E[m$S$E]9;12$E\	ConEmuServerPID=5468	ConEmuTask={Shells::cmd}	ConEmuWorkDir=C:\Users\D071860	ConEmuWorkDrive=C:	DEFLOGDIR=C:\ProgramData\McAfee\Endpoint Security\Logs	HOMEDRIVE=C:	homeloc=D_WDF	HOMEPATH=\Users\D071860	KUBECONFIG=C:\Practice\kubernetes\RUSLAN-KUBECONFIG	LOCALAPPDATA=C:\Users\D071860\AppData\Local	LOGONSERVER=\\DS2WDF0004	NUMBER_OF_PROCESSORS=4	OneDrive=C:\Users\D071860\OneDrive	OS=Windows_NT	Path=C:\Program Files\ConEmu\ConEmu\Scripts;C:\Program Files\ConEmu;C:\Program Files\ConEmu\ConEmu;C:\ProgramData\Oracle\Java\javapath;C:\Program Files\Docker\Docker\Resources\bin;C:\WINDOWS\system32;C:\WINDOWS;C:\WINDOWS\System32\Wbem;C:\WINDOWS\System32\WindowsPowerShell\v1.0\;C:\Program Files\Minikube;C:\Program Files\Kubernetes;C:\Program Files (x86)\Google\Cloud SDK\google-cloud-sdk\bin;C:\Program Files\PuTTY\;C:\Program Files\nodejs\;c:\UnityBase;C:\Users\D071860\AppData\Local\Microsoft\WindowsApps;C:\Users\D071860\AppData\Roaming\npm	PATHEXT=.COM;.EXE;.BAT;.CMD;.VBS;.VBE;.JSE;.WSF;.WSH;.MSC	PROCESSOR_ARCHITECTURE=x86	PROCESSOR_ARCHITEW6432=AMD64	PROCESSOR_IDENTIFIER=Intel64 Family 6 Model 78 Stepping 3, GenuineIntel	PROCESSOR_LEVEL=6	PROCESSOR_REVISION=4e03	ProgramData=C:\ProgramData	ProgramFiles=C:\Program Files (x86)	ProgramFiles(x86)=C:\Program Files (x86)	ProgramW6432=C:\Program Files	PROMPT=$E[m$E[32m$E]9;8;"USERNAME"$E\@$E]9;8;"COMPUTERNAME"$E\$S$E[92m$P$E[90m$_$E[90m$G$E[m$S$E]9;12$E\	PSModulePath=C:\Program Files (x86)\WindowsPowerShell\Modules;C:\WINDOWS\system32\WindowsPowerShell\v1.0\Modules;C:\Program Files (x86)\Google\Cloud SDK\google-cloud-sdk\platform\PowerShell	PUBLIC=C:\Users\Public	SESSIONNAME=Console	SNC_LIB=C:\Program Files (x86)\SAP\FrontEnd\SecureLogin\lib\sapcrypto.dll	SNC_LIB_64=C:\Program Files\SAP\FrontEnd\SecureLogin\lib\sapcrypto.dll	SSF_LIBRARY_PATH=C:\Program Files (x86)\SAP\FrontEnd\SecureLogin\lib\sapcrypto.dll	SSF_LIBRARY_PATH_64=C:\Program Files\SAP\FrontEnd\SecureLogin\lib\sapcrypto.dll	SystemDrive=C:	SystemRoot=C:\WINDOWS	TEMP=C:\Users\D071860\AppData\Local\Temp	TMP=C:\Users\D071860\AppData\Local\Temp	UATDATA=C:\WINDOWS\CCM\UATData\D9F8C395-CAB8-491d-B8AC-179A1FE1BE77	UB_HOME=c:\UnityBase	USERDNSDOMAIN=GLOBAL.CORP.SAP	USERDOMAIN=GLOBAL	USERDOMAIN_ROAMINGPROFILE=GLOBAL	USERNAME=D071860	USERPROFILE=C:\Users\D071860	windir=C:\WINDOWSTubLog 1.18.3488 FTS3 2018-04-15T20:20:4420180415 20204434  ! warn  WebSocket support are disabled because WSServer.host = '' in config
20180415 20204434  !  +    ubServer.TubServer(04244D18).008863DB 
20180415 20204434  !  +    	Init app
20180415 20204434  ! srvr  		FTS is disabled
20180415 20204434  ! info  		Check blob store "avatars" folder "C:\ubProject\CityPortal\avatars\": folder exists
20180415 20204434  ! info  		Check blob store "attach" folder "C:\ubProject\CityPortal\docs\attach\": folder exists
20180415 20204434  !  -    	00.000.463
20180415 20204434  !  +    	Folder C:\ubProject\CityPortal\node_modules\@unitybase\ub\ modified
20180415 20204434  !  +    		ubCommonClasses.TubThreadSafeCache(0296CB08).removeStartsWith
20180415 20204434  !  -    		00.000.003
20180415 20204434  !  -    	00.000.007
20180415 20204434  !  +    	ubApp.TubApp(028D3EE0).init
20180415 20204434  ! srvr  		Mime converters are disabled
20180415 20204434  !  -    	00.000.002
20180415 20204434  ! srvr  	Enable zip compresison
20180415 20204434  ! srvr  	Send initialization request to http://localhost:888/init
20180415 20204434  "  +    InitializationRequest
20180415 20204434  "  +    	init
20180415 20204434  " srvr  		Start application intialization...
20180415 20204434  " info  		Loading domain...
20180415 20204434  " info  		Loading model "UB" from "C:\ubProject\CityPortal\node_modules\@unitybase\ub\"
20180415 20204434  " srvr  		The domain loaded successfully with 0 entities
20180415 20204434  " debug 		Create new JavaScript Engine for thread 44156
20180415 20204445  "  +    		008C234A 
20180415 20204445  " warn  			All API method are allowed for Everyone, because "uba_els" entity not found in domain
20180415 20204445  " warn  			ELS: rule "ALLOW_ALL_NO_ELS_ENTITY" does not match any method. Ignored
20180415 20204445  "  -    		00.001.899
20180415 20204445  " warn  		Method changePassword not found in application but set in allowedAppMethods for user
20180415 20204445  " auth  		New session admin/97118076 created at 127.0.0.1/-288230370246130940 using Mozilla/5.0 (Windows; mORMot 1.18 TWinHTTP)
20180415 20204445  " auth  		New session anonymous/97118079 created at 127.0.0.1/-288230370246130940 using Mozilla/5.0 (Windows; mORMot 1.18 TWinHTTP)
20180415 20204445  "  -    	00.172.451
20180415 20204445  "  -    00.172.467
20180415 20204445  ! srvr  	ubServer.TubServer(04244D18) {"THttpApiServer(0289A990)":{"Cloned":false,"RegisteredUrl":"http://+:888/","HTTPQueueLength":1000,"MaxBandwidth":-1,"MaxConnections":-1,"APIVersion":"HTTP API 2.0","ServerName":"UnityBase","ProcessName":""}} initialized
20180415 20204445  !  -    00.178.759
20180415 20204446  "  +    getAppInfo
20180415 20204446  " http  	127.0.0.1 -> GET getAppInfo
20180415 20204446  " call  	endpoint getAppInfo
20180415 20204446  " http  	127.0.0.1 <- 200
20180415 20204446  "  -    00.000.646
20180415 20204447  ! info  ubApp.TubApp(028D3EE0) {   "ClientsCurrent": 0,   "ClientsMax": 0,   "Invalid": 0,   "Responses": 1,   "Modified": 0,   "IncomingBytes": 338,   "OutcomingBytes": 397,   "OutcomingFiles": 0,   "ServiceCalls": 1,   "ProcessTime": "658us"  }
20180415 20204454  ! warn  WebSocket support are disabled because WSServer.host = '' in config
20180415 20204454  !  +    ubServer.TubServer(04244CF0).008863DB 
20180415 20204454  !  +    	Init app
20180415 20204454  ! srvr  		FTS is disabled
20180415 20204454  ! info  		Check blob store "avatars" folder "C:\ubProject\CityPortal\avatars\": folder exists
20180415 20204454  ! info  		Check blob store "attach" folder "C:\ubProject\CityPortal\docs\attach\": folder exists
20180415 20204454  !  -    	00.001.072
20180415 20204454  !  +    	Folder C:\ubProject\CityPortal\node_modules\@unitybase\ub\ modified
20180415 20204454  !  +    		ubCommonClasses.TubThreadSafeCache(0296CB08).removeStartsWith
20180415 20204454  !  -    		00.000.008
20180415 20204454  !  -    	00.000.022
20180415 20204454  !  +    	ubApp.TubApp(028D3EE0).init
20180415 20204454  ! srvr  		Mime converters are disabled
20180415 20204454  !  -    	00.000.004
20180415 20204454  ! srvr  	Enable zip compresison
20180415 20204454  ! srvr  	Send initialization request to http://localhost:888/init
20180415 20204454  #  +    InitializationRequest
20180415 20204454  #  +    	init
20180415 20204454  # srvr  		Start application intialization...
20180415 20204454  # info  		Loading domain...
20180415 20204454  # info  		Loading model "UB" from "C:\ubProject\CityPortal\node_modules\@unitybase\ub\"
20180415 20204454  # srvr  		The domain loaded successfully with 0 entities
20180415 20204454  # debug 		Create new JavaScript Engine for thread 41344
20180415 20204503  #  +    		008C234A 
20180415 20204503  # warn  			All API method are allowed for Everyone, because "uba_els" entity not found in domain
20180415 20204503  # warn  			ELS: rule "ALLOW_ALL_NO_ELS_ENTITY" does not match any method. Ignored
20180415 20204503  #  -    		00.000.907
20180415 20204503  # warn  		Method changePassword not found in application but set in allowedAppMethods for user
20180415 20204503  # auth  		New session admin/97118244 created at 127.0.0.1/-648518344730737988 using Mozilla/5.0 (Windows; mORMot 1.18 TWinHTTP)
20180415 20204503  # auth  		New session anonymous/97118247 created at 127.0.0.1/-648518344730737988 using Mozilla/5.0 (Windows; mORMot 1.18 TWinHTTP)
20180415 20204503  #  -    	00.175.354
20180415 20204503  #  -    00.175.369
20180415 20204503  ! srvr  	ubServer.TubServer(04244CF0) {"THttpApiServer(0289A990)":{"Cloned":false,"RegisteredUrl":"http://+:888/","HTTPQueueLength":1000,"MaxBandwidth":-1,"MaxConnections":-1,"APIVersion":"HTTP API 2.0","ServerName":"UnityBase","ProcessName":""}} initialized
20180415 20204503  !  -    00.182.942
20180415 20204503  #  +    runSQL?CONNECTION=main
20180415 20204503  # http  	127.0.0.1 -> POST runSQL?CONNECTION=main
20180415 20204503  # http  	create table seq_ubmain (client_num INTEGER) /* generateID = clientNum+currentTimeUnixEpoch*100 + 1...99 */
20180415 20204503  # call  	endpoint runSQL
20180415 20204503  #  +    	ubApp.TubApp(028D3EE0).DBExecute
20180415 20204503  #  +    		ubApp.TubApp(028D3EE0).TubApp.InternalDBExecute
20180415 20204503  #  +    			00856EC2 
20180415 20204504  #  -    			00.014.684
20180415 20204504  # SQL   			ubDBSQLite3ThreadSafe.TubSQLite3Statement(02985F50) PRAGMA foreign_keys = ON
20180415 20204504  # DB    			StartTransaction for connection "main"
20180415 20204504  # SQL   			ubDBSQLite3ThreadSafe.TubSQLite3Statement(02985E30) create table seq_ubmain (client_num INTEGER) /* generateID = clientNum+currentTimeUnixEpoch*100 + 1...99 */
20180415 20204504  #  -    		00.022.096
20180415 20204504  #  -    	00.022.104
20180415 20204504  # DB    	Commit connection "main" in 670us
20180415 20204504  # http  	127.0.0.1 <- 200
20180415 20204504  #  -    00.023.168
20180415 20204504  #  +    runSQL?CONNECTION=main
20180415 20204504  # http  	127.0.0.1 -> POST runSQL?CONNECTION=main
20180415 20204504  # http  	insert into seq_ubmain (client_num) values(30000000000)
20180415 20204504  # call  	endpoint runSQL
20180415 20204504  #  +    	ubApp.TubApp(028D3EE0).DBExecute
20180415 20204504  #  +    		ubApp.TubApp(028D3EE0).TubApp.InternalDBExecute
20180415 20204504  # DB    			StartTransaction for connection "main"
20180415 20204504  # SQL   			ubDBSQLite3ThreadSafe.TubSQLite3Statement(02985E30) insert into seq_ubmain (client_num) values(30000000000)
20180415 20204504  #  -    		00.000.070
20180415 20204504  #  -    	00.000.074
20180415 20204504  # DB    	Commit connection "main" in 45us
20180415 20204504  # http  	127.0.0.1 <- 200
20180415 20204504  #  -    00.000.275
20180415 20204504  #  +    runSQL?CONNECTION=main
20180415 20204504  # http  	127.0.0.1 -> POST runSQL?CONNECTION=main
20180415 20204504  # http  	create table uba_user (   ID BIGINT not null PRIMARY KEY,   name VARCHAR(128) not null,   description VARCHAR(255) null,   uPasswordHashHexa VARCHAR(64) null,   disabled SMALLINT default 0 not null,   isPending SMALLINT default 0 not null,   trustedIP VARCHAR(255) null,   uData VARCHAR(2000) null,   lastPasswordChangeDate DATETIME default (strftime('%Y-%m-%dT%H:%M:%SZ', 'now')) not null,   mi_owner bigint NOT NULL, -- Row owner      mi_createdate DATETIME NOT NULL, -- Creation date      mi_createuser bigint NOT NULL, -- User who create row      mi_modifydate DATETIME NOT NULL, -- Modification date      mi_modifyuser bigint NOT NULL, -- User who modify row      FOREIGN KEY(mi_owner) REFERENCES uba_user,      FOREIGN KEY(mi_createuser) REFERENCES uba_user,      FOREIGN KEY(mi_modifyuser) REFERENCES uba_user  );  
20180415 20204504  # call  	endpoint runSQL
20180415 20204504  #  +    	ubApp.TubApp(028D3EE0).DBExecute
20180415 20204504  #  +    		ubApp.TubApp(028D3EE0).TubApp.InternalDBExecute
20180415 20204504  # DB    			StartTransaction for connection "main"
20180415 20204504  # SQL   			ubDBSQLite3ThreadSafe.TubSQLite3Statement(02985E30) create table uba_user (   ID BIGINT not null PRIMARY KEY,   name VARCHAR(128) not null,   description VARCHAR(255) null,   uPasswordHashHexa VARCHAR(64) null,   disabled SMALLINT default 0 not null,   isPending SMALLINT default 0 not null,   trustedIP VARCHAR(255) null,   uData VARCHAR(2000) null,   lastPasswordChangeDate DATETIME default (strftime('%Y-%m-%dT%H:%M:%SZ', 'now')) not null,   mi_owner bigint NOT NULL, -- Row owner      mi_createdate DATETIME NOT NULL, -- Creation date      mi_createuser bigint... (truncated) length=822
20180415 20204504  #  -    		00.000.211
20180415 20204504  #  -    	00.000.216
20180415 20204504  # DB    	Commit connection "main" in 96us
20180415 20204504  # http  	127.0.0.1 <- 200
20180415 20204504  #  -    00.000.551
20180415 20204504  #  +    runSQL?CONNECTION=main
20180415 20204504  # http  	127.0.0.1 -> POST runSQL?CONNECTION=main
20180415 20204504  # http  	create table uba_role (   ID BIGINT not null PRIMARY KEY,   name VARCHAR(128) not null, -- Role   description VARCHAR(256) not null, -- Description   sessionTimeout INTEGER default 30 not null, -- Time after which the session is deleted by timeout (in minutes)   allowedAppMethods VARCHAR(2000) null,  -- Which application level methods are allowed (comma separated list)      mi_owner bigint NOT NULL, -- Row owner      mi_createdate DATETIME NOT NULL, -- Creation date      mi_createuser bigint NOT NULL, -- User who create row      mi_modifydate DATETIME NOT NULL, -- Modification date      mi_modifyuser bigint NOT NULL, -- User who modify row      FOREIGN KEY(mi_owner) REFERENCES uba_user,      FOREIGN KEY(mi_createuser) REFERENCES uba_user,      FOREIGN KEY(mi_modifyuser) REFERENCES uba_user  );  
20180415 20204504  # call  	endpoint runSQL
20180415 20204504  #  +    	ubApp.TubApp(028D3EE0).DBExecute
20180415 20204504  #  +    		ubApp.TubApp(028D3EE0).TubApp.InternalDBExecute
20180415 20204504  # DB    			StartTransaction for connection "main"
20180415 20204504  # SQL   			ubDBSQLite3ThreadSafe.TubSQLite3Statement(02985E30) create table uba_role (   ID BIGINT not null PRIMARY KEY,   name VARCHAR(128) not null, -- Role   description VARCHAR(256) not null, -- Description   sessionTimeout INTEGER default 30 not null, -- Time after which the session is deleted by timeout (in minutes)   allowedAppMethods VARCHAR(2000) null,  -- Which application level methods are allowed (comma separated list)      mi_owner bigint NOT NULL, -- Row owner      mi_createdate DATETIME NOT NULL, -- Creation date      mi_createuser bigint NOT NULL, -- Us... (truncated) length=806
20180415 20204504  #  -    		00.000.182
20180415 20204504  #  -    	00.000.186
20180415 20204504  # DB    	Commit connection "main" in 75us
20180415 20204504  # http  	127.0.0.1 <- 200
20180415 20204504  #  -    00.000.425
20180415 20204504  #  +    runSQL?CONNECTION=main
20180415 20204504  # http  	127.0.0.1 -> POST runSQL?CONNECTION=main
20180415 20204504  # http  	create table uba_els (   ID BIGINT not null PRIMARY KEY,   code VARCHAR(32) null, -- Code for ELS rule   description VARCHAR(255) not null, -- Rule description   disabled SMALLINT default 0 not null, -- Rule is disabled   entityMask VARCHAR(128) not null, -- Entity mask   methodMask VARCHAR(128) not null, -- Method mask   ruleType VARCHAR(32) default 'A' not null, -- Is this ALLOW rule(A) or DENY rule(D) or Complements(C) rule   ruleRole BIGINT not null, -- Role for which the rule applies      mi_owner bigint NOT NULL, -- Row owner      mi_createdate DATETIME NOT NULL, -- Creation date      mi_createuser bigint NOT NULL, -- User who create row      mi_modifydate DATETIME NOT NULL, -- Modification date      mi_modifyuser bigint NOT NULL, -- User who modify row      CONSTRAINT FK_ELS_MI_OWNER_REF_USR FOREIGN KEY(mi_owner) REFERENCES uba_user,      CONSTRAINT FK_ELS_MI_CREATEUSER_REF_USR FOREIGN KEY(mi_createuser) REFERENCES uba_user,      CONSTRAINT FK_ELS_MI_MODIFYUSER_REF_USR FOREIGN KEY(mi_modifyuser) REFERE... (truncated) length=1043
20180415 20204504  # call  	endpoint runSQL
20180415 20204504  #  +    	ubApp.TubApp(028D3EE0).DBExecute
20180415 20204504  #  +    		ubApp.TubApp(028D3EE0).TubApp.InternalDBExecute
20180415 20204504  # DB    			StartTransaction for connection "main"
20180415 20204504  # SQL   			ubDBSQLite3ThreadSafe.TubSQLite3Statement(02985E30) create table uba_els (   ID BIGINT not null PRIMARY KEY,   code VARCHAR(32) null, -- Code for ELS rule   description VARCHAR(255) not null, -- Rule description   disabled SMALLINT default 0 not null, -- Rule is disabled   entityMask VARCHAR(128) not null, -- Entity mask   methodMask VARCHAR(128) not null, -- Method mask   ruleType VARCHAR(32) default 'A' not null, -- Is this ALLOW rule(A) or DENY rule(D) or Complements(C) rule   ruleRole BIGINT not null, -- Role for which the rule applies      mi_owner bigi... (truncated) length=1043
20180415 20204504  #  -    		00.000.195
20180415 20204504  #  -    	00.000.201
20180415 20204504  # DB    	Commit connection "main" in 58us
20180415 20204504  # http  	127.0.0.1 <- 200
20180415 20204504  #  -    00.000.614
20180415 20204504  #  +    runSQL?CONNECTION=main
20180415 20204504  # http  	127.0.0.1 -> POST runSQL?CONNECTION=main
20180415 20204504  # http  	create table uba_subject (   ID BIGINT not null PRIMARY KEY,   code VARCHAR(128) not null, -- Code   name VARCHAR(128) not null, -- Login   sType VARCHAR(1) not null, -- Subject type   mi_unityEntity VARCHAR(64) not null  );  
20180415 20204504  # call  	endpoint runSQL
20180415 20204504  #  +    	ubApp.TubApp(028D3EE0).DBExecute
20180415 20204504  #  +    		ubApp.TubApp(028D3EE0).TubApp.InternalDBExecute
20180415 20204504  # DB    			StartTransaction for connection "main"
20180415 20204504  # SQL   			ubDBSQLite3ThreadSafe.TubSQLite3Statement(02985E30) create table uba_subject (   ID BIGINT not null PRIMARY KEY,   code VARCHAR(128) not null, -- Code   name VARCHAR(128) not null, -- Login   sType VARCHAR(1) not null, -- Subject type   mi_unityEntity VARCHAR(64) not null  );  
20180415 20204504  #  -    		00.000.178
20180415 20204504  #  -    	00.000.182
20180415 20204504  # DB    	Commit connection "main" in 63us
20180415 20204504  # http  	127.0.0.1 <- 200
20180415 20204504  #  -    00.000.459
20180415 20204504  #  +    runSQL?CONNECTION=main
20180415 20204504  # http  	127.0.0.1 -> POST runSQL?CONNECTION=main
20180415 20204504  # http  	create table uba_userrole (   ID BIGINT not null PRIMARY KEY,   userID BIGINT not null, -- User   roleID BIGINT not null, -- Role      mi_owner bigint NOT NULL, -- Row owner      mi_createdate DATETIME NOT NULL, -- Creation date      mi_createuser bigint NOT NULL, -- User who create row      mi_modifydate DATETIME NOT NULL, -- Modification date      mi_modifyuser bigint NOT NULL, -- User who modify row      FOREIGN KEY(userID) REFERENCES uba_user,      FOREIGN KEY(roleID) REFERENCES uba_role,      FOREIGN KEY(mi_owner) REFERENCES uba_user,      FOREIGN KEY(mi_createuser) REFERENCES uba_user,      FOREIGN KEY(mi_modifyuser) REFERENCES uba_user  );  
20180415 20204504  # call  	endpoint runSQL
20180415 20204504  #  +    	ubApp.TubApp(028D3EE0).DBExecute
20180415 20204504  #  +    		ubApp.TubApp(028D3EE0).TubApp.InternalDBExecute
20180415 20204504  # DB    			StartTransaction for connection "main"
20180415 20204504  # SQL   			ubDBSQLite3ThreadSafe.TubSQLite3Statement(02985E30) create table uba_userrole (   ID BIGINT not null PRIMARY KEY,   userID BIGINT not null, -- User   roleID BIGINT not null, -- Role      mi_owner bigint NOT NULL, -- Row owner      mi_createdate DATETIME NOT NULL, -- Creation date      mi_createuser bigint NOT NULL, -- User who create row      mi_modifydate DATETIME NOT NULL, -- Modification date      mi_modifyuser bigint NOT NULL, -- User who modify row      FOREIGN KEY(userID) REFERENCES uba_user,      FOREIGN KEY(roleID) REFERENCES uba_role,      FOREIGN K... (truncated) length=656
20180415 20204504  #  -    		00.000.242
20180415 20204504  #  -    	00.000.246
20180415 20204504  # DB    	Commit connection "main" in 116us
20180415 20204504  # http  	127.0.0.1 <- 200
20180415 20204504  #  -    00.000.508
20180415 20204505  #  +    runSQL?CONNECTION=main
20180415 20204505  # http  	127.0.0.1 -> POST runSQL?CONNECTION=main
20180415 20204505  # http  	create table uba_als (   ID BIGINT not null PRIMARY KEY,   entity VARCHAR(64) not null, -- Entity   attribute VARCHAR(32) not null, -- Attribute   state VARCHAR(32) not null, -- State code   roleName VARCHAR(32) not null, -- Role name   actions INTEGER not null -- Allow actions  );  
20180415 20204505  # call  	endpoint runSQL
20180415 20204505  #  +    	ubApp.TubApp(028D3EE0).DBExecute
20180415 20204505  #  +    		ubApp.TubApp(028D3EE0).TubApp.InternalDBExecute
20180415 20204505  # DB    			StartTransaction for connection "main"
20180415 20204505  # SQL   			ubDBSQLite3ThreadSafe.TubSQLite3Statement(02985E30) create table uba_als (   ID BIGINT not null PRIMARY KEY,   entity VARCHAR(64) not null, -- Entity   attribute VARCHAR(32) not null, -- Attribute   state VARCHAR(32) not null, -- State code   roleName VARCHAR(32) not null, -- Role name   actions INTEGER not null -- Allow actions  );  
20180415 20204505  #  -    		00.000.171
20180415 20204505  #  -    	00.000.177
20180415 20204505  # DB    	Commit connection "main" in 90us
20180415 20204505  # http  	127.0.0.1 <- 200
20180415 20204505  #  -    00.000.409
20180415 20204505  #  +    runSQL?CONNECTION=main
20180415 20204505  # http  	127.0.0.1 -> POST runSQL?CONNECTION=main
20180415 20204505  # http  	create table uba_audit (   ID BIGINT not null PRIMARY KEY,   entity VARCHAR(32) not null, -- Entity code   entityinfo_id BIGINT not null, -- Instance ID   actionType VARCHAR(32) not null, -- Action   actionUser VARCHAR(128) not null, -- User, who perform the action   actionTime DATETIME not null, -- Action time   remoteIP VARCHAR(40) null, -- Caller remote IP address. NULL in case of localhost   targetUser VARCHAR(128) null, -- The user name for which the data has changed   targetRole VARCHAR(128) null, -- The role name for which the data has changed   fromValue TEXT null, -- Old values   toValue TEXT null -- New values  );  
20180415 20204505  # call  	endpoint runSQL
20180415 20204505  #  +    	ubApp.TubApp(028D3EE0).DBExecute
20180415 20204505  #  +    		ubApp.TubApp(028D3EE0).TubApp.InternalDBExecute
20180415 20204505  # DB    			StartTransaction for connection "main"
20180415 20204505  # SQL   			ubDBSQLite3ThreadSafe.TubSQLite3Statement(02985E30) create table uba_audit (   ID BIGINT not null PRIMARY KEY,   entity VARCHAR(32) not null, -- Entity code   entityinfo_id BIGINT not null, -- Instance ID   actionType VARCHAR(32) not null, -- Action   actionUser VARCHAR(128) not null, -- User, who perform the action   actionTime DATETIME not null, -- Action time   remoteIP VARCHAR(40) null, -- Caller remote IP address. NULL in case of localhost   targetUser VARCHAR(128) null, -- The user name for which the data has changed   targetRole VARCHAR(128) null, -- ... (truncated) length=633
20180415 20204505  #  -    		00.000.184
20180415 20204505  #  -    	00.000.189
20180415 20204505  # DB    	Commit connection "main" in 70us
20180415 20204505  # http  	127.0.0.1 <- 200
20180415 20204505  #  -    00.000.402
20180415 20204505  #  +    runSQL?CONNECTION=main
20180415 20204505  # http  	127.0.0.1 -> POST runSQL?CONNECTION=main
20180415 20204505  # http  	create table ubs_settings (   ID BIGINT not null PRIMARY KEY,   settingKey VARCHAR(150) not null, -- Setting key. To prevent key conflicts key name must start with a model code where key is used. `ubs.numcounter.autoRegWithDeletedNumber`   name VARCHAR(150) not null, -- Setting name   description VARCHAR(1024) null, -- Description   type VARCHAR(32) null, -- Value type   settingValue VARCHAR(2000) null, -- Value   defaultValue VARCHAR(150) null, -- Default value (setted by developer)      mi_owner bigint NOT NULL, -- Row owner      mi_createdate DATETIME NOT NULL, -- Creation date      mi_createuser bigint NOT NULL, -- User who create row      mi_modifydate DATETIME NOT NULL, -- Modification date      mi_modifyuser bigint NOT NULL, -- User who modify row      FOREIGN KEY(mi_owner) REFERENCES uba_user,      FOREIGN KEY(mi_createuser) REFERENCES uba_user,      FOREIGN KEY(mi_modifyuser) REFERENCES uba_user  );
20180415 20204505  # call  	endpoint runSQL
20180415 20204505  #  +    	ubApp.TubApp(028D3EE0).DBExecute
20180415 20204505  #  +    		ubApp.TubApp(028D3EE0).TubApp.InternalDBExecute
20180415 20204505  # DB    			StartTransaction for connection "main"
20180415 20204505  # SQL   			ubDBSQLite3ThreadSafe.TubSQLite3Statement(02985E30) create table ubs_settings (   ID BIGINT not null PRIMARY KEY,   settingKey VARCHAR(150) not null, -- Setting key. To prevent key conflicts key name must start with a model code where key is used. `ubs.numcounter.autoRegWithDeletedNumber`   name VARCHAR(150) not null, -- Setting name   description VARCHAR(1024) null, -- Description   type VARCHAR(32) null, -- Value type   settingValue VARCHAR(2000) null, -- Value   defaultValue VARCHAR(150) null, -- Default value (setted by developer)      mi_owner bigint NO... (truncated) length=920
20180415 20204505  #  -    		00.000.217
20180415 20204505  #  -    	00.000.221
20180415 20204505  # DB    	Commit connection "main" in 124us
20180415 20204505  # http  	127.0.0.1 <- 200
20180415 20204505  #  -    00.000.533
20180415 20204505  #  +    runSQL?CONNECTION=main
20180415 20204505  # http  	127.0.0.1 -> POST runSQL?CONNECTION=main
20180415 20204505  # http  	PRAGMA foreign_keys = OFF
20180415 20204505  # call  	endpoint runSQL
20180415 20204505  #  +    	ubApp.TubApp(028D3EE0).DBExecute
20180415 20204505  #  +    		ubApp.TubApp(028D3EE0).TubApp.InternalDBExecute
20180415 20204505  # SQL   			ubDBSQLite3ThreadSafe.TubSQLite3Statement(02985E30) PRAGMA foreign_keys = OFF
20180415 20204505  #  -    		00.000.017
20180415 20204505  #  -    	00.000.026
20180415 20204505  # http  	127.0.0.1 <- 200
20180415 20204505  #  -    00.000.166
20180415 20204505  #  +    runSQL?CONNECTION=main
20180415 20204505  # http  	127.0.0.1 -> POST runSQL?CONNECTION=main
20180415 20204505  # http  	insert into uba_subject (ID,code,name,sType,mi_unityentity) values(0, 'Everyone', 'Everyone build-in role', 'R', 'UBA_SUBJECT')
20180415 20204505  # call  	endpoint runSQL
20180415 20204505  #  +    	ubApp.TubApp(028D3EE0).DBExecute
20180415 20204505  #  +    		ubApp.TubApp(028D3EE0).TubApp.InternalDBExecute
20180415 20204505  # DB    			StartTransaction for connection "main"
20180415 20204505  # SQL   			ubDBSQLite3ThreadSafe.TubSQLite3Statement(02985E30) insert into uba_subject (ID,code,name,sType,mi_unityentity) values(0, 'Everyone', 'Everyone build-in role', 'R', 'UBA_SUBJECT')
20180415 20204505  #  -    		00.000.077
20180415 20204505  #  -    	00.000.080
20180415 20204505  # DB    	Commit connection "main" in 52us
20180415 20204505  # http  	127.0.0.1 <- 200
20180415 20204505  #  -    00.000.270
20180415 20204505  #  +    runSQL?CONNECTION=main
20180415 20204505  # http  	127.0.0.1 -> POST runSQL?CONNECTION=main
20180415 20204505  # http  	insert into uba_role (ID,name,description,sessionTimeout,allowedAppMethods,mi_owner,mi_createdate,mi_createuser,mi_modifydate,mi_modifyuser)          values(0,'Everyone','Everyone build-in role',1000,'auth,timeStamp,statics,getAppInfo,models,getDomainInfo,ubql,rest',10,'2018-04-15T20:20:45Z',10,'2018-04-15T20:20:45Z',10)
20180415 20204505  # call  	endpoint runSQL
20180415 20204505  #  +    	ubApp.TubApp(028D3EE0).DBExecute
20180415 20204505  #  +    		ubApp.TubApp(028D3EE0).TubApp.InternalDBExecute
20180415 20204505  # DB    			StartTransaction for connection "main"
20180415 20204505  # SQL   			ubDBSQLite3ThreadSafe.TubSQLite3Statement(02985E30) insert into uba_role (ID,name,description,sessionTimeout,allowedAppMethods,mi_owner,mi_createdate,mi_createuser,mi_modifydate,mi_modifyuser)          values(0,'Everyone','Everyone build-in role',1000,'auth,timeStamp,statics,getAppInfo,models,getDomainInfo,ubql,rest',10,'2018-04-15T20:20:45Z',10,'2018-04-15T20:20:45Z',10)
20180415 20204505  #  -    		00.000.082
20180415 20204505  #  -    	00.000.086
20180415 20204505  # DB    	Commit connection "main" in 49us
20180415 20204505  # http  	127.0.0.1 <- 200
20180415 20204505  #  -    00.000.318
20180415 20204505  #  +    runSQL?CONNECTION=main
20180415 20204505  # http  	127.0.0.1 -> POST runSQL?CONNECTION=main
20180415 20204505  # http  	insert into uba_subject (ID,code,name,sType,mi_unityentity) values(1, 'Admin', 'Admin build-in role', 'R', 'UBA_SUBJECT')
20180415 20204505  # call  	endpoint runSQL
20180415 20204505  #  +    	ubApp.TubApp(028D3EE0).DBExecute
20180415 20204505  #  +    		ubApp.TubApp(028D3EE0).TubApp.InternalDBExecute
20180415 20204505  # DB    			StartTransaction for connection "main"
20180415 20204505  # SQL   			ubDBSQLite3ThreadSafe.TubSQLite3Statement(02985E30) insert into uba_subject (ID,code,name,sType,mi_unityentity) values(1, 'Admin', 'Admin build-in role', 'R', 'UBA_SUBJECT')
20180415 20204505  #  -    		00.000.077
20180415 20204505  #  -    	00.000.080
20180415 20204505  # DB    	Commit connection "main" in 54us
20180415 20204505  # http  	127.0.0.1 <- 200
20180415 20204505  #  -    00.000.276
20180415 20204506  #  +    runSQL?CONNECTION=main
20180415 20204506  # http  	127.0.0.1 -> POST runSQL?CONNECTION=main
20180415 20204506  # http  	insert into uba_role (ID,name,description,sessionTimeout,allowedAppMethods,mi_owner,mi_createdate,mi_createuser,mi_modifydate,mi_modifyuser)          values(1,'Admin','Admin build-in role',10,'*',10,'2018-04-15T20:20:45Z',10,'2018-04-15T20:20:45Z',10)
20180415 20204506  # call  	endpoint runSQL
20180415 20204506  #  +    	ubApp.TubApp(028D3EE0).DBExecute
20180415 20204506  #  +    		ubApp.TubApp(028D3EE0).TubApp.InternalDBExecute
20180415 20204506  # DB    			StartTransaction for connection "main"
20180415 20204506  # SQL   			ubDBSQLite3ThreadSafe.TubSQLite3Statement(02985E30) insert into uba_role (ID,name,description,sessionTimeout,allowedAppMethods,mi_owner,mi_createdate,mi_createuser,mi_modifydate,mi_modifyuser)          values(1,'Admin','Admin build-in role',10,'*',10,'2018-04-15T20:20:45Z',10,'2018-04-15T20:20:45Z',10)
20180415 20204506  #  -    		00.000.102
20180415 20204506  #  -    	00.000.124
20180415 20204506  # DB    	Commit connection "main" in 79us
20180415 20204506  # http  	127.0.0.1 <- 200
20180415 20204506  #  -    00.000.335
20180415 20204506  #  +    runSQL?CONNECTION=main
20180415 20204506  # http  	127.0.0.1 -> POST runSQL?CONNECTION=main
20180415 20204506  # http  	insert into uba_subject (ID,code,name,sType,mi_unityentity) values(2, 'Anonymous', 'Anonymous build-in role', 'R', 'UBA_SUBJECT')
20180415 20204506  # call  	endpoint runSQL
20180415 20204506  #  +    	ubApp.TubApp(028D3EE0).DBExecute
20180415 20204506  #  +    		ubApp.TubApp(028D3EE0).TubApp.InternalDBExecute
20180415 20204506  # DB    			StartTransaction for connection "main"
20180415 20204506  # SQL   			ubDBSQLite3ThreadSafe.TubSQLite3Statement(02985E30) insert into uba_subject (ID,code,name,sType,mi_unityentity) values(2, 'Anonymous', 'Anonymous build-in role', 'R', 'UBA_SUBJECT')
20180415 20204506  #  -    		00.000.094
20180415 20204506  #  -    	00.000.098
20180415 20204506  # DB    	Commit connection "main" in 57us
20180415 20204506  # http  	127.0.0.1 <- 200
20180415 20204506  #  -    00.000.304
20180415 20204506  #  +    runSQL?CONNECTION=main
20180415 20204506  # http  	127.0.0.1 -> POST runSQL?CONNECTION=main
20180415 20204506  # http  	insert into uba_role (ID,name,description,sessionTimeout,allowedAppMethods,mi_owner,mi_createdate,mi_createuser,mi_modifydate,mi_modifyuser)          values(2,'Anonymous','Anonymous build-in role',1000,'',10,'2018-04-15T20:20:45Z',10,'2018-04-15T20:20:45Z',10)
20180415 20204506  # call  	endpoint runSQL
20180415 20204506  #  +    	ubApp.TubApp(028D3EE0).DBExecute
20180415 20204506  #  +    		ubApp.TubApp(028D3EE0).TubApp.InternalDBExecute
20180415 20204506  # DB    			StartTransaction for connection "main"
20180415 20204506  # SQL   			ubDBSQLite3ThreadSafe.TubSQLite3Statement(02985E30) insert into uba_role (ID,name,description,sessionTimeout,allowedAppMethods,mi_owner,mi_createdate,mi_createuser,mi_modifydate,mi_modifyuser)          values(2,'Anonymous','Anonymous build-in role',1000,'',10,'2018-04-15T20:20:45Z',10,'2018-04-15T20:20:45Z',10)
20180415 20204506  #  -    		00.000.121
20180415 20204506  #  -    	00.000.129
20180415 20204506  # DB    	Commit connection "main" in 83us
20180415 20204506  # http  	127.0.0.1 <- 200
20180415 20204506  #  -    00.000.400
20180415 20204506  #  +    runSQL?CONNECTION=main
20180415 20204506  # http  	127.0.0.1 -> POST runSQL?CONNECTION=main
20180415 20204506  # http  	insert into uba_subject (ID,code,name,sType,mi_unityentity) values(3, 'User', 'User build-in role', 'R', 'UBA_SUBJECT')
20180415 20204506  # call  	endpoint runSQL
20180415 20204506  #  +    	ubApp.TubApp(028D3EE0).DBExecute
20180415 20204506  #  +    		ubApp.TubApp(028D3EE0).TubApp.InternalDBExecute
20180415 20204506  # DB    			StartTransaction for connection "main"
20180415 20204506  # SQL   			ubDBSQLite3ThreadSafe.TubSQLite3Statement(02985E30) insert into uba_subject (ID,code,name,sType,mi_unityentity) values(3, 'User', 'User build-in role', 'R', 'UBA_SUBJECT')
20180415 20204506  #  -    		00.000.093
20180415 20204506  #  -    	00.000.097
20180415 20204506  # DB    	Commit connection "main" in 66us
20180415 20204506  # http  	127.0.0.1 <- 200
20180415 20204506  #  -    00.000.296
20180415 20204506  #  +    runSQL?CONNECTION=main
20180415 20204506  # http  	127.0.0.1 -> POST runSQL?CONNECTION=main
20180415 20204506  # http  	insert into uba_role (ID,name,description,sessionTimeout,allowedAppMethods,mi_owner,mi_createdate,mi_createuser,mi_modifydate,mi_modifyuser)          values(3,'User','User build-in role',30,'logout,changePassword,setDocument,getDocument',10,'2018-04-15T20:20:45Z',10,'2018-04-15T20:20:45Z',10)
20180415 20204506  # call  	endpoint runSQL
20180415 20204506  #  +    	ubApp.TubApp(028D3EE0).DBExecute
20180415 20204506  #  +    		ubApp.TubApp(028D3EE0).TubApp.InternalDBExecute
20180415 20204506  # DB    			StartTransaction for connection "main"
20180415 20204506  # SQL   			ubDBSQLite3ThreadSafe.TubSQLite3Statement(02985E30) insert into uba_role (ID,name,description,sessionTimeout,allowedAppMethods,mi_owner,mi_createdate,mi_createuser,mi_modifydate,mi_modifyuser)          values(3,'User','User build-in role',30,'logout,changePassword,setDocument,getDocument',10,'2018-04-15T20:20:45Z',10,'2018-04-15T20:20:45Z',10)
20180415 20204506  #  -    		00.000.116
20180415 20204506  #  -    	00.000.120
20180415 20204506  # DB    	Commit connection "main" in 144us
20180415 20204506  # http  	127.0.0.1 <- 200
20180415 20204506  #  -    00.000.436
20180415 20204506  #  +    runSQL?CONNECTION=main
20180415 20204506  # http  	127.0.0.1 -> POST runSQL?CONNECTION=main
20180415 20204506  # http  	insert into uba_subject (ID,code,name,sType,mi_unityentity) values(4, 'Supervisor', 'Supervisor build-in role', 'R', 'UBA_SUBJECT')
20180415 20204506  # call  	endpoint runSQL
20180415 20204506  #  +    	ubApp.TubApp(028D3EE0).DBExecute
20180415 20204506  #  +    		ubApp.TubApp(028D3EE0).TubApp.InternalDBExecute
20180415 20204506  # DB    			StartTransaction for connection "main"
20180415 20204506  # SQL   			ubDBSQLite3ThreadSafe.TubSQLite3Statement(02985E30) insert into uba_subject (ID,code,name,sType,mi_unityentity) values(4, 'Supervisor', 'Supervisor build-in role', 'R', 'UBA_SUBJECT')
20180415 20204506  #  -    		00.000.153
20180415 20204506  #  -    	00.000.157
20180415 20204506  # DB    	Commit connection "main" in 48us
20180415 20204506  # http  	127.0.0.1 <- 200
20180415 20204506  #  -    00.000.395
20180415 20204506  #  +    runSQL?CONNECTION=main
20180415 20204506  # http  	127.0.0.1 -> POST runSQL?CONNECTION=main
20180415 20204506  # http  	insert into uba_role (ID,name,description,sessionTimeout,allowedAppMethods,mi_owner,mi_createdate,mi_createuser,mi_modifydate,mi_modifyuser)          values(4,'Supervisor','Supervisor build-in role',10,'',10,'2018-04-15T20:20:45Z',10,'2018-04-15T20:20:45Z',10)
20180415 20204506  # call  	endpoint runSQL
20180415 20204506  #  +    	ubApp.TubApp(028D3EE0).DBExecute
20180415 20204506  #  +    		ubApp.TubApp(028D3EE0).TubApp.InternalDBExecute
20180415 20204506  # DB    			StartTransaction for connection "main"
20180415 20204506  # SQL   			ubDBSQLite3ThreadSafe.TubSQLite3Statement(02985E30) insert into uba_role (ID,name,description,sessionTimeout,allowedAppMethods,mi_owner,mi_createdate,mi_createuser,mi_modifydate,mi_modifyuser)          values(4,'Supervisor','Supervisor build-in role',10,'',10,'2018-04-15T20:20:45Z',10,'2018-04-15T20:20:45Z',10)
20180415 20204506  #  -    		00.000.084
20180415 20204506  #  -    	00.000.087
20180415 20204506  # DB    	Commit connection "main" in 85us
20180415 20204506  # http  	127.0.0.1 <- 200
20180415 20204506  #  -    00.000.292
20180415 20204506  #  +    runSQL?CONNECTION=main
20180415 20204506  # http  	127.0.0.1 -> POST runSQL?CONNECTION=main
20180415 20204506  # http  	insert into uba_subject (ID,code,name,sType,mi_unityentity) values(5, 'Developer', 'Developer build-in role', 'R', 'UBA_SUBJECT')
20180415 20204506  # call  	endpoint runSQL
20180415 20204506  #  +    	ubApp.TubApp(028D3EE0).DBExecute
20180415 20204506  #  +    		ubApp.TubApp(028D3EE0).TubApp.InternalDBExecute
20180415 20204506  # DB    			StartTransaction for connection "main"
20180415 20204506  # SQL   			ubDBSQLite3ThreadSafe.TubSQLite3Statement(02985E30) insert into uba_subject (ID,code,name,sType,mi_unityentity) values(5, 'Developer', 'Developer build-in role', 'R', 'UBA_SUBJECT')
20180415 20204506  #  -    		00.000.077
20180415 20204506  #  -    	00.000.081
20180415 20204506  # DB    	Commit connection "main" in 69us
20180415 20204506  # http  	127.0.0.1 <- 200
20180415 20204506  #  -    00.000.274
20180415 20204506  #  +    runSQL?CONNECTION=main
20180415 20204506  # http  	127.0.0.1 -> POST runSQL?CONNECTION=main
20180415 20204506  # http  	insert into uba_role (ID,name,description,sessionTimeout,allowedAppMethods,mi_owner,mi_createdate,mi_createuser,mi_modifydate,mi_modifyuser)          values(5,'Developer','Developer build-in role',10,'',10,'2018-04-15T20:20:45Z',10,'2018-04-15T20:20:45Z',10)
20180415 20204506  # call  	endpoint runSQL
20180415 20204506  #  +    	ubApp.TubApp(028D3EE0).DBExecute
20180415 20204506  #  +    		ubApp.TubApp(028D3EE0).TubApp.InternalDBExecute
20180415 20204506  # DB    			StartTransaction for connection "main"
20180415 20204506  # SQL   			ubDBSQLite3ThreadSafe.TubSQLite3Statement(02985E30) insert into uba_role (ID,name,description,sessionTimeout,allowedAppMethods,mi_owner,mi_createdate,mi_createuser,mi_modifydate,mi_modifyuser)          values(5,'Developer','Developer build-in role',10,'',10,'2018-04-15T20:20:45Z',10,'2018-04-15T20:20:45Z',10)
20180415 20204506  #  -    		00.000.093
20180415 20204506  #  -    	00.000.096
20180415 20204506  # DB    	Commit connection "main" in 52us
20180415 20204506  # http  	127.0.0.1 <- 200
20180415 20204506  #  -    00.000.304
20180415 20204507  #  +    runSQL?CONNECTION=main
20180415 20204507  # http  	127.0.0.1 -> POST runSQL?CONNECTION=main
20180415 20204507  # http  	insert into uba_subject (ID,code,name,sType,mi_unityentity) values(6, 'Monitor', 'Monitor build-in role', 'R', 'UBA_SUBJECT')
20180415 20204507  # call  	endpoint runSQL
20180415 20204507  #  +    	ubApp.TubApp(028D3EE0).DBExecute
20180415 20204507  #  +    		ubApp.TubApp(028D3EE0).TubApp.InternalDBExecute
20180415 20204507  # DB    			StartTransaction for connection "main"
20180415 20204507  # SQL   			ubDBSQLite3ThreadSafe.TubSQLite3Statement(02985E30) insert into uba_subject (ID,code,name,sType,mi_unityentity) values(6, 'Monitor', 'Monitor build-in role', 'R', 'UBA_SUBJECT')
20180415 20204507  #  -    		00.000.084
20180415 20204507  #  -    	00.000.088
20180415 20204507  # DB    	Commit connection "main" in 43us
20180415 20204507  # http  	127.0.0.1 <- 200
20180415 20204507  #  -    00.000.334
20180415 20204507  #  +    runSQL?CONNECTION=main
20180415 20204507  # http  	127.0.0.1 -> POST runSQL?CONNECTION=main
20180415 20204507  # http  	insert into uba_role (ID,name,description,sessionTimeout,allowedAppMethods,mi_owner,mi_createdate,mi_createuser,mi_modifydate,mi_modifyuser)          values(6,'Monitor','Monitor build-in role',100,'stat',10,'2018-04-15T20:20:45Z',10,'2018-04-15T20:20:45Z',10)
20180415 20204507  # call  	endpoint runSQL
20180415 20204507  #  +    	ubApp.TubApp(028D3EE0).DBExecute
20180415 20204507  #  +    		ubApp.TubApp(028D3EE0).TubApp.InternalDBExecute
20180415 20204507  # DB    			StartTransaction for connection "main"
20180415 20204507  # SQL   			ubDBSQLite3ThreadSafe.TubSQLite3Statement(02985E30) insert into uba_role (ID,name,description,sessionTimeout,allowedAppMethods,mi_owner,mi_createdate,mi_createuser,mi_modifydate,mi_modifyuser)          values(6,'Monitor','Monitor build-in role',100,'stat',10,'2018-04-15T20:20:45Z',10,'2018-04-15T20:20:45Z',10)
20180415 20204507  #  -    		00.000.146
20180415 20204507  #  -    	00.000.150
20180415 20204507  # DB    	Commit connection "main" in 105us
20180415 20204507  # http  	127.0.0.1 <- 200
20180415 20204507  #  -    00.000.461
20180415 20204507  #  +    runSQL?CONNECTION=main
20180415 20204507  # http  	127.0.0.1 -> POST runSQL?CONNECTION=main
20180415 20204507  # http  	insert into uba_subject (ID,code,name,sType,mi_unityentity) values(10, 'admin', 'admin', 'U', 'UBA_USER')
20180415 20204507  # call  	endpoint runSQL
20180415 20204507  #  +    	ubApp.TubApp(028D3EE0).DBExecute
20180415 20204507  #  +    		ubApp.TubApp(028D3EE0).TubApp.InternalDBExecute
20180415 20204507  # DB    			StartTransaction for connection "main"
20180415 20204507  # SQL   			ubDBSQLite3ThreadSafe.TubSQLite3Statement(02985E30) insert into uba_subject (ID,code,name,sType,mi_unityentity) values(10, 'admin', 'admin', 'U', 'UBA_USER')
20180415 20204507  #  -    		00.000.079
20180415 20204507  #  -    	00.000.082
20180415 20204507  # DB    	Commit connection "main" in 52us
20180415 20204507  # http  	127.0.0.1 <- 200
20180415 20204507  #  -    00.000.268
20180415 20204507  #  +    runSQL?CONNECTION=main
20180415 20204507  # http  	127.0.0.1 -> POST runSQL?CONNECTION=main
20180415 20204507  # http  	insert into uba_user (ID, name, description, upasswordhashhexa, disabled, udata,mi_owner,mi_createdate,mi_createuser,mi_modifydate,mi_modifyuser)          values (10, 'admin', 'admin', '2bb7998496899acdd8137fad3a44faf96a84a03d7f230ce42e97cd17c7ae429e', 0, '',10,'2018-04-15T20:20:45Z',10,'2018-04-15T20:20:45Z',10)
20180415 20204507  # call  	endpoint runSQL
20180415 20204507  #  +    	ubApp.TubApp(028D3EE0).DBExecute
20180415 20204507  #  +    		ubApp.TubApp(028D3EE0).TubApp.InternalDBExecute
20180415 20204507  # DB    			StartTransaction for connection "main"
20180415 20204507  # SQL   			ubDBSQLite3ThreadSafe.TubSQLite3Statement(02985E30) insert into uba_user (ID, name, description, upasswordhashhexa, disabled, udata,mi_owner,mi_createdate,mi_createuser,mi_modifydate,mi_modifyuser)          values (10, 'admin', 'admin', '2bb7998496899acdd8137fad3a44faf96a84a03d7f230ce42e97cd17c7ae429e', 0, '',10,'2018-04-15T20:20:45Z',10,'2018-04-15T20:20:45Z',10)
20180415 20204507  #  -    		00.000.137
20180415 20204507  #  -    	00.000.141
20180415 20204507  # DB    	Commit connection "main" in 113us
20180415 20204507  # http  	127.0.0.1 <- 200
20180415 20204507  #  -    00.000.388
20180415 20204507  #  +    runSQL?CONNECTION=main
20180415 20204507  # http  	127.0.0.1 -> POST runSQL?CONNECTION=main
20180415 20204507  # http  	insert into uba_subject (ID,code,name,sType,mi_unityentity) values(20, 'anonymous', 'anonymous', 'U', 'UBA_USER')
20180415 20204507  # call  	endpoint runSQL
20180415 20204507  #  +    	ubApp.TubApp(028D3EE0).DBExecute
20180415 20204507  #  +    		ubApp.TubApp(028D3EE0).TubApp.InternalDBExecute
20180415 20204507  # DB    			StartTransaction for connection "main"
20180415 20204507  # SQL   			ubDBSQLite3ThreadSafe.TubSQLite3Statement(02985E30) insert into uba_subject (ID,code,name,sType,mi_unityentity) values(20, 'anonymous', 'anonymous', 'U', 'UBA_USER')
20180415 20204507  #  -    		00.000.078
20180415 20204507  #  -    	00.000.082
20180415 20204507  # DB    	Commit connection "main" in 68us
20180415 20204507  # http  	127.0.0.1 <- 200
20180415 20204507  #  -    00.000.311
20180415 20204507  #  +    runSQL?CONNECTION=main
20180415 20204507  # http  	127.0.0.1 -> POST runSQL?CONNECTION=main
20180415 20204507  # http  	insert into uba_user (ID, name, description, upasswordhashhexa, disabled, udata,mi_owner,mi_createdate,mi_createuser,mi_modifydate,mi_modifyuser)          values (20, 'anonymous', 'anonymous', '-', 0, '',10,'2018-04-15T20:20:45Z',10,'2018-04-15T20:20:45Z',10)
20180415 20204507  # call  	endpoint runSQL
20180415 20204507  #  +    	ubApp.TubApp(028D3EE0).DBExecute
20180415 20204507  #  +    		ubApp.TubApp(028D3EE0).TubApp.InternalDBExecute
20180415 20204507  # DB    			StartTransaction for connection "main"
20180415 20204507  # SQL   			ubDBSQLite3ThreadSafe.TubSQLite3Statement(02985E30) insert into uba_user (ID, name, description, upasswordhashhexa, disabled, udata,mi_owner,mi_createdate,mi_createuser,mi_modifydate,mi_modifyuser)          values (20, 'anonymous', 'anonymous', '-', 0, '',10,'2018-04-15T20:20:45Z',10,'2018-04-15T20:20:45Z',10)
20180415 20204507  #  -    		00.000.093
20180415 20204507  #  -    	00.000.097
20180415 20204507  # DB    	Commit connection "main" in 46us
20180415 20204507  # http  	127.0.0.1 <- 200
20180415 20204507  #  -    00.000.287
20180415 20204507  #  +    runSQL?CONNECTION=main
20180415 20204507  # http  	127.0.0.1 -> POST runSQL?CONNECTION=main
20180415 20204507  # http  	insert into uba_els (ID,code,description,disabled,entityMask,methodMask,ruleType,ruleRole,mi_owner,mi_createdate,mi_createuser,mi_modifydate,mi_modifyuser)        VALUES (200, 'UBA_ADMIN_ALL', 'Admins - enable all',0,'*','*','A',1,10,'2018-04-15T20:20:45Z',10,'2018-04-15T20:20:45Z',10)
20180415 20204507  # call  	endpoint runSQL
20180415 20204507  #  +    	ubApp.TubApp(028D3EE0).DBExecute
20180415 20204507  #  +    		ubApp.TubApp(028D3EE0).TubApp.InternalDBExecute
20180415 20204507  # DB    			StartTransaction for connection "main"
20180415 20204507  # SQL   			ubDBSQLite3ThreadSafe.TubSQLite3Statement(02985E30) insert into uba_els (ID,code,description,disabled,entityMask,methodMask,ruleType,ruleRole,mi_owner,mi_createdate,mi_createuser,mi_modifydate,mi_modifyuser)        VALUES (200, 'UBA_ADMIN_ALL', 'Admins - enable all',0,'*','*','A',1,10,'2018-04-15T20:20:45Z',10,'2018-04-15T20:20:45Z',10)
20180415 20204507  #  -    		00.000.090
20180415 20204507  #  -    	00.000.094
20180415 20204507  # DB    	Commit connection "main" in 49us
20180415 20204507  # http  	127.0.0.1 <- 200
20180415 20204507  #  -    00.000.297
20180415 20204507  #  +    runSQL?CONNECTION=main
20180415 20204507  # http  	127.0.0.1 -> POST runSQL?CONNECTION=main
20180415 20204507  # http  	insert into uba_userrole (ID,userID, roleID,mi_owner,mi_createdate,mi_createuser,mi_modifydate,mi_modifyuser) values(800,10,1,10,'2018-04-15T20:20:45Z',10,'2018-04-15T20:20:45Z',10)
20180415 20204507  # call  	endpoint runSQL
20180415 20204507  #  +    	ubApp.TubApp(028D3EE0).DBExecute
20180415 20204507  #  +    		ubApp.TubApp(028D3EE0).TubApp.InternalDBExecute
20180415 20204507  # DB    			StartTransaction for connection "main"
20180415 20204507  # SQL   			ubDBSQLite3ThreadSafe.TubSQLite3Statement(02985E30) insert into uba_userrole (ID,userID, roleID,mi_owner,mi_createdate,mi_createuser,mi_modifydate,mi_modifyuser) values(800,10,1,10,'2018-04-15T20:20:45Z',10,'2018-04-15T20:20:45Z',10)
20180415 20204507  #  -    		00.000.074
20180415 20204507  #  -    	00.000.077
20180415 20204507  # DB    	Commit connection "main" in 45us
20180415 20204507  # http  	127.0.0.1 <- 200
20180415 20204507  #  -    00.000.295
20180415 20204507  #  +    runSQL?CONNECTION=main
20180415 20204507  # http  	127.0.0.1 -> POST runSQL?CONNECTION=main
20180415 20204507  # http  	insert into uba_userrole (ID,userID, roleID,mi_owner,mi_createdate,mi_createuser,mi_modifydate,mi_modifyuser) values(900,20,2,10,'2018-04-15T20:20:45Z',10,'2018-04-15T20:20:45Z',10)
20180415 20204507  # call  	endpoint runSQL
20180415 20204507  #  +    	ubApp.TubApp(028D3EE0).DBExecute
20180415 20204507  #  +    		ubApp.TubApp(028D3EE0).TubApp.InternalDBExecute
20180415 20204507  # DB    			StartTransaction for connection "main"
20180415 20204507  # SQL   			ubDBSQLite3ThreadSafe.TubSQLite3Statement(02985E30) insert into uba_userrole (ID,userID, roleID,mi_owner,mi_createdate,mi_createuser,mi_modifydate,mi_modifyuser) values(900,20,2,10,'2018-04-15T20:20:45Z',10,'2018-04-15T20:20:45Z',10)
20180415 20204507  #  -    		00.000.083
20180415 20204507  #  -    	00.000.086
20180415 20204507  # DB    	Commit connection "main" in 59us
20180415 20204507  # http  	127.0.0.1 <- 200
20180415 20204507  #  -    00.000.269
20180415 20204508  #  +    runSQL?CONNECTION=main
20180415 20204508  # http  	127.0.0.1 -> POST runSQL?CONNECTION=main
20180415 20204508  # http  	PRAGMA foreign_keys = ON
20180415 20204508  # call  	endpoint runSQL
20180415 20204508  #  +    	ubApp.TubApp(028D3EE0).DBExecute
20180415 20204508  #  +    		ubApp.TubApp(028D3EE0).TubApp.InternalDBExecute
20180415 20204508  # SQL   			ubDBSQLite3ThreadSafe.TubSQLite3Statement(02985E30) PRAGMA foreign_keys = ON
20180415 20204508  #  -    		00.000.017
20180415 20204508  #  -    	00.000.034
20180415 20204508  # http  	127.0.0.1 <- 200
20180415 20204508  #  -    00.000.153
20180415 20204510  ! info  ubApp.TubApp(028D3EE0) {   "ClientsCurrent": 0,   "ClientsMax": 0,   "Invalid": 0,   "Responses": 33,   "Modified": 31,   "IncomingBytes": 19954,   "OutcomingBytes": 2017,   "OutcomingFiles": 0,   "ServiceCalls": 33,   "ProcessTime": "34.76ms"  }
