c:\UnityBase\UB.exe 4.0.0.0 (2018-02-22 16:30:16)Host=WDFN34211327A User=D071860 CPU=4*9-6-19971:FFFBCBBF8373DAFEBF6F9C0000 OS=23.0=10.0.15063 Wow64=1 Freq=2437498Environment variables=ALLUSERSPROFILE=C:\ProgramData	ANSICON=146x32766 (146x21)	ANSICON_DEF=7	APPDATA=C:\Users\D071860\AppData\Roaming	CommonProgramFiles=C:\Program Files (x86)\Common Files	CommonProgramFiles(x86)=C:\Program Files (x86)\Common Files	CommonProgramW6432=C:\Program Files\Common Files	COMPUTERNAME=WDFN34211327A	ComSpec=C:\WINDOWS\system32\cmd.exe	ConEmuANSI=ON	ConEmuAnsiLog=	ConEmuArgs=	ConEmuArgs2=	ConEmuBackHWND=0x001105EE	ConEmuBaseDir=C:\Program Files\ConEmu\ConEmu	ConEmuBaseDirShort=C:\PROGRA~1\ConEmu\ConEmu	ConEmuBuild=180411	ConEmuCfgDir=	ConEmuConfig=	ConEmuDir=C:\Program Files\ConEmu	ConEmuDrawHWND=0x001B0306	ConEmuDrive=C:	ConEmuHooks=Enabled	ConEmuHWND=0x001904C6	ConEmuPalette=<ConEmu>	ConEmuPID=1208	ConEmuPrompt0=$E[m$E[32m$E]9;8;"USERNAME"$E\@$E]9;8;"COMPUTERNAME"$E\$S	ConEmuPrompt1=$E[m$E[32m$E]9;8;"USERNAME"$E\@$E]9;8;"COMPUTERNAME"$E\$S$E[92m$P$E[90m	ConEmuPrompt2=$_$E[90m$G	ConEmuPrompt3=$E[m$S$E]9;12$E\	ConEmuServerPID=5468	ConEmuTask={Shells::cmd}	ConEmuWorkDir=C:\Users\D071860	ConEmuWorkDrive=C:	DEFLOGDIR=C:\ProgramData\McAfee\Endpoint Security\Logs	HOMEDRIVE=C:	homeloc=D_WDF	HOMEPATH=\Users\D071860	KUBECONFIG=C:\Practice\kubernetes\RUSLAN-KUBECONFIG	LOCALAPPDATA=C:\Users\D071860\AppData\Local	LOGONSERVER=\\DS2WDF0004	NUMBER_OF_PROCESSORS=4	OneDrive=C:\Users\D071860\OneDrive	OS=Windows_NT	Path=C:\Program Files\ConEmu\ConEmu\Scripts;C:\Program Files\ConEmu;C:\Program Files\ConEmu\ConEmu;C:\ProgramData\Oracle\Java\javapath;C:\Program Files\Docker\Docker\Resources\bin;C:\WINDOWS\system32;C:\WINDOWS;C:\WINDOWS\System32\Wbem;C:\WINDOWS\System32\WindowsPowerShell\v1.0\;C:\Program Files\Minikube;C:\Program Files\Kubernetes;C:\Program Files (x86)\Google\Cloud SDK\google-cloud-sdk\bin;C:\Program Files\PuTTY\;C:\Program Files\nodejs\;c:\UnityBase;C:\Users\D071860\AppData\Local\Microsoft\WindowsApps;C:\Users\D071860\AppData\Roaming\npm	PATHEXT=.COM;.EXE;.BAT;.CMD;.VBS;.VBE;.JSE;.WSF;.WSH;.MSC	PROCESSOR_ARCHITECTURE=x86	PROCESSOR_ARCHITEW6432=AMD64	PROCESSOR_IDENTIFIER=Intel64 Family 6 Model 78 Stepping 3, GenuineIntel	PROCESSOR_LEVEL=6	PROCESSOR_REVISION=4e03	ProgramData=C:\ProgramData	ProgramFiles=C:\Program Files (x86)	ProgramFiles(x86)=C:\Program Files (x86)	ProgramW6432=C:\Program Files	PROMPT=$E[m$E[32m$E]9;8;"USERNAME"$E\@$E]9;8;"COMPUTERNAME"$E\$S$E[92m$P$E[90m$_$E[90m$G$E[m$S$E]9;12$E\	PSModulePath=C:\Program Files (x86)\WindowsPowerShell\Modules;C:\WINDOWS\system32\WindowsPowerShell\v1.0\Modules;C:\Program Files (x86)\Google\Cloud SDK\google-cloud-sdk\platform\PowerShell	PUBLIC=C:\Users\Public	SESSIONNAME=Console	SNC_LIB=C:\Program Files (x86)\SAP\FrontEnd\SecureLogin\lib\sapcrypto.dll	SNC_LIB_64=C:\Program Files\SAP\FrontEnd\SecureLogin\lib\sapcrypto.dll	SSF_LIBRARY_PATH=C:\Program Files (x86)\SAP\FrontEnd\SecureLogin\lib\sapcrypto.dll	SSF_LIBRARY_PATH_64=C:\Program Files\SAP\FrontEnd\SecureLogin\lib\sapcrypto.dll	SystemDrive=C:	SystemRoot=C:\WINDOWS	TEMP=C:\Users\D071860\AppData\Local\Temp	TMP=C:\Users\D071860\AppData\Local\Temp	UATDATA=C:\WINDOWS\CCM\UATData\D9F8C395-CAB8-491d-B8AC-179A1FE1BE77	UB_HOME=c:\UnityBase	USERDNSDOMAIN=GLOBAL.CORP.SAP	USERDOMAIN=GLOBAL	USERDOMAIN_ROAMINGPROFILE=GLOBAL	USERNAME=D071860	USERPROFILE=C:\Users\D071860	windir=C:\WINDOWSTubLog 1.18.3488 FTS3 2018-04-15T17:10:2320180415 17102360  ! warn  WebSocket support are disabled because WSServer.host = '' in config
20180415 17102360  !  +    ubServer.TubServer(041674E8).008863DB 
20180415 17102360  !  +    	Init app
20180415 17102360  ! srvr  		FTS is disabled
20180415 17102360  ! info  		Check blob store "avatars" folder "C:\ubProject\CityPortal\avatars\": folder exists
20180415 17102360  ! info  		Check blob store "attach" folder "C:\ubProject\CityPortal\docs\attach\": folder exists
20180415 17102360  !  -    	00.000.466
20180415 17102360  !  +    	Folder C:\ubProject\CityPortal\node_modules\@unitybase\ub\ modified
20180415 17102360  !  +    		ubCommonClasses.TubThreadSafeCache(028CCB08).removeStartsWith
20180415 17102360  !  -    		00.000.005
20180415 17102360  !  -    	00.000.009
20180415 17102360  !  +    	Folder C:\ubProject\CityPortal\node_modules\@unitybase\uba\ modified
20180415 17102360  !  +    		ubCommonClasses.TubThreadSafeCache(028CCB08).removeStartsWith
20180415 17102360  !  -    		00.000.000
20180415 17102360  !  -    	00.000.004
20180415 17102360  !  +    	Folder C:\ubProject\CityPortal\node_modules\@unitybase\ubs\ modified
20180415 17102360  !  +    		ubCommonClasses.TubThreadSafeCache(028CCB08).removeStartsWith
20180415 17102360  !  -    		00.000.000
20180415 17102360  !  -    	00.000.003
20180415 17102360  !  +    	Folder C:\ubProject\CityPortal\node_modules\@unitybase\ubm\ modified
20180415 17102360  !  +    		ubCommonClasses.TubThreadSafeCache(028CCB08).removeStartsWith
20180415 17102360  !  -    		00.000.000
20180415 17102360  !  -    	00.000.003
20180415 17102360  !  +    	Folder C:\ubProject\CityPortal\_public_only_\ modified
20180415 17102360  !  +    		ubCommonClasses.TubThreadSafeCache(028CCB08).removeStartsWith
20180415 17102360  !  -    		00.000.000
20180415 17102360  !  -    	00.000.004
20180415 17102360  !  +    	Folder C:\ubProject\CityPortal\node_modules\@unitybase\adminui-reg\ modified
20180415 17102360  !  +    		ubCommonClasses.TubThreadSafeCache(028CCB08).removeStartsWith
20180415 17102360  !  -    		00.000.000
20180415 17102360  !  -    	00.000.004
20180415 17102360  !  +    	Folder C:\ubProject\CityPortal\models\requests\ modified
20180415 17102360  !  +    		ubCommonClasses.TubThreadSafeCache(028CCB08).removeStartsWith
20180415 17102360  !  -    		00.000.000
20180415 17102360  !  -    	00.000.004
20180415 17102360  !  +    	ubApp.TubApp(02833EE0).init
20180415 17102360  ! srvr  		Mime converters are disabled
20180415 17102360  !  -    	00.000.002
20180415 17102360  ! srvr  	Enable zip compresison
20180415 17102360  ! srvr  	Send initialization request to http://localhost:888/init
20180415 17102360  "  +    InitializationRequest
20180415 17102360  "  +    	init
20180415 17102360  " srvr  		Start application intialization...
20180415 17102360  " info  		Loading domain...
20180415 17102360  " info  		Loading model "UB" from "C:\ubProject\CityPortal\node_modules\@unitybase\ub\"
20180415 17102360  " info  		Loading model "UBA" from "C:\ubProject\CityPortal\node_modules\@unitybase\uba\"
20180415 17102362  " info  		Loading model "UBS" from "C:\ubProject\CityPortal\node_modules\@unitybase\ubs\"
20180415 17102400  " info  		Loading model "UBM" from "C:\ubProject\CityPortal\node_modules\@unitybase\ubm\"
20180415 17102400  " info  		Loading model "adminui-reg" from "C:\ubProject\CityPortal\node_modules\@unitybase\adminui-reg\"
20180415 17102400  " info  		Loading model "RequestList" from "C:\ubProject\CityPortal\models\requests\"
20180415 17102401  "  +    		ubApp.TubDataStore(040FFEA8).Init
20180415 17102401  "  +    			ubApp.TubApp(02833EE0).DBExecute
20180415 17102401  "  +    				ubApp.TubApp(02833EE0).TubApp.InternalDBExecute
20180415 17102401  "  +    					00856EC2 
20180415 17102401  "  -    					00.002.488
20180415 17102401  " SQL   					ubDBSQLite3ThreadSafe.TubSQLite3Statement(028E6EB0) PRAGMA foreign_keys = ON
20180415 17102401  " SQL   					ubDBSQLite3ThreadSafe.TubSQLite3Statement(028E68B0) SELECT A01.ID,A01.entity,A01.state,A01.attribute,A01.roleName,A01.actions  FROM uba_als A01  ORDER BY A01.entity ASC
20180415 17102401  "  -    				00.002.605
20180415 17102401  "  -    			00.002.635
20180415 17102401  " debug 			Query result for entity "uba_als" into data name "": row count=0
20180415 17102401  "  -    		00.002.662
20180415 17102401  " srvr  		The domain loaded successfully with 3 entities
20180415 17102401  " debug 		Create new JavaScript Engine for thread 15848
20180415 17102414  "  +    		008C234A 
20180415 17102414  "  +    			ubApp.TubDataStore(0757BE38).Init
20180415 17102414  "  +    				ubApp.TubApp(02833EE0).DBExecute
20180415 17102414  "  +    					ubApp.TubApp(02833EE0).TubApp.InternalDBExecute
20180415 17102414  " SQL   						ubDBSQLite3ThreadSafe.TubSQLite3Statement(028E7210) SELECT A01.ID,A01.name,A01.sessionTimeout,A01.allowedAppMethods  FROM uba_role A01 
20180415 17102414  "  -    					00.000.054
20180415 17102414  "  -    				00.000.121
20180415 17102414  " debug 				Query result for entity "uba_role" into data name "": row count=7
20180415 17102414  "  -    			00.000.133
20180415 17102414  "  +    			ubApp.TubDataStore(0757BEB0).Init
20180415 17102414  "  +    				ubApp.TubApp(02833EE0).DBExecute
20180415 17102414  "  +    					ubApp.TubApp(02833EE0).TubApp.InternalDBExecute
20180415 17102414  " SQL   						ubDBSQLite3ThreadSafe.TubSQLite3Statement(028E71B0) SELECT A01.ID,A01.entityMask,A01.methodMask,A01.ruleType,A01.ruleRole,A01.disabled,A01.code  FROM uba_els A01 
20180415 17102414  "  -    					00.000.033
20180415 17102414  "  -    				00.000.082
20180415 17102414  " debug 				Query result for entity "uba_els" into data name "": row count=21
20180415 17102414  "  -    			00.000.095
20180415 17102414  "  -    		00.000.937
20180415 17102414  " auth  		New session admin/85697309 created at 127.0.0.1/-288230365951164178 using Mozilla/5.0 (Windows; mORMot 1.18 TWinHTTP)
20180415 17102414  " auth  		New session anonymous/85697308 created at 127.0.0.1/-288230365951164178 using Mozilla/5.0 (Windows; mORMot 1.18 TWinHTTP)
20180415 17102414  "  +    		ubApp.TubDataStore(0757BF00).Init
20180415 17102414  "  +    			ubApp.TubApp(02833EE0).DBExecute
20180415 17102414  "  +    				ubApp.TubApp(02833EE0).TubApp.InternalDBExecute
20180415 17102414  " debug 					P1: String(34)	UBA.passwordPolicy.maxDurationDays
20180415 17102414  " SQL   					ubDBSQLite3ThreadSafe.TubSQLite3Statement(028E72D0) select settingValue from ubs_settings where settingKey =?
20180415 17102414  "  -    				00.000.032
20180415 17102414  "  -    			00.000.072
20180415 17102414  " debug 			Query result for entity "ubs_settings" into data name "": row count=1
20180415 17102414  "  -    		00.000.080
20180415 17102414  "  +    		ubApp.TubDataStore(0757BF00).Init
20180415 17102414  "  +    			ubApp.TubApp(02833EE0).DBExecute
20180415 17102414  "  +    				ubApp.TubApp(02833EE0).TubApp.InternalDBExecute
20180415 17102414  " debug 					P1: String(37)	UBA.passwordPolicy.maxInvalidAttempts
20180415 17102414  " SQL   					ubDBSQLite3ThreadSafe.TubSQLite3Statement(028E72D0) select settingValue from ubs_settings where settingKey =?
20180415 17102414  "  -    				00.000.006
20180415 17102414  "  -    			00.000.033
20180415 17102414  " debug 			Query result for entity "ubs_settings" into data name "": row count=1
20180415 17102414  "  -    		00.000.038
20180415 17102414  "  -    	00.252.622
20180415 17102414  "  -    00.252.648
20180415 17102414  ! srvr  	ubServer.TubServer(041674E8) {"THttpApiServer(027FA990)":{"Cloned":false,"RegisteredUrl":"http://+:888/","HTTPQueueLength":1000,"MaxBandwidth":-1,"MaxConnections":-1,"APIVersion":"HTTP API 2.0","ServerName":"UnityBase","ProcessName":""}} initialized
20180415 17102414  !  -    00.260.439
20180415 17102414  "  +    getAppInfo
20180415 17102414  " http  	127.0.0.1 -> GET getAppInfo
20180415 17102414  " call  	endpoint getAppInfo
20180415 17102414  " http  	127.0.0.1 <- 200
20180415 17102414  "  -    00.000.605
20180415 17102415  #  +    auth?AUTHTYPE=UB&userName=admin
20180415 17102415  # http  	127.0.0.1 -> GET auth?AUTHTYPE=UB&userName=admin
20180415 17102415  # debug 	Create new JavaScript Engine for thread 33288
20180415 17102428  # call  	endpoint auth
20180415 17102428  # http  	127.0.0.1 <- 200
20180415 17102428  #  -    00.208.741
20180415 17102428  $  +    auth?AUTHTYPE=UB&clientNonce=ad28e06f549d2abf746ae5cad1657e491251725572e89108c40c027e2fcfaf24&password=433e1402df181cda706f5e3d1e0492ace4bc6bd455c5f92713b8245ae53a8465&userName=admin
20180415 17102428  $ http  	127.0.0.1 -> GET auth?AUTHTYPE=UB&clientNonce=ad28e06f549d2abf746ae5cad1657e491251725572e89108c40c027e2fcfaf24&password=433e1402df181cda706f5e3d1e0492ace4bc6bd455c5f92713b8245ae53a8465&userName=admin
20180415 17102428  $ debug 	Create new JavaScript Engine for thread 30532
20180415 17102441  $ call  	endpoint auth
20180415 17102441  $  +    	ubApp.TubDataStore(07581338).Init
20180415 17102441  $  +    		ubApp.TubApp(02833EE0).DBExecute
20180415 17102441  $  +    			ubApp.TubApp(02833EE0).TubApp.InternalDBExecute
20180415 17102441  $  +    				00856EC2 
20180415 17102441  $  -    				00.002.260
20180415 17102441  $ SQL   				ubDBSQLite3ThreadSafe.TubSQLite3Statement(028E8050) PRAGMA foreign_keys = ON
20180415 17102441  $ debug 				P1: String(5)	admin
20180415 17102441  $ SQL   				ubDBSQLite3ThreadSafe.TubSQLite3Statement(028E79F0) select id, name, uPasswordHashHexa, uData, isPending, trustedIP from UBA_USER where name=? and disabled=0
20180415 17102441  $  -    			00.002.307
20180415 17102441  $  -    		00.002.349
20180415 17102441  $ debug 		Query result for entity "uba_user" into data name "": row count=1
20180415 17102441  $  -    	00.002.365
20180415 17102441  $  +    	ubApp.TubDataStore(07581338).Init
20180415 17102441  $  +    		ubApp.TubApp(02833EE0).DBExecute
20180415 17102441  $  +    			ubApp.TubApp(02833EE0).TubApp.InternalDBExecute
20180415 17102441  $ debug 				P1: Int64		10
20180415 17102441  $ SQL   				ubDBSQLite3ThreadSafe.TubSQLite3Statement(028E8050) SELECT lastPasswordChangeDate FROM uba_user WHERE id=?
20180415 17102441  $  -    			00.000.017
20180415 17102441  $  -    		00.000.040
20180415 17102441  $ debug 		Query result for entity "uba_user" into data name "__expireDate": row count=1
20180415 17102441  $  -    	00.000.047
20180415 17102441  $  +    	ubApp.TubDataStore(07E39188).Init
20180415 17102441  $  +    		ubApp.TubApp(02833EE0).DBExecute
20180415 17102441  $  +    			ubApp.TubApp(02833EE0).TubApp.InternalDBExecute
20180415 17102441  $ debug 				P1: Int64		10
20180415 17102441  $ SQL   				ubDBSQLite3ThreadSafe.TubSQLite3Statement(028E8110) SELECT A01.roleID,A02.name,A02.description  FROM uba_userrole A01  INNER JOIN uba_role A02 ON A02.ID=A01.roleID  WHERE A01.userID=?
20180415 17102441  $  -    			00.000.038
20180415 17102441  $  -    		00.000.074
20180415 17102441  $ debug 		Query result for entity "uba_userrole" into data name "": row count=1
20180415 17102441  $  -    	00.000.082
20180415 17102441  $ auth  	New session admin/85697311 created at 127.0.0.1/-288230365951164178 using Mozilla/5.0 (Windows; mORMot 1.18 TWinHTTP)
20180415 17102441  $  +    	ubMixinClasses.TubStorageMixin(028842C0).MixinMethod
20180415 17102441  $ debug 		uba_user.select(TubStorageMixin)
20180415 17102441  $  +    		ubApp.TubDataStore(07E39188).Init
20180415 17102441  $  +    			ubApp.TubApp(02833EE0).DBExecute
20180415 17102441  $  +    				ubApp.TubApp(02833EE0).TubApp.InternalDBExecute
20180415 17102441  $ debug 					P1: Int64		10
20180415 17102441  $ SQL   					ubDBSQLite3ThreadSafe.TubSQLite3Statement(028E8230) SELECT A01.name  FROM uba_user A01  WHERE A01.ID=?
20180415 17102441  $  -    				00.000.049
20180415 17102441  $  -    			00.000.094
20180415 17102441  $ debug 			Query result for entity "uba_user" into data name "": row count=1
20180415 17102441  $  -    		00.000.103
20180415 17102441  $  -    	00.000.167
20180415 17102443  $  +    	ubMixinClasses.TubStorageMixin(028842C0).MixinMethod
20180415 17102443  $ debug 		uba_advSecurity.select(TubStorageMixin)
20180415 17102443  $  +    		ubApp.TubDataStore(07E39188).Init
20180415 17102443  $  +    			ubApp.TubApp(02833EE0).DBExecute
20180415 17102443  $  +    				ubApp.TubApp(02833EE0).TubApp.InternalDBExecute
20180415 17102443  $ debug 					P1: Int64		10
20180415 17102443  $ SQL   					ubDBSQLite3ThreadSafe.TubSQLite3Statement(028E8290) SELECT A01.ID,A01.allowedIP,A01.refreshIP,A01.fp,A01.refreshFp,A01.keyMediaName,A01.refreshKeyMedia,A01.mi_modifyDate  FROM uba_advSecurity A01  WHERE A01.userID=?
20180415 17102443  $  -    				00.000.053
20180415 17102443  $  -    			00.000.117
20180415 17102443  $ debug 			Query result for entity "uba_advSecurity" into data name "": row count=0
20180415 17102443  $  -    		00.000.128
20180415 17102443  $  -    	00.000.341
20180415 17102443  $  +    	ubMixinClasses.TubStorageMixin(028842C0).MixinMethod
20180415 17102443  $ debug 		uba_userrole.select(TubStorageMixin)
20180415 17102443  $  +    		ubApp.TubDataStore(07E39188).Init
20180415 17102443  $  +    			ubApp.TubApp(02833EE0).DBExecute
20180415 17102443  $  +    				ubApp.TubApp(02833EE0).TubApp.InternalDBExecute
20180415 17102443  $ debug 					P1: Int64		10
20180415 17102443  $ SQL   					ubDBSQLite3ThreadSafe.TubSQLite3Statement(028E82F0) SELECT A01.ID,A02.name,A01.roleID  FROM uba_userrole A01  INNER JOIN uba_role A02 ON A02.ID=A01.roleID  WHERE A01.userID=?
20180415 17102443  $  -    				00.000.055
20180415 17102443  $  -    			00.000.126
20180415 17102443  $ debug 			Query result for entity "uba_userrole" into data name "": row count=1
20180415 17102443  $  -    		00.000.134
20180415 17102443  $  -    	00.000.220
20180415 17102443  $  +    	ubMixinClasses.TubStorageMixin(028842C0).MixinMethod
20180415 17102443  $ debug 		uba_audit.beforeinsert(TubStorageMixin)
20180415 17102443  $  -    	00.000.008
20180415 17102443  $  +    	ubMixinClasses.TubStorageMixin(028842C0).MixinMethod
20180415 17102443  $ debug 		uba_audit.insert(TubStorageMixin)
20180415 17102443  $  +    		ubApp.TubDataStore(07581130).TubDataStore.ExecuteInsertFromList
20180415 17102443  $  +    			ubApp.TubDataStore(07581130).TubDataStore.ExecuteInsertFromSQL
20180415 17102443  $  +    				ubApp.TubApp(02833EE0).DBExecute
20180415 17102443  $  +    					ubApp.TubApp(02833EE0).TubApp.InternalDBExecute
20180415 17102443  $ debug 						P1: String(8)	uba_user
20180415 17102443  $ debug 						P2: Int64		10
20180415 17102443  $ debug 						P3: String(5)	LOGIN
20180415 17102443  $ debug 						P4: Int64		10
20180415 17102443  $ debug 						P5: DateTime	2018-04-15T17:10:24
20180415 17102443  $ debug 						P6: String(9)	127.0.0.1
20180415 17102443  $ debug 						P7: String(5)	admin
20180415 17102443  $ debug 						P8: String(0)	
20180415 17102443  $ debug 						P9: Int64		335785453092865
20180415 17102443  $ debug 						P10: String(313..)	Cache-Control: no-cache  Connection: Keep-Alive  Pragma: no-cache  Accept: */*  Accept-Encoding: gzi...
20180415 17102443  $ DB    						StartTransaction for connection "main"
20180415 17102443  $ SQL   						ubDBSQLite3ThreadSafe.TubSQLite3Statement(028E83B0) INSERT INTO uba_audit (entity,entityinfo_id,actionType,actionUser,actionTime,remoteIP,targetUser,targetRole,ID,fromValue) VALUES (?,?,?,?,?,?,?,?,?,?)
20180415 17102443  $  -    					00.000.128
20180415 17102443  $  -    				00.000.130
20180415 17102443  $  -    			00.000.278
20180415 17102443  $  -    		00.000.290
20180415 17102443  $  -    	00.000.295
20180415 17102443  $  +    	ubMixinClasses.TubStorageMixin(028842C0).MixinMethod
20180415 17102443  $ debug 		uba_audit.afterinsert(TubStorageMixin)
20180415 17102443  $  -    	00.000.005
20180415 17102443  $ DB    	Commit connection "main"
20180415 17102443  $ http  	127.0.0.1 <- 200
20180415 17102443  $  -    00.241.166
20180415 17102443  %  +    ubql
20180415 17102443  % http  	127.0.0.1 -> POST ubql
20180415 17102443  % http  	[{"entity":"ubm_desktop","method":"select","fieldList":["ID"],"options":{"limit":1},"whereList":{"lookup":{"expression":"code","condition":"equal","values":{"code":"CityReq_desktop"}}}}]
20180415 17102443  % debug 	Create new JavaScript Engine for thread 34028
20180415 17102456  % auth  	admin/85697311
20180415 17102456  % call  	endpoint ubql
20180415 17102456  %  +    	ubMixinClasses.TubRLSMixin(02884E20).MixinMethod
20180415 17102456  % debug 		ubm_desktop.select(TubRLSMixin)
20180415 17102456  % debug 		Prepare RLS expression for ubm_desktop
20180415 17102456  %  +    		ubApp.TubDataStore(07E3BEB0).Init
20180415 17102456  %  +    			ubApp.TubApp(02833EE0).DBExecute
20180415 17102456  %  +    				ubApp.TubApp(02833EE0).TubApp.InternalDBExecute
20180415 17102456  %  +    					00856EC2 
20180415 17102456  %  -    					00.002.245
20180415 17102456  % SQL   					ubDBSQLite3ThreadSafe.TubSQLite3Statement(028E8DD0) PRAGMA foreign_keys = ON
20180415 17102456  % SQL   					ubDBSQLite3ThreadSafe.TubSQLite3Statement(028E8770) select ID, name FROM uba_role
20180415 17102456  %  -    				00.002.275
20180415 17102456  %  -    			00.002.309
20180415 17102456  % debug 			Query result for entity "uba_role" into data name "": row count=7
20180415 17102456  %  -    		00.002.320
20180415 17102456  %  -    	00.003.236
20180415 17102456  %  +    	ubMixinClasses.TubStorageMixin(028842C0).MixinMethod
20180415 17102456  % debug 		ubm_desktop.select(TubStorageMixin)
20180415 17102456  %  +    		ubApp.TubDataStore(07E3BD98).Init
20180415 17102456  %  +    			ubApp.TubApp(02833EE0).DBExecute
20180415 17102456  %  +    				ubApp.TubApp(02833EE0).TubApp.InternalDBExecute
20180415 17102456  % debug 					P1: String(15)	CityReq_desktop
20180415 17102456  % debug 					P2: Int64		10
20180415 17102456  % debug 					P3: Int64		10
20180415 17102456  % debug 					P4: DateTime	9999-12-31T00:00:00
20180415 17102456  % SQL   					ubDBSQLite3ThreadSafe.TubSQLite3Statement(028E8E90) SELECT A01.ID  FROM ubm_desktop A01  WHERE code=? AND (( A01.mi_owner = ? ) OR (1=1) OR exists (select 1 from ubm_desktop_adm admsubtable where admsubtable.instanceID = A01.ID and admsubtable.admSubjID in (select ur.RoleID from uba_userrole ur where ur.UserID = ? union select 10))) AND A01.mi_deleteDate=? LIMIT 1 OFFSET 0 
20180415 17102456  %  -    				00.000.095
20180415 17102456  %  -    			00.000.201
20180415 17102456  % debug 			Query result for entity "ubm_desktop" into data name "": row count=1
20180415 17102456  %  -    		00.000.217
20180415 17102456  %  -    	00.000.333
20180415 17102456  % http  	127.0.0.1 <- 200
20180415 17102456  %  -    00.206.119
20180415 17102457  &  +    ubql
20180415 17102457  & http  	127.0.0.1 -> POST ubql
20180415 17102457  & http  	[{"entity":"ubm_navshortcut","method":"select","fieldList":["ID"],"options":{"limit":1},"whereList":{"lookup":{"expression":"code","condition":"equal","values":{"code":"req_departments_folder"}}}}]
20180415 17102457  & debug 	Create new JavaScript Engine for thread 25784
20180415 17102507  & auth  	admin/85697311
20180415 17102507  & call  	endpoint ubql
20180415 17102507  &  +    	ubMixinClasses.TubRLSMixin(02884E20).MixinMethod
20180415 17102507  & debug 		ubm_navshortcut.select(TubRLSMixin)
20180415 17102507  & debug 		Prepare RLS expression for ubm_navshortcut
20180415 17102507  &  +    		ubApp.TubDataStore(07E0DEE8).Init
20180415 17102507  &  +    			ubApp.TubApp(02833EE0).DBExecute
20180415 17102507  &  +    				ubApp.TubApp(02833EE0).TubApp.InternalDBExecute
20180415 17102507  &  +    					00856EC2 
20180415 17102507  &  -    					00.002.082
20180415 17102507  & SQL   					ubDBSQLite3ThreadSafe.TubSQLite3Statement(028E9790) PRAGMA foreign_keys = ON
20180415 17102507  & SQL   					ubDBSQLite3ThreadSafe.TubSQLite3Statement(028E9130) select ID, name FROM uba_role
20180415 17102507  &  -    				00.002.113
20180415 17102507  &  -    			00.002.144
20180415 17102507  & debug 			Query result for entity "uba_role" into data name "": row count=7
20180415 17102507  &  -    		00.002.155
20180415 17102507  &  -    	00.003.314
20180415 17102507  &  +    	ubMixinClasses.TubStorageMixin(028842C0).MixinMethod
20180415 17102507  & debug 		ubm_navshortcut.select(TubStorageMixin)
20180415 17102507  &  +    		ubApp.TubDataStore(07E0DE20).Init
20180415 17102507  &  +    			ubApp.TubApp(02833EE0).DBExecute
20180415 17102507  &  +    				ubApp.TubApp(02833EE0).TubApp.InternalDBExecute
20180415 17102507  & debug 					P1: String(22)	req_departments_folder
20180415 17102507  & debug 					P2: Int64		10
20180415 17102507  & debug 					P3: Int64		10
20180415 17102507  & debug 					P4: DateTime	9999-12-31T00:00:00
20180415 17102507  & SQL   					ubDBSQLite3ThreadSafe.TubSQLite3Statement(028E9850) SELECT A01.ID  FROM ubm_navshortcut A01  WHERE code=? AND (( A01.mi_owner = ? ) OR                (1=1) OR                              exists (select 1 from ubm_navshortcut_adm admsubtable where admsubtable.instanceID = A01.ID and admsubtable.admSubjID in (select ur.RoleID from uba_userrole ur where ur.UserID = ? union select 10))) AND A01.mi_deleteDate=? LIMIT 1 OFFSET 0 
20180415 17102507  &  -    				00.000.102
20180415 17102507  &  -    			00.000.211
20180415 17102507  & debug 			Query result for entity "ubm_navshortcut" into data name "": row count=1
20180415 17102507  &  -    		00.000.239
20180415 17102507  &  -    	00.000.421
20180415 17102507  & http  	127.0.0.1 <- 200
20180415 17102507  &  -    00.205.521
20180415 17102507  '  +    ubql
20180415 17102507  ' http  	127.0.0.1 -> POST ubql
20180415 17102507  ' http  	[{"entity":"ubm_navshortcut","method":"select","fieldList":["ID"],"options":{"limit":1},"whereList":{"lookup":{"expression":"code","condition":"equal","values":{"code":"req_depart"}}}}]
20180415 17102507  ' debug 	Create new JavaScript Engine for thread 31028
20180415 17102520  ' auth  	admin/85697311
20180415 17102520  ' call  	endpoint ubql
20180415 17102520  '  +    	ubMixinClasses.TubRLSMixin(02884E20).MixinMethod
20180415 17102520  ' debug 		ubm_navshortcut.select(TubRLSMixin)
20180415 17102520  ' debug 		Prepare RLS expression for ubm_navshortcut
20180415 17102520  '  +    		ubApp.TubDataStore(07D62650).Init
20180415 17102520  '  +    			ubApp.TubApp(02833EE0).DBExecute
20180415 17102520  '  +    				ubApp.TubApp(02833EE0).TubApp.InternalDBExecute
20180415 17102520  '  +    					00856EC2 
20180415 17102520  '  -    					00.002.101
20180415 17102520  ' SQL   					ubDBSQLite3ThreadSafe.TubSQLite3Statement(028EA1B0) PRAGMA foreign_keys = ON
20180415 17102520  ' SQL   					ubDBSQLite3ThreadSafe.TubSQLite3Statement(028E9B50) select ID, name FROM uba_role
20180415 17102520  '  -    				00.002.138
20180415 17102520  '  -    			00.002.170
20180415 17102520  ' debug 			Query result for entity "uba_role" into data name "": row count=7
20180415 17102520  '  -    		00.002.180
20180415 17102520  '  -    	00.003.025
20180415 17102520  '  +    	ubMixinClasses.TubStorageMixin(028842C0).MixinMethod
20180415 17102520  ' debug 		ubm_navshortcut.select(TubStorageMixin)
20180415 17102520  '  +    		ubApp.TubDataStore(07D62588).Init
20180415 17102520  '  +    			ubApp.TubApp(02833EE0).DBExecute
20180415 17102520  '  +    				ubApp.TubApp(02833EE0).TubApp.InternalDBExecute
20180415 17102520  ' debug 					P1: String(10)	req_depart
20180415 17102520  ' debug 					P2: Int64		10
20180415 17102520  ' debug 					P3: Int64		10
20180415 17102520  ' debug 					P4: DateTime	9999-12-31T00:00:00
20180415 17102520  ' SQL   					ubDBSQLite3ThreadSafe.TubSQLite3Statement(028EA270) SELECT A01.ID  FROM ubm_navshortcut A01  WHERE code=? AND (( A01.mi_owner = ? ) OR                (1=1) OR                              exists (select 1 from ubm_navshortcut_adm admsubtable where admsubtable.instanceID = A01.ID and admsubtable.admSubjID in (select ur.RoleID from uba_userrole ur where ur.UserID = ? union select 10))) AND A01.mi_deleteDate=? LIMIT 1 OFFSET 0 
20180415 17102520  '  -    				00.000.093
20180415 17102520  '  -    			00.000.174
20180415 17102520  ' debug 			Query result for entity "ubm_navshortcut" into data name "": row count=1
20180415 17102520  '  -    		00.000.188
20180415 17102520  '  -    	00.000.313
20180415 17102520  ' http  	127.0.0.1 <- 200
20180415 17102520  '  -    00.204.997
20180415 17102520  (  +    ubql
20180415 17102520  ( http  	127.0.0.1 -> POST ubql
20180415 17102520  ( http  	[{"entity":"ubm_navshortcut","method":"select","fieldList":["ID"],"options":{"limit":1},"whereList":{"lookup":{"expression":"code","condition":"equal","values":{"code":"req_subDepart"}}}}]
20180415 17102520  ( debug 	Create new JavaScript Engine for thread 33580
20180415 17102533  ( auth  	admin/85697311
20180415 17102533  ( call  	endpoint ubql
20180415 17102533  (  +    	ubMixinClasses.TubRLSMixin(02884E20).MixinMethod
20180415 17102533  ( debug 		ubm_navshortcut.select(TubRLSMixin)
20180415 17102533  ( debug 		Prepare RLS expression for ubm_navshortcut
20180415 17102533  (  +    		ubApp.TubDataStore(07D66890).Init
20180415 17102533  (  +    			ubApp.TubApp(02833EE0).DBExecute
20180415 17102533  (  +    				ubApp.TubApp(02833EE0).TubApp.InternalDBExecute
20180415 17102533  (  +    					00856EC2 
20180415 17102533  (  -    					00.002.094
20180415 17102533  ( SQL   					ubDBSQLite3ThreadSafe.TubSQLite3Statement(028EAB70) PRAGMA foreign_keys = ON
20180415 17102533  ( SQL   					ubDBSQLite3ThreadSafe.TubSQLite3Statement(028EA510) select ID, name FROM uba_role
20180415 17102533  (  -    				00.002.125
20180415 17102533  (  -    			00.002.160
20180415 17102533  ( debug 			Query result for entity "uba_role" into data name "": row count=7
20180415 17102533  (  -    		00.002.173
20180415 17102533  (  -    	00.003.001
20180415 17102533  (  +    	ubMixinClasses.TubStorageMixin(028842C0).MixinMethod
20180415 17102533  ( debug 		ubm_navshortcut.select(TubStorageMixin)
20180415 17102533  (  +    		ubApp.TubDataStore(07D667C8).Init
20180415 17102533  (  +    			ubApp.TubApp(02833EE0).DBExecute
20180415 17102533  (  +    				ubApp.TubApp(02833EE0).TubApp.InternalDBExecute
20180415 17102533  ( debug 					P1: String(13)	req_subDepart
20180415 17102533  ( debug 					P2: Int64		10
20180415 17102533  ( debug 					P3: Int64		10
20180415 17102533  ( debug 					P4: DateTime	9999-12-31T00:00:00
20180415 17102533  ( SQL   					ubDBSQLite3ThreadSafe.TubSQLite3Statement(028EAC30) SELECT A01.ID  FROM ubm_navshortcut A01  WHERE code=? AND (( A01.mi_owner = ? ) OR                (1=1) OR                              exists (select 1 from ubm_navshortcut_adm admsubtable where admsubtable.instanceID = A01.ID and admsubtable.admSubjID in (select ur.RoleID from uba_userrole ur where ur.UserID = ? union select 10))) AND A01.mi_deleteDate=? LIMIT 1 OFFSET 0 
20180415 17102533  (  -    				00.000.085
20180415 17102533  (  -    			00.000.142
20180415 17102533  ( debug 			Query result for entity "ubm_navshortcut" into data name "": row count=0
20180415 17102533  (  -    		00.000.155
20180415 17102533  (  -    	00.000.267
20180415 17102533  ( http  	127.0.0.1 <- 200
20180415 17102533  (  -    00.209.401
20180415 17102533  )  +    ubql
20180415 17102533  ) http  	127.0.0.1 -> POST ubql
20180415 17102533  ) http  	[{"fieldList":["ID"],"entity":"ubm_navshortcut","execParams":{"desktopID":335784125104129,"parentID":335784125136897,"code":"req_subDepart","caption":"SubDepartments","iconCls":"fa fa-user-circle-o","displayOrder":20,"cmdCode":"{\n\t\"cmdType\": \"showList\",\n\t\"cmdData\": {\n\t\t\"params\": [\n\t\t\t{\n\t\t\t\t\"entity\": \"req_subDepart\",\n\t\t\t\t\"method\": \"select\",\n\t\t\t\t\"fieldList\": \"*\"\n\t\t\t}\n\t\t]\n\t}\n}"},"method":"insert"}]
20180415 17102533  ) debug 	Create new JavaScript Engine for thread 38896
20180415 17102546  ) auth  	admin/85697311
20180415 17102546  ) call  	endpoint ubql
20180415 17102546  )  +    	ubMixinClasses.TubStorageMixin(028842C0).MixinMethod
20180415 17102546  ) debug 		ubm_navshortcut.beforeinsert(TubStorageMixin)
20180415 17102546  )  -    	00.000.011
20180415 17102546  )  +    	ubMixinClasses.TubTreeMixin(02884DB0).MixinMethod
20180415 17102546  ) debug 		ubm_navshortcut.insert(TubTreeMixin)
20180415 17102546  )  +    		ubApp.TubDataStore(0D5C8070).Init
20180415 17102546  )  +    			ubApp.TubApp(02833EE0).DBExecute
20180415 17102546  )  +    				ubApp.TubApp(02833EE0).TubApp.InternalDBExecute
20180415 17102546  )  +    					00856EC2 
20180415 17102546  )  -    					00.002.078
20180415 17102546  ) SQL   					ubDBSQLite3ThreadSafe.TubSQLite3Statement(028EB590) PRAGMA foreign_keys = ON
20180415 17102546  ) debug 					P1: Int64		335784125136897
20180415 17102546  ) SQL   					ubDBSQLite3ThreadSafe.TubSQLite3Statement(028EAF30) WITH RECURSIVE q AS(  SELECT id, parentID FROM ubm_navshortcut WHERE id = ?   UNION ALL   SELECT gm.id, gm.parentID FROM ubm_navshortcut gm JOIN q ON gm.id = q.parentID) SELECT id FROM q
20180415 17102546  )  -    				00.002.146
20180415 17102546  )  -    			00.002.239
20180415 17102546  ) debug 			Query result for entity "ubm_navshortcut" into data name "calcTreePath": row count=1
20180415 17102546  )  -    		00.002.252
20180415 17102546  )  -    	00.002.330
20180415 17102546  )  +    	ubMixinClasses.TubStorageMixin(028842C0).MixinMethod
20180415 17102546  ) debug 		ubm_navshortcut.insert(TubStorageMixin)
20180415 17102546  )  +    		ubApp.TubDataStore(0D5C8070).TubDataStore.ExecuteInsertFromList
20180415 17102546  )  +    			ubApp.TubDataStore(0D5C8070).TubDataStore.ExecuteInsertFromSQL
20180415 17102546  )  +    				ubApp.TubApp(02833EE0).DBExecute
20180415 17102546  )  +    					ubApp.TubApp(02833EE0).TubApp.InternalDBExecute
20180415 17102546  ) EXC   						ESQLite3Exception {"ErrorCode":1,"SQLite3ErrorCode":"ERROR","Message":"Error SQLITE_ERROR (1) [INSERT INTO ubm_navshortcut (desktopID,parentID,code,caption,iconCls,displayOrder,ID,mi_treePath,mi_owner,mi_createDate,mi_createUser,mi_modifyDate,mi_modifyUser,caption_uk,cmdCode) VALUES (?,?,?,?,?,?,?,?,?,?,?,?,?,?,?)] using 3.17.0 - table ubm_navshortcut has no column named caption_uk, extended_errcode=1"} at 00625076 
20180415 17102547  ) EXC   						EMetabaseException {"errorCode":0,"Message":"Internal server error"} at 008C4B3B 
20180415 17102547  ) EXC   						EMetabaseException {"errorCode":0,"Message":"Internal server error"} at 008C4B3B 
20180415 17102547  )  -    					00.005.697
20180415 17102547  )  -    				00.005.700
20180415 17102547  )  -    			00.005.856
20180415 17102547  )  -    		00.005.875
20180415 17102547  )  -    	00.005.883
20180415 17102547  ) ERROR 	POST ubql ERROR=500 (Internal server error)
20180415 17102547  )  -    00.215.415
20180415 17102553  ! info  ubApp.TubApp(02833EE0) {   "ClientsCurrent": 1,   "ClientsMax": 1,   "Invalid": 1,   "Responses": 7,   "Modified": 0,   "IncomingBytes": 4086,   "OutcomingBytes": 1741,   "OutcomingFiles": 0,   "ServiceCalls": 7,   "ProcessTime": "1.49s"  }
20180415 17102560  ! EXC   C:\\Users\\D071860\\AppData\\Roaming\\npm\\node_modules\\@unitybase\\ubcli\\node_modules\\@unitybase\\base\\UBConnection.js:421\r\rError: Server error: \"Internal server error\nUBConnection.prototype.xhr@C:\\Users\\D071860\\AppData\\Roaming\\npm\\node_modules\\@unitybase\\ubcli\\node_modules\\@unitybase\\base\\UBConnection.js:421:15\nUBConnection.prototype.query@C:\\Users\\D071860\\AppData\\Roaming\\npm\\node_modules\\@unitybase\\ubcli\\node_modules\\@unitybase\\base\\UBConnection.js:337:12\nUBConnection.prototype.insert@C:\\Users\\D071860\\AppData\\Roaming\\npm\\node_modules\\@unitybase\\ubcli\\node_modules\\@unitybase\\base\\UBConnection.js:576:13\nmodule.exports@C:\\ubProject\\CityPortal\\models\\requests\\_initialData\\010_create_navshortcuts.js:69:18\nrequireAndRun@C:\\Users\\D071860\\AppData\\Roaming\\npm\\node_modules\\@unitybase\\ubcli\\lib\\initialize.js:85:9\ninitialize/</<@C:\\Users\\D071860\\AppData\\Roaming\\npm\\node_modules\\@unitybase\\ubcli\\lib\\initialize.js:57:13\ninitialize/<@C:\\Users\\D071860\\AppData\\Roaming\\npm\\node_modules\\@unitybase\\ubcli\\lib\\initialize.js:56:11\narrayEach@C:\\Users\\D071860\\AppData\\Roaming\\npm\\node_modules\\@unitybase\\ubcli\\node_modules\\lodash\\lodash.js:508:11\nforEach@C:\\Users\\D071860\\AppData\\Roaming\\npm\\node_modules\\@unitybase\\ubcli\\node_modules\\lodash\\lodash.js:9334:14\ninitialize@C:\\Users\\D071860\\AppData\\Roaming\\npm\\node_modules\\@unitybase\\ubcli\\lib\\initialize.js:49:5\n@C:\\Users\\D071860\\AppData\\Roaming\\npm\\node_modules\\@unitybase\\ubcli\\bin\\ubcli.js:20:40\nModule.prototype._compile@module.js:579:16\nModule._extensions[\".js\"]@module.js:588:3\nModule.prototype.load@module.js:496:3\ntryModuleLoad@module.js:455:5\nModule._load@module.js:447:3\nModule.prototype.require@module.js:506:10\n@shell.js:1:16\n
