c:\UnityBase\UB.exe 4.0.0.0 (2018-02-22 16:30:16)Host=WDFN34211327A User=D071860 CPU=4*9-6-19971:FFFBCBBF8373DAFEBF6F9C0000 OS=23.0=10.0.15063 Wow64=1 Freq=2437498Environment variables=ALLUSERSPROFILE=C:\ProgramData	ANSICON=121x32766 (121x26)	ANSICON_DEF=7	APPDATA=C:\Users\D071860\AppData\Roaming	CommonProgramFiles=C:\Program Files (x86)\Common Files	CommonProgramFiles(x86)=C:\Program Files (x86)\Common Files	CommonProgramW6432=C:\Program Files\Common Files	COMPUTERNAME=WDFN34211327A	ComSpec=C:\WINDOWS\system32\cmd.exe	ConEmuANSI=ON	ConEmuAnsiLog=	ConEmuArgs=	ConEmuArgs2=	ConEmuBackHWND=0x000B026E	ConEmuBaseDir=C:\Program Files\ConEmu\ConEmu	ConEmuBaseDirShort=C:\PROGRA~1\ConEmu\ConEmu	ConEmuBuild=180411	ConEmuCfgDir=	ConEmuConfig=	ConEmuDir=C:\Program Files\ConEmu	ConEmuDrawHWND=0x00180912	ConEmuDrive=C:	ConEmuHooks=Enabled	ConEmuHWND=0x001904C6	ConEmuPalette=<ConEmu>	ConEmuPID=1208	ConEmuPrompt0=$E[m$E[32m$E]9;8;"USERNAME"$E\@$E]9;8;"COMPUTERNAME"$E\$S	ConEmuPrompt1=$E[m$E[32m$E]9;8;"USERNAME"$E\@$E]9;8;"COMPUTERNAME"$E\$S$E[92m$P$E[90m	ConEmuPrompt2=$_$E[90m$G	ConEmuPrompt3=$E[m$S$E]9;12$E\	ConEmuServerPID=20132	ConEmuTask={Shells::cmd}	ConEmuWorkDir=C:\Users\D071860	ConEmuWorkDrive=C:	DEFLOGDIR=C:\ProgramData\McAfee\Endpoint Security\Logs	HOMEDRIVE=C:	homeloc=D_WDF	HOMEPATH=\Users\D071860	KUBECONFIG=C:\Practice\kubernetes\RUSLAN-KUBECONFIG	LOCALAPPDATA=C:\Users\D071860\AppData\Local	LOGONSERVER=\\DS2WDF0004	NUMBER_OF_PROCESSORS=4	OneDrive=C:\Users\D071860\OneDrive	OS=Windows_NT	Path=C:\Program Files\ConEmu\ConEmu\Scripts;C:\Program Files\ConEmu;C:\Program Files\ConEmu\ConEmu;C:\ProgramData\Oracle\Java\javapath;C:\Program Files\Docker\Docker\Resources\bin;C:\WINDOWS\system32;C:\WINDOWS;C:\WINDOWS\System32\Wbem;C:\WINDOWS\System32\WindowsPowerShell\v1.0\;C:\Program Files\Minikube;C:\Program Files\Kubernetes;C:\Program Files (x86)\Google\Cloud SDK\google-cloud-sdk\bin;C:\Program Files\PuTTY\;C:\Program Files\nodejs\;c:\UnityBase;C:\Users\D071860\AppData\Local\Microsoft\WindowsApps;C:\Users\D071860\AppData\Roaming\npm	PATHEXT=.COM;.EXE;.BAT;.CMD;.VBS;.VBE;.JS;.JSE;.WSF;.WSH;.MSC	PROCESSOR_ARCHITECTURE=x86	PROCESSOR_ARCHITEW6432=AMD64	PROCESSOR_IDENTIFIER=Intel64 Family 6 Model 78 Stepping 3, GenuineIntel	PROCESSOR_LEVEL=6	PROCESSOR_REVISION=4e03	ProgramData=C:\ProgramData	ProgramFiles=C:\Program Files (x86)	ProgramFiles(x86)=C:\Program Files (x86)	ProgramW6432=C:\Program Files	PROMPT=$E[m$E[32m$E]9;8;"USERNAME"$E\@$E]9;8;"COMPUTERNAME"$E\$S$E[92m$P$E[90m$_$E[90m$G$E[m$S$E]9;12$E\	PSModulePath=C:\Program Files (x86)\WindowsPowerShell\Modules;C:\WINDOWS\system32\WindowsPowerShell\v1.0\Modules;C:\Program Files (x86)\Google\Cloud SDK\google-cloud-sdk\platform\PowerShell	PUBLIC=C:\Users\Public	SESSIONNAME=Console	SNC_LIB=C:\Program Files (x86)\SAP\FrontEnd\SecureLogin\lib\sapcrypto.dll	SNC_LIB_64=C:\Program Files\SAP\FrontEnd\SecureLogin\lib\sapcrypto.dll	SSF_LIBRARY_PATH=C:\Program Files (x86)\SAP\FrontEnd\SecureLogin\lib\sapcrypto.dll	SSF_LIBRARY_PATH_64=C:\Program Files\SAP\FrontEnd\SecureLogin\lib\sapcrypto.dll	SystemDrive=C:	SystemRoot=C:\WINDOWS	TEMP=C:\Users\D071860\AppData\Local\Temp	TMP=C:\Users\D071860\AppData\Local\Temp	UATDATA=C:\WINDOWS\CCM\UATData\D9F8C395-CAB8-491d-B8AC-179A1FE1BE77	UB_HOME=c:\UnityBase	USERDNSDOMAIN=GLOBAL.CORP.SAP	USERDOMAIN=GLOBAL	USERDOMAIN_ROAMINGPROFILE=GLOBAL	USERNAME=D071860	USERPROFILE=C:\Users\D071860	windir=C:\WINDOWSTubLog 1.18.3488 FTS3 2018-04-15T18:34:0420180415 18340441  ! warn  WebSocket support are disabled because WSServer.host = '' in config
20180415 18340441  !  +    ubServer.TubServer(02DCE5C0).008863DB 
20180415 18340441  !  +    	Init app
20180415 18340442  ! srvr  		FTS is disabled
20180415 18340442  ! info  		Check blob store "avatars" folder "C:\ubProject\CityPortal\avatars\": folder exists
20180415 18340442  ! info  		Check blob store "attach" folder "C:\ubProject\CityPortal\docs\attach\": folder exists
20180415 18340442  !  -    	00.000.533
20180415 18340442  !  +    	Folder C:\ubProject\CityPortal\node_modules\@unitybase\ub\ modified
20180415 18340442  !  +    		ubCommonClasses.TubThreadSafeCache(02DCCB08).removeStartsWith
20180415 18340442  !  -    		00.000.005
20180415 18340442  !  -    	00.000.012
20180415 18340442  !  +    	Folder C:\ubProject\CityPortal\node_modules\@unitybase\uba\ modified
20180415 18340442  !  +    		ubCommonClasses.TubThreadSafeCache(02DCCB08).removeStartsWith
20180415 18340442  !  -    		00.000.000
20180415 18340442  !  -    	00.000.004
20180415 18340442  !  +    	Folder C:\ubProject\CityPortal\node_modules\@unitybase\ubs\ modified
20180415 18340442  !  +    		ubCommonClasses.TubThreadSafeCache(02DCCB08).removeStartsWith
20180415 18340442  !  -    		00.000.000
20180415 18340442  !  -    	00.000.003
20180415 18340442  !  +    	Folder C:\ubProject\CityPortal\node_modules\@unitybase\ubm\ modified
20180415 18340442  !  +    		ubCommonClasses.TubThreadSafeCache(02DCCB08).removeStartsWith
20180415 18340442  !  -    		00.000.000
20180415 18340442  !  -    	00.000.002
20180415 18340442  !  +    	Folder C:\ubProject\CityPortal\_public_only_\ modified
20180415 18340442  !  +    		ubCommonClasses.TubThreadSafeCache(02DCCB08).removeStartsWith
20180415 18340442  !  -    		00.000.000
20180415 18340442  !  -    	00.000.002
20180415 18340442  !  +    	Folder C:\ubProject\CityPortal\node_modules\@unitybase\adminui-reg\ modified
20180415 18340442  !  +    		ubCommonClasses.TubThreadSafeCache(02DCCB08).removeStartsWith
20180415 18340442  !  -    		00.000.001
20180415 18340442  !  -    	00.000.007
20180415 18340442  !  +    	Folder C:\ubProject\CityPortal\models\requests\ modified
20180415 18340442  !  +    		ubCommonClasses.TubThreadSafeCache(02DCCB08).removeStartsWith
20180415 18340442  !  -    		00.000.000
20180415 18340442  !  -    	00.000.003
20180415 18340442  !  +    	ubApp.TubApp(02D33EE0).init
20180415 18340442  ! srvr  		Mime converters are disabled
20180415 18340442  !  -    	00.000.004
20180415 18340442  ! srvr  	Enable zip compresison
20180415 18340442  ! srvr  	Send initialization request to http://localhost:888/init
20180415 18340444  "  +    InitializationRequest
20180415 18340444  "  +    	init
20180415 18340444  " srvr  		Start application intialization...
20180415 18340444  " info  		Loading domain...
20180415 18340444  " info  		Loading model "UB" from "C:\ubProject\CityPortal\node_modules\@unitybase\ub\"
20180415 18340444  " info  		Loading model "UBA" from "C:\ubProject\CityPortal\node_modules\@unitybase\uba\"
20180415 18340445  " info  		Loading model "UBS" from "C:\ubProject\CityPortal\node_modules\@unitybase\ubs\"
20180415 18340446  " info  		Loading model "UBM" from "C:\ubProject\CityPortal\node_modules\@unitybase\ubm\"
20180415 18340446  " info  		Loading model "adminui-reg" from "C:\ubProject\CityPortal\node_modules\@unitybase\adminui-reg\"
20180415 18340446  " info  		Loading model "RequestList" from "C:\ubProject\CityPortal\models\requests\"
20180415 18340446  "  +    		ubApp.TubDataStore(04236028).Init
20180415 18340446  "  +    			ubApp.TubApp(02D33EE0).DBExecute
20180415 18340446  "  +    				ubApp.TubApp(02D33EE0).TubApp.InternalDBExecute
20180415 18340446  "  +    					00856EC2 
20180415 18340446  "  -    					00.008.921
20180415 18340446  " SQL   					ubDBSQLite3ThreadSafe.TubSQLite3Statement(02DE6DF0) PRAGMA foreign_keys = ON
20180415 18340446  " SQL   					ubDBSQLite3ThreadSafe.TubSQLite3Statement(02DE67F0) SELECT A01.ID,A01.entity,A01.state,A01.attribute,A01.roleName,A01.actions  FROM uba_als A01  ORDER BY A01.entity ASC
20180415 18340446  "  -    				00.009.052
20180415 18340446  "  -    			00.009.084
20180415 18340446  " debug 			Query result for entity "uba_als" into data name "": row count=0
20180415 18340446  "  -    		00.009.110
20180415 18340446  " srvr  		The domain loaded successfully with 3 entities
20180415 18340446  " debug 		Create new JavaScript Engine for thread 39792
20180415 18340504  "  +    		008C234A 
20180415 18340504  "  +    			ubApp.TubDataStore(05750F98).Init
20180415 18340504  "  +    				ubApp.TubApp(02D33EE0).DBExecute
20180415 18340504  "  +    					ubApp.TubApp(02D33EE0).TubApp.InternalDBExecute
20180415 18340504  " SQL   						ubDBSQLite3ThreadSafe.TubSQLite3Statement(02DE7150) SELECT A01.ID,A01.name,A01.sessionTimeout,A01.allowedAppMethods  FROM uba_role A01 
20180415 18340504  "  -    					00.000.055
20180415 18340504  "  -    				00.000.138
20180415 18340504  " debug 				Query result for entity "uba_role" into data name "": row count=7
20180415 18340504  "  -    			00.000.154
20180415 18340504  "  +    			ubApp.TubDataStore(05751010).Init
20180415 18340504  "  +    				ubApp.TubApp(02D33EE0).DBExecute
20180415 18340504  "  +    					ubApp.TubApp(02D33EE0).TubApp.InternalDBExecute
20180415 18340504  " SQL   						ubDBSQLite3ThreadSafe.TubSQLite3Statement(02DE70F0) SELECT A01.ID,A01.entityMask,A01.methodMask,A01.ruleType,A01.ruleRole,A01.disabled,A01.code  FROM uba_els A01 
20180415 18340504  "  -    					00.000.044
20180415 18340504  "  -    				00.000.156
20180415 18340504  " debug 				Query result for entity "uba_els" into data name "": row count=34
20180415 18340504  "  -    			00.000.201
20180415 18340504  "  -    		00.001.711
20180415 18340504  " auth  		New session admin/90718163 created at 127.0.0.1/-432345562616954743 using Mozilla/5.0 (Windows; mORMot 1.18 TWinHTTP)
20180415 18340504  " auth  		New session anonymous/90718162 created at 127.0.0.1/-432345562616954743 using Mozilla/5.0 (Windows; mORMot 1.18 TWinHTTP)
20180415 18340504  "  +    		ubApp.TubDataStore(05751218).Init
20180415 18340504  "  +    			ubApp.TubApp(02D33EE0).DBExecute
20180415 18340504  "  +    				ubApp.TubApp(02D33EE0).TubApp.InternalDBExecute
20180415 18340504  " debug 					P1: String(34)	UBA.passwordPolicy.maxDurationDays
20180415 18340504  " SQL   					ubDBSQLite3ThreadSafe.TubSQLite3Statement(02DE7210) select settingValue from ubs_settings where settingKey =?
20180415 18340504  "  -    				00.000.042
20180415 18340504  "  -    			00.000.118
20180415 18340504  " debug 			Query result for entity "ubs_settings" into data name "": row count=1
20180415 18340504  "  -    		00.000.130
20180415 18340504  "  +    		ubApp.TubDataStore(05751218).Init
20180415 18340504  "  +    			ubApp.TubApp(02D33EE0).DBExecute
20180415 18340504  "  +    				ubApp.TubApp(02D33EE0).TubApp.InternalDBExecute
20180415 18340504  " debug 					P1: String(37)	UBA.passwordPolicy.maxInvalidAttempts
20180415 18340504  " SQL   					ubDBSQLite3ThreadSafe.TubSQLite3Statement(02DE7210) select settingValue from ubs_settings where settingKey =?
20180415 18340504  "  -    				00.000.010
20180415 18340504  "  -    			00.000.030
20180415 18340504  " debug 			Query result for entity "ubs_settings" into data name "": row count=1
20180415 18340504  "  -    		00.000.038
20180415 18340504  "  -    	00.358.479
20180415 18340504  "  -    00.358.522
20180415 18340504  ! srvr  	ubServer.TubServer(02DCE5C0) {"THttpApiServer(02CFA990)":{"Cloned":false,"RegisteredUrl":"http://+:888/","HTTPQueueLength":1000,"MaxBandwidth":-1,"MaxConnections":-1,"APIVersion":"HTTP API 2.0","ServerName":"UnityBase","ProcessName":""}} initialized
20180415 18340504  !  -    00.384.768
20180415 18340623  "  +    adm
20180415 18340623  " http  	127.0.0.1 -> GET adm
20180415 18340623  " call  	endpoint adm
20180415 18340624  "  +    	ubApp.TubApp(02D33EE0).008CA69A 
20180415 18340624  " debug 		FOLDER_CHECKSUM: calc folder checksum C:\ubProject\CityPortal\node_modules\@unitybase\ub\public\
20180415 18340624  " debug 		FOLDER_CHECKSUM: put folder checksum 00157f1fae1f03ef6a703e934be7d698 to UB_STATIC.checkSum_C:\ubProject\CityPortal\node_modules\@unitybase\ub\public\
20180415 18340624  "  -    	00.005.230
20180415 18340624  "  +    	ubApp.TubApp(02D33EE0).008CA69A 
20180415 18340624  " debug 		FOLDER_CHECKSUM: calc folder checksum C:\ubProject\CityPortal\node_modules\@unitybase\uba\public\
20180415 18340624  " debug 		FOLDER_CHECKSUM: put folder checksum a32940308a4662e5435a97adb22e235d to UB_STATIC.checkSum_C:\ubProject\CityPortal\node_modules\@unitybase\uba\public\
20180415 18340624  "  -    	00.007.218
20180415 18340624  "  +    	ubApp.TubApp(02D33EE0).008CA69A 
20180415 18340624  " debug 		FOLDER_CHECKSUM: calc folder checksum C:\ubProject\CityPortal\node_modules\@unitybase\ubs\public\
20180415 18340626  " debug 		FOLDER_CHECKSUM: put folder checksum 09ae0381f4412f542ab1aadbbe332ebf to UB_STATIC.checkSum_C:\ubProject\CityPortal\node_modules\@unitybase\ubs\public\
20180415 18340626  "  -    	00.014.867
20180415 18340626  "  +    	ubApp.TubApp(02D33EE0).008CA69A 
20180415 18340626  " debug 		FOLDER_CHECKSUM: calc folder checksum C:\ubProject\CityPortal\node_modules\@unitybase\ubm\public\
20180415 18340626  " debug 		FOLDER_CHECKSUM: put folder checksum dc6e83da37c06ee25743d7dbdcd06b0e to UB_STATIC.checkSum_C:\ubProject\CityPortal\node_modules\@unitybase\ubm\public\
20180415 18340626  "  -    	00.006.742
20180415 18340626  "  +    	ubApp.TubApp(02D33EE0).008CA69A 
20180415 18340626  " debug 		FOLDER_CHECKSUM: calc folder checksum C:\ubProject\CityPortal\node_modules\@unitybase\ub-pub\
20180415 18340626  " debug 		FOLDER_CHECKSUM: put folder checksum cbdc3e54b9e8fec97c835c258b8ab6ad to UB_STATIC.checkSum_C:\ubProject\CityPortal\node_modules\@unitybase\ub-pub\
20180415 18340626  "  -    	00.006.027
20180415 18340626  "  +    	ubApp.TubApp(02D33EE0).008CA69A 
20180415 18340626  " debug 		FOLDER_CHECKSUM: calc folder checksum C:\ubProject\CityPortal\node_modules\@unitybase\adminui-pub\
20180415 18340645  " debug 		FOLDER_CHECKSUM: put folder checksum d8933199bb724b06e155d3bbe71a5c41 to UB_STATIC.checkSum_C:\ubProject\CityPortal\node_modules\@unitybase\adminui-pub\
20180415 18340645  "  -    	00.292.429
20180415 18340645  "  +    	ubApp.TubApp(02D33EE0).008CA69A 
20180415 18340645  " debug 		FOLDER_CHECKSUM: calc folder checksum C:\ubProject\CityPortal\node_modules\@unitybase\adminui-reg\public\
20180415 18340645  " debug 		FOLDER_CHECKSUM: put folder checksum f1d3ff8443297732862df21dc4e57262 to UB_STATIC.checkSum_C:\ubProject\CityPortal\node_modules\@unitybase\adminui-reg\public\
20180415 18340645  "  -    	00.000.081
20180415 18340645  "  +    	ubApp.TubApp(02D33EE0).008CA69A 
20180415 18340645  " debug 		FOLDER_CHECKSUM: calc folder checksum C:\ubProject\CityPortal\models\requests\public\
20180415 18340646  " debug 		FOLDER_CHECKSUM: put folder checksum 923c15d1e5c77327e6122e4c2ca3a584 to UB_STATIC.checkSum_C:\ubProject\CityPortal\models\requests\public\
20180415 18340646  "  -    	00.021.171
20180415 18340647  " ERROR 	invalid path models/adminui-pub/themes/UBGrayTheme/UBGrayTheme-all.css 
20180415 18340647  "  +    	ubApp.TubApp(02D33EE0).008CA40C 
20180415 18340647  " debug 		STATIC_SCECKSUM: Calc file checksum 
20180415 18340647  " debug 		STATIC_SCECKSUM: put file checksum d41d8cd98f00b204e9800998ecf8427e to UB_STATIC.checkSum_
20180415 18340647  "  -    	00.000.006
20180415 18340647  " ERROR 	invalid path models/adminui-pub/ub-css-all.css 
20180415 18340647  " ERROR 	invalid path models/adminui-pub/themes/UBGrayTheme/ub.css 
20180415 18340647  " ERROR 	invalid path clientRequire/systemjs/dist/system.js 
20180415 18340647  " ERROR 	invalid path models/adminui-pub/dist/ext-all.min.js 
20180415 18340647  " info  	Generate index.mustache from template C:\ubProject\CityPortal\node_modules\@unitybase\adminui-pub\index.mustache 
20180415 18340647  " http  	127.0.0.1 <- 200
20180415 18340647  "  -    00.381.074
20180415 18340650  #  +    models/adminui-pub/themes/UBGrayTheme/UBGrayTheme-all.css?ver=d41d8cd98f00b204e9800998ecf8427e
20180415 18340650  # http  	127.0.0.1 -> GET models/adminui-pub/themes/UBGrayTheme/UBGrayTheme-all.css?ver=d41d8cd98f00b204e9800998ecf8427e
20180415 18340650  # debug 	Create new JavaScript Engine for thread 40196
20180415 18340650  $  +    models/adminui-pub/ub-css-all.css?ver=d41d8cd98f00b204e9800998ecf8427e
20180415 18340650  $ http  	127.0.0.1 -> GET models/adminui-pub/ub-css-all.css?ver=d41d8cd98f00b204e9800998ecf8427e
20180415 18340650  %  +    clientRequire/font-awesome/css/font-awesome.min.css
20180415 18340650  % http  	127.0.0.1 -> GET clientRequire/font-awesome/css/font-awesome.min.css
20180415 18340650  &  +    models/adminui-pub/themes/UBGrayTheme/ub.css?ver=d41d8cd98f00b204e9800998ecf8427e
20180415 18340650  & http  	127.0.0.1 -> GET models/adminui-pub/themes/UBGrayTheme/ub.css?ver=d41d8cd98f00b204e9800998ecf8427e
20180415 18340650  '  +    clientRequire/es6-promise/dist/es6-promise.auto.min.js
20180415 18340650  ' http  	127.0.0.1 -> GET clientRequire/es6-promise/dist/es6-promise.auto.min.js
20180415 18340650  (  +    clientRequire/systemjs/dist/system.js?ver=d41d8cd98f00b204e9800998ecf8427e
20180415 18340650  ( http  	127.0.0.1 -> GET clientRequire/systemjs/dist/system.js?ver=d41d8cd98f00b204e9800998ecf8427e
20180415 18340656  $ debug 	Create new JavaScript Engine for thread 30792
20180415 18340660  % debug 	Create new JavaScript Engine for thread 41876
20180415 18340701  & debug 	Create new JavaScript Engine for thread 38796
20180415 18340705  ' debug 	Create new JavaScript Engine for thread 21456
20180415 18340711  ( debug 	Create new JavaScript Engine for thread 36860
20180415 18340714  # call  	endpoint models
20180415 18340721  # http  	127.0.0.1 <- 200
20180415 18340721  #  -    00.533.935
20180415 18340727  $ call  	endpoint models
20180415 18340730  )  +    adm
20180415 18340730  ) http  	127.0.0.1 -> GET adm
20180415 18340730  ) debug 	Create new JavaScript Engine for thread 13796
20180415 18340733  $ http  	127.0.0.1 <- 200
20180415 18340733  $  -    00.725.699
20180415 18340736  % call  	endpoint clientRequire
20180415 18340736  % info  	Call clientRequire 
20180415 18340737  "  +    models/adminui-pub/dist/ext-all.min.js?ver=d41d8cd98f00b204e9800998ecf8427e
20180415 18340737  " http  	127.0.0.1 -> GET models/adminui-pub/dist/ext-all.min.js?ver=d41d8cd98f00b204e9800998ecf8427e
20180415 18340737  " call  	endpoint models
20180415 18340737  & call  	endpoint models
20180415 18340739  ' call  	endpoint clientRequire
20180415 18340739  ' info  	Call clientRequire 
20180415 18340740  " http  	127.0.0.1 <- 200
20180415 18340740  "  -    00.060.859
20180415 18340748  % http  	127.0.0.1 <- 200
20180415 18340748  %  -    00.970.002
20180415 18340750  ' http  	127.0.0.1 <- 200
20180415 18340750  '  -    00.993.771
20180415 18340750  & http  	127.0.0.1 <- 200
20180415 18340750  &  -    01.009.193
20180415 18340750  ( call  	endpoint clientRequire
20180415 18340750  ( info  	Call clientRequire 
20180415 18340753  #  +    clientRequire/font-awesome/fonts/fontawesome-webfont.woff2?v=4.7.0
20180415 18340753  # http  	127.0.0.1 -> GET clientRequire/font-awesome/fonts/fontawesome-webfont.woff2?v=4.7.0
20180415 18340753  # call  	endpoint clientRequire
20180415 18340753  # info  	Call clientRequire 
20180415 18340753  # http  	127.0.0.1 <- 200
20180415 18340753  #  -    00.002.796
20180415 18340758  ( http  	127.0.0.1 <- 200
20180415 18340758  (  -    01.123.638
20180415 18340801  ) call  	endpoint adm
20180415 18340801  ) http  	127.0.0.1 <- 200
20180415 18340801  )  -    00.538.763
20180415 18340821  $  +    clientRequire/@unitybase/adminui-pub/package.json
20180415 18340821  $ http  	127.0.0.1 -> GET clientRequire/@unitybase/adminui-pub/package.json
20180415 18340821  $ call  	endpoint clientRequire
20180415 18340821  $ info  	Call clientRequire 
20180415 18340821  $ http  	127.0.0.1 <- 200
20180415 18340821  $  -    00.002.528
20180415 18340821  %  +    clientRequire/@unitybase/adminui-pub/dist/adminui.app.min.js
20180415 18340821  % http  	127.0.0.1 -> GET clientRequire/@unitybase/adminui-pub/dist/adminui.app.min.js
20180415 18340821  % call  	endpoint clientRequire
20180415 18340821  % info  	Call clientRequire 
20180415 18340822  % http  	127.0.0.1 <- 200
20180415 18340822  %  -    00.003.135
20180415 18340826  '  +    models/adminui-pub/themes/UBGrayTheme/UBGrayTheme-all.css?ver=d41d8cd98f00b204e9800998ecf8427e
20180415 18340826  ' http  	127.0.0.1 -> GET models/adminui-pub/themes/UBGrayTheme/UBGrayTheme-all.css?ver=d41d8cd98f00b204e9800998ecf8427e
20180415 18340826  ' call  	endpoint models
20180415 18340826  &  +    models/adminui-pub/ub-css-all.css?ver=d41d8cd98f00b204e9800998ecf8427e
20180415 18340826  & http  	127.0.0.1 -> GET models/adminui-pub/ub-css-all.css?ver=d41d8cd98f00b204e9800998ecf8427e
20180415 18340826  & call  	endpoint models
20180415 18340826  & http  	127.0.0.1 <- 200
20180415 18340826  &  -    00.000.665
20180415 18340826  ' http  	127.0.0.1 <- 200
20180415 18340826  '  -    00.001.227
20180415 18340826  "  +    clientRequire/font-awesome/css/font-awesome.min.css
20180415 18340826  " http  	127.0.0.1 -> GET clientRequire/font-awesome/css/font-awesome.min.css
20180415 18340826  " call  	endpoint clientRequire
20180415 18340826  " info  	Call clientRequire 
20180415 18340826  #  +    models/adminui-pub/themes/UBGrayTheme/ub.css?ver=d41d8cd98f00b204e9800998ecf8427e
20180415 18340826  # http  	127.0.0.1 -> GET models/adminui-pub/themes/UBGrayTheme/ub.css?ver=d41d8cd98f00b204e9800998ecf8427e
20180415 18340826  # call  	endpoint models
20180415 18340826  " http  	127.0.0.1 <- 200
20180415 18340826  "  -    00.000.805
20180415 18340826  # http  	127.0.0.1 <- 200
20180415 18340826  #  -    00.000.306
20180415 18340826  (  +    clientRequire/es6-promise/dist/es6-promise.auto.min.js
20180415 18340826  ( http  	127.0.0.1 -> GET clientRequire/es6-promise/dist/es6-promise.auto.min.js
20180415 18340826  ( call  	endpoint clientRequire
20180415 18340826  ( info  	Call clientRequire 
20180415 18340826  ( http  	127.0.0.1 <- 200
20180415 18340826  (  -    00.000.377
20180415 18340826  )  +    clientRequire/systemjs/dist/system.js?ver=d41d8cd98f00b204e9800998ecf8427e
20180415 18340826  ) http  	127.0.0.1 -> GET clientRequire/systemjs/dist/system.js?ver=d41d8cd98f00b204e9800998ecf8427e
20180415 18340826  ) call  	endpoint clientRequire
20180415 18340826  ) info  	Call clientRequire 
20180415 18340826  ) http  	127.0.0.1 <- 200
20180415 18340826  )  -    00.002.313
20180415 18340828  $  +    models/adminui-pub/dist/ext-all.min.js?ver=d41d8cd98f00b204e9800998ecf8427e
20180415 18340828  $ http  	127.0.0.1 -> GET models/adminui-pub/dist/ext-all.min.js?ver=d41d8cd98f00b204e9800998ecf8427e
20180415 18340828  $ call  	endpoint models
20180415 18340828  $ http  	127.0.0.1 <- 200
20180415 18340828  $  -    00.000.455
20180415 18340839  %  +    clientRequire/font-awesome/fonts/fontawesome-webfont.woff2?v=4.7.0
20180415 18340839  % http  	127.0.0.1 -> GET clientRequire/font-awesome/fonts/fontawesome-webfont.woff2?v=4.7.0
20180415 18340839  % call  	endpoint clientRequire
20180415 18340839  % info  	Call clientRequire 
20180415 18340839  % http  	127.0.0.1 <- 200
20180415 18340839  %  -    00.000.806
20180415 18340859  &  +    clientRequire/@unitybase/adminui-pub/package.json
20180415 18340859  & http  	127.0.0.1 -> GET clientRequire/@unitybase/adminui-pub/package.json
20180415 18340859  & call  	endpoint clientRequire
20180415 18340859  & info  	Call clientRequire 
20180415 18340859  & http  	127.0.0.1 <- 200
20180415 18340859  &  -    00.003.378
20180415 18340861  "  +    clientRequire/@unitybase/adminui-pub/dist/adminui.app.min.js
20180415 18340861  " http  	127.0.0.1 -> GET clientRequire/@unitybase/adminui-pub/dist/adminui.app.min.js
20180415 18340861  " call  	endpoint clientRequire
20180415 18340861  " info  	Call clientRequire 
20180415 18340861  " http  	127.0.0.1 <- 200
20180415 18340861  "  -    00.001.014
20180415 18340904  (  +    models/UB/img/UBLogo32.png
20180415 18340904  ( http  	127.0.0.1 -> GET models/UB/img/UBLogo32.png
20180415 18340904  ( call  	endpoint models
20180415 18340906  ( http  	127.0.0.1 <- 200
20180415 18340906  (  -    00.027.969
20180415 18340918  #  +    getAppInfo
20180415 18340918  # http  	127.0.0.1 -> GET getAppInfo
20180415 18340918  # call  	endpoint getAppInfo
20180415 18340918  '  +    clientRequire/@unitybase/adminui-pub/themes/UBGrayTheme/UBGrayTheme.js
20180415 18340918  ' http  	127.0.0.1 -> GET clientRequire/@unitybase/adminui-pub/themes/UBGrayTheme/UBGrayTheme.js
20180415 18340918  ' call  	endpoint clientRequire
20180415 18340918  ' info  	Call clientRequire 
20180415 18340918  # http  	127.0.0.1 <- 304
20180415 18340918  #  -    00.000.726
20180415 18340918  )  +    models/UB/img/UBLogo48.png
20180415 18340918  ) http  	127.0.0.1 -> GET models/UB/img/UBLogo48.png
20180415 18340918  ) call  	endpoint models
20180415 18340918  ' http  	127.0.0.1 <- 200
20180415 18340918  '  -    00.001.738
20180415 18340919  $  +    models/adminui-pub/locale/lang-en.js?ubver=d8933199bb724b06e155d3bbe71a5c41
20180415 18340919  $ http  	127.0.0.1 -> GET models/adminui-pub/locale/lang-en.js?ubver=d8933199bb724b06e155d3bbe71a5c41
20180415 18340919  $ call  	endpoint models
20180415 18340919  $ http  	127.0.0.1 <- 200
20180415 18340919  $  -    00.000.692
20180415 18340922  ) http  	127.0.0.1 <- 200
20180415 18340922  )  -    00.058.287
20180415 18340922  %  +    models/UB/img/UBLogo128.png
20180415 18340922  % http  	127.0.0.1 -> GET models/UB/img/UBLogo128.png
20180415 18340922  % call  	endpoint models
20180415 18340922  % http  	127.0.0.1 <- 200
20180415 18340922  %  -    00.001.514
20180415 18340924  &  +    models/adminui-pub/themes/UBGrayTheme/images/form/exclamation.png
20180415 18340924  & http  	127.0.0.1 -> GET models/adminui-pub/themes/UBGrayTheme/images/form/exclamation.png
20180415 18340924  & call  	endpoint models
20180415 18340924  & http  	127.0.0.1 <- 200
20180415 18340924  &  -    00.000.850
20180415 18340928  "  +    models/UB/img/UBLogo16.ico
20180415 18340928  " http  	127.0.0.1 -> GET models/UB/img/UBLogo16.ico
20180415 18340928  " call  	endpoint models
20180415 18340928  " http  	127.0.0.1 <- 200
20180415 18340928  "  -    00.001.261
20180415 18341022  (  +    auth?AUTHTYPE=UB&userName=admin
20180415 18341022  ( http  	127.0.0.1 -> POST auth?AUTHTYPE=UB&userName=admin
20180415 18341022  ( call  	endpoint auth
20180415 18341022  ( http  	127.0.0.1 <- 200
20180415 18341022  (  -    00.004.800
20180415 18341023  #  +    auth?AUTHTYPE=UB&clientNonce=02667693594b57e72939cb16b632310df511b2dc1a448d038d04f4f740268807&password=be8286a1251541d77312a292fc2f508a7d2715b7178fadc029c9d4d8a114226b&userName=admin
20180415 18341023  # http  	127.0.0.1 -> POST auth?AUTHTYPE=UB&clientNonce=02667693594b57e72939cb16b632310df511b2dc1a448d038d04f4f740268807&password=be8286a1251541d77312a292fc2f508a7d2715b7178fadc029c9d4d8a114226b&userName=admin
20180415 18341023  # call  	endpoint auth
20180415 18341023  #  +    	ubApp.TubDataStore(070A0320).Init
20180415 18341023  #  +    		ubApp.TubApp(02D33EE0).DBExecute
20180415 18341023  #  +    			ubApp.TubApp(02D33EE0).TubApp.InternalDBExecute
20180415 18341023  #  +    				00856EC2 
20180415 18341023  #  -    				00.004.973
20180415 18341023  # SQL   				ubDBSQLite3ThreadSafe.TubSQLite3Statement(02DE9070) PRAGMA foreign_keys = ON
20180415 18341023  # debug 				P1: String(5)	admin
20180415 18341023  # SQL   				ubDBSQLite3ThreadSafe.TubSQLite3Statement(02DE73F0) select id, name, uPasswordHashHexa, uData, isPending, trustedIP from UBA_USER where name=? and disabled=0
20180415 18341023  #  -    			00.005.034
20180415 18341023  #  -    		00.005.091
20180415 18341023  # debug 		Query result for entity "uba_user" into data name "": row count=1
20180415 18341023  #  -    	00.005.128
20180415 18341023  #  +    	ubApp.TubDataStore(070A0320).Init
20180415 18341023  #  +    		ubApp.TubApp(02D33EE0).DBExecute
20180415 18341023  #  +    			ubApp.TubApp(02D33EE0).TubApp.InternalDBExecute
20180415 18341023  # debug 				P1: Int64		10
20180415 18341023  # SQL   				ubDBSQLite3ThreadSafe.TubSQLite3Statement(02DE9070) SELECT lastPasswordChangeDate FROM uba_user WHERE id=?
20180415 18341023  #  -    			00.000.020
20180415 18341023  #  -    		00.000.066
20180415 18341023  # debug 		Query result for entity "uba_user" into data name "__expireDate": row count=1
20180415 18341023  #  -    	00.000.080
20180415 18341023  #  +    	ubApp.TubDataStore(0707F968).Init
20180415 18341023  #  +    		ubApp.TubApp(02D33EE0).DBExecute
20180415 18341023  #  +    			ubApp.TubApp(02D33EE0).TubApp.InternalDBExecute
20180415 18341023  # debug 				P1: Int64		10
20180415 18341023  # SQL   				ubDBSQLite3ThreadSafe.TubSQLite3Statement(02DE9130) SELECT A01.roleID,A02.name,A02.description  FROM uba_userrole A01  INNER JOIN uba_role A02 ON A02.ID=A01.roleID  WHERE A01.userID=?
20180415 18341023  #  -    			00.000.041
20180415 18341023  #  -    		00.000.080
20180415 18341023  # debug 		Query result for entity "uba_userrole" into data name "": row count=1
20180415 18341023  #  -    	00.000.086
20180415 18341023  # auth  	New session admin/90718189 created at 127.0.0.1/-288230370246131214 using Mozilla/5.0 (Windows NT 10.0; Win64; x64) AppleWebKit/537.36 (KHTML, like Gecko) Chrome/65.0.3325.181 Safari/537.36
20180415 18341023  #  +    	ubMixinClasses.TubStorageMixin(02D842C0).MixinMethod
20180415 18341023  # debug 		uba_user.select(TubStorageMixin)
20180415 18341023  #  +    		ubApp.TubDataStore(0707F968).Init
20180415 18341023  #  +    			ubApp.TubApp(02D33EE0).DBExecute
20180415 18341023  #  +    				ubApp.TubApp(02D33EE0).TubApp.InternalDBExecute
20180415 18341023  # debug 					P1: Int64		10
20180415 18341023  # SQL   					ubDBSQLite3ThreadSafe.TubSQLite3Statement(02DE9250) SELECT A01.name  FROM uba_user A01  WHERE A01.ID=?
20180415 18341023  #  -    				00.000.038
20180415 18341023  #  -    			00.000.086
20180415 18341023  # debug 			Query result for entity "uba_user" into data name "": row count=1
20180415 18341023  #  -    		00.000.094
20180415 18341023  #  -    	00.000.154
20180415 18341023  #  +    	ubMixinClasses.TubStorageMixin(02D842C0).MixinMethod
20180415 18341023  # debug 		uba_advSecurity.select(TubStorageMixin)
20180415 18341023  #  +    		ubApp.TubDataStore(0707F968).Init
20180415 18341023  #  +    			ubApp.TubApp(02D33EE0).DBExecute
20180415 18341023  #  +    				ubApp.TubApp(02D33EE0).TubApp.InternalDBExecute
20180415 18341023  # debug 					P1: Int64		10
20180415 18341023  # SQL   					ubDBSQLite3ThreadSafe.TubSQLite3Statement(02DE92B0) SELECT A01.ID,A01.allowedIP,A01.refreshIP,A01.fp,A01.refreshFp,A01.keyMediaName,A01.refreshKeyMedia,A01.mi_modifyDate  FROM uba_advSecurity A01  WHERE A01.userID=?
20180415 18341023  #  -    				00.000.045
20180415 18341023  #  -    			00.000.096
20180415 18341023  # debug 			Query result for entity "uba_advSecurity" into data name "": row count=0
20180415 18341023  #  -    		00.000.104
20180415 18341023  #  -    	00.000.190
20180415 18341023  #  +    	ubMixinClasses.TubStorageMixin(02D842C0).MixinMethod
20180415 18341023  # debug 		uba_userrole.select(TubStorageMixin)
20180415 18341023  #  +    		ubApp.TubDataStore(0707F968).Init
20180415 18341023  #  +    			ubApp.TubApp(02D33EE0).DBExecute
20180415 18341023  #  +    				ubApp.TubApp(02D33EE0).TubApp.InternalDBExecute
20180415 18341023  # debug 					P1: Int64		10
20180415 18341023  # SQL   					ubDBSQLite3ThreadSafe.TubSQLite3Statement(02DE9310) SELECT A01.ID,A02.name,A01.roleID  FROM uba_userrole A01  INNER JOIN uba_role A02 ON A02.ID=A01.roleID  WHERE A01.userID=?
20180415 18341023  #  -    				00.000.055
20180415 18341023  #  -    			00.000.129
20180415 18341023  # debug 			Query result for entity "uba_userrole" into data name "": row count=1
20180415 18341023  #  -    		00.000.137
20180415 18341023  #  -    	00.000.212
20180415 18341023  #  +    	ubMixinClasses.TubStorageMixin(02D842C0).MixinMethod
20180415 18341023  # debug 		uba_audit.beforeinsert(TubStorageMixin)
20180415 18341023  #  -    	00.000.039
20180415 18341023  #  +    	ubMixinClasses.TubStorageMixin(02D842C0).MixinMethod
20180415 18341023  # debug 		uba_audit.insert(TubStorageMixin)
20180415 18341023  #  +    		ubApp.TubDataStore(070B7C28).TubDataStore.ExecuteInsertFromList
20180415 18341023  #  +    			ubApp.TubDataStore(070B7C28).TubDataStore.ExecuteInsertFromSQL
20180415 18341023  #  +    				ubApp.TubApp(02D33EE0).DBExecute
20180415 18341023  #  +    					ubApp.TubApp(02D33EE0).TubApp.InternalDBExecute
20180415 18341023  # debug 						P1: String(8)	uba_user
20180415 18341023  # debug 						P2: Int64		10
20180415 18341023  # debug 						P3: String(5)	LOGIN
20180415 18341023  # debug 						P4: Int64		10
20180415 18341023  # debug 						P5: DateTime	2018-04-15T18:34:10
20180415 18341023  # debug 						P6: String(9)	127.0.0.1
20180415 18341023  # debug 						P7: String(5)	admin
20180415 18341023  # debug 						P8: String(0)	
20180415 18341023  # debug 						P9: Int64		335786096394241
20180415 18341023  # debug 						P10: String(556..)	Connection: keep-alive  Content-Length: 0  Accept: application/json, text/plain, */*  Accept-Encodin...
20180415 18341023  # DB    						StartTransaction for connection "main"
20180415 18341023  # SQL   						ubDBSQLite3ThreadSafe.TubSQLite3Statement(02DE93D0) INSERT INTO uba_audit (entity,entityinfo_id,actionType,actionUser,actionTime,remoteIP,targetUser,targetRole,ID,fromValue) VALUES (?,?,?,?,?,?,?,?,?,?)
20180415 18341023  #  -    					00.000.158
20180415 18341023  #  -    				00.000.161
20180415 18341023  #  -    			00.000.264
20180415 18341023  #  -    		00.000.294
20180415 18341023  #  -    	00.000.298
20180415 18341023  #  +    	ubMixinClasses.TubStorageMixin(02D842C0).MixinMethod
20180415 18341023  # debug 		uba_audit.afterinsert(TubStorageMixin)
20180415 18341023  #  -    	00.000.003
20180415 18341023  # DB    	Commit connection "main"
20180415 18341023  # http  	127.0.0.1 <- 200
20180415 18341023  #  -    00.011.163
20180415 18341024  '  +    getDomainInfo?userName=admin&v=4
20180415 18341024  ' http  	127.0.0.1 -> GET getDomainInfo?userName=admin&v=4
20180415 18341024  ' auth  	admin/90718189
20180415 18341024  ' call  	endpoint getDomainInfo
20180415 18341024  ' http  	127.0.0.1 <- 304
20180415 18341024  '  -    00.001.857
20180415 18341026  $  +    models/UBS/locale/lang-en.js?ubver=09ae0381f4412f542ab1aadbbe332ebf
20180415 18341026  $ http  	127.0.0.1 -> GET models/UBS/locale/lang-en.js?ubver=09ae0381f4412f542ab1aadbbe332ebf
20180415 18341026  &  +    models/UBA/locale/lang-en.js?ubver=a32940308a4662e5435a97adb22e235d
20180415 18341026  & http  	127.0.0.1 -> GET models/UBA/locale/lang-en.js?ubver=a32940308a4662e5435a97adb22e235d
20180415 18341026  %  +    models/UBM/locale/lang-en.js?ubver=dc6e83da37c06ee25743d7dbdcd06b0e
20180415 18341026  % http  	127.0.0.1 -> GET models/UBM/locale/lang-en.js?ubver=dc6e83da37c06ee25743d7dbdcd06b0e
20180415 18341026  & call  	endpoint models
20180415 18341026  $ call  	endpoint models
20180415 18341026  % call  	endpoint models
20180415 18341026  )  +    models/UB/locale/lang-en.js?ubver=00157f1fae1f03ef6a703e934be7d698
20180415 18341026  ) http  	127.0.0.1 -> GET models/UB/locale/lang-en.js?ubver=00157f1fae1f03ef6a703e934be7d698
20180415 18341026  ) call  	endpoint models
20180415 18341026  $ http  	127.0.0.1 <- 200
20180415 18341026  $  -    00.000.957
20180415 18341026  & http  	127.0.0.1 <- 200
20180415 18341026  &  -    00.001.006
20180415 18341026  ) http  	127.0.0.1 <- 200
20180415 18341026  )  -    00.000.603
20180415 18341026  % http  	127.0.0.1 <- 200
20180415 18341026  %  -    00.002.029
20180415 18341026  "  +    clientRequire/@unitybase/ubs/package.json
20180415 18341026  " http  	127.0.0.1 -> GET clientRequire/@unitybase/ubs/package.json
20180415 18341026  " call  	endpoint clientRequire
20180415 18341026  " info  	Call clientRequire 
20180415 18341026  " http  	127.0.0.1 <- 200
20180415 18341026  "  -    00.001.166
20180415 18341027  (  +    clientRequire/@unitybase/ubs/public/initModel.js
20180415 18341027  ( http  	127.0.0.1 -> GET clientRequire/@unitybase/ubs/public/initModel.js
20180415 18341027  ( call  	endpoint clientRequire
20180415 18341027  ( info  	Call clientRequire 
20180415 18341027  ( http  	127.0.0.1 <- 200
20180415 18341027  (  -    00.001.342
20180415 18341027  #  +    clientRequire/@unitybase/ubs/public/dist/ubs.main.min.js?ubver=2018-04-15T20:34:04
20180415 18341027  # http  	127.0.0.1 -> GET clientRequire/@unitybase/ubs/public/dist/ubs.main.min.js?ubver=2018-04-15T20:34:04
20180415 18341027  # call  	endpoint clientRequire
20180415 18341027  # info  	Call clientRequire 
20180415 18341027  '  +    clientRequire/@unitybase/ubm/package.json
20180415 18341027  ' http  	127.0.0.1 -> GET clientRequire/@unitybase/ubm/package.json
20180415 18341027  ' call  	endpoint clientRequire
20180415 18341027  ' info  	Call clientRequire 
20180415 18341028  ' http  	127.0.0.1 <- 200
20180415 18341028  # http  	127.0.0.1 <- 200
20180415 18341028  '  -    00.001.193
20180415 18341028  #  -    00.001.350
20180415 18341028  $  +    clientRequire/@unitybase/ubm/public/initModel.js
20180415 18341028  $ http  	127.0.0.1 -> GET clientRequire/@unitybase/ubm/public/initModel.js
20180415 18341028  $ call  	endpoint clientRequire
20180415 18341028  $ info  	Call clientRequire 
20180415 18341028  $ http  	127.0.0.1 <- 200
20180415 18341028  $  -    00.001.436
20180415 18341031  )  +    ubql
20180415 18341031  ) http  	127.0.0.1 -> POST ubql
20180415 18341031  ) http  	[{"entity":"ubs_settings","method":"select","fieldList":["ID","settingKey","name","description","type","settingValue","defaultValue"],"version":"1523736113"},{"entity":"ubm_desktop","method":"select","fieldList":["ID","caption","code","url","isDefault","mi_owner","mi_createDate","mi_createUser","mi_modifyDate","mi_modifyUser","mi_deleteDate","mi_deleteUser"],"version":"-1"},{"entity":"ubm_form","method":"select","fieldList":["ID","code","description","caption","formType","formDef","formCode","model","entity","isDefault","mi_owner","mi_createDate","mi_createUser","mi_modifyDate","mi_modifyUser"],"version":1171250983},{"entity":"ubm_enum","method":"select","fieldList":["ID","eGroup","code","shortName","name","sortOrder","mi_owner","mi_createDate","mi_createUser","mi_modifyDate","mi_modifyUser","mi_deleteDate","mi_deleteUser"],"version":"1523803103"}]
20180415 18341031  ) auth  	admin/90718189
20180415 18341031  ) call  	endpoint ubql
20180415 18341031  )  +    	ubMixinClasses.TubStorageMixin(02D842C0).MixinMethod
20180415 18341031  ) debug 		ubs_settings.select(TubStorageMixin)
20180415 18341031  )  +    		ubApp.TubDataStore(0707F9E0).Init
20180415 18341031  )  +    			ubApp.TubApp(02D33EE0).DBExecute
20180415 18341031  )  +    				ubApp.TubApp(02D33EE0).TubApp.InternalDBExecute
20180415 18341031  )  +    					00856EC2 
20180415 18341031  )  -    					00.002.266
20180415 18341031  ) SQL   					ubDBSQLite3ThreadSafe.TubSQLite3Statement(02DE9AF0) PRAGMA foreign_keys = ON
20180415 18341031  ) SQL   					ubDBSQLite3ThreadSafe.TubSQLite3Statement(02DE7330) SELECT ( (SELECT COALESCE(strftime('%s',  MAX(mi_modifyDate)),1) FROM ubs_settings) ) AS dataVersion
20180415 18341031  )  -    				00.002.312
20180415 18341031  )  -    			00.002.360
20180415 18341031  ) debug 			Query result for entity "ubs_settings" into data name "": row count=1
20180415 18341031  )  -    		00.002.369
20180415 18341031  )  -    	00.002.458
20180415 18341031  )  +    	ubMixinClasses.TubRLSMixin(02D84E20).MixinMethod
20180415 18341031  ) debug 		ubm_desktop.select(TubRLSMixin)
20180415 18341031  ) debug 		Prepare RLS expression for ubm_desktop
20180415 18341031  )  +    		ubApp.TubDataStore(0707FCB0).Init
20180415 18341031  )  +    			ubApp.TubApp(02D33EE0).DBExecute
20180415 18341031  )  +    				ubApp.TubApp(02D33EE0).TubApp.InternalDBExecute
20180415 18341031  ) SQL   					ubDBSQLite3ThreadSafe.TubSQLite3Statement(02DE9490) select ID, name FROM uba_role
20180415 18341031  )  -    				00.000.052
20180415 18341031  )  -    			00.000.093
20180415 18341031  ) debug 			Query result for entity "uba_role" into data name "": row count=7
20180415 18341031  )  -    		00.000.101
20180415 18341031  )  -    	00.001.035
20180415 18341031  )  +    	ubMixinClasses.TubStorageMixin(02D842C0).MixinMethod
20180415 18341031  ) debug 		ubm_desktop.select(TubStorageMixin)
20180415 18341031  )  +    		ubApp.TubDataStore(0707FC60).Init
20180415 18341031  )  +    			ubApp.TubApp(02D33EE0).DBExecute
20180415 18341031  )  +    				ubApp.TubApp(02D33EE0).TubApp.InternalDBExecute
20180415 18341031  ) debug 					P1: Int64		10
20180415 18341031  ) debug 					P2: Int64		10
20180415 18341031  ) debug 					P3: DateTime	9999-12-31T00:00:00
20180415 18341031  ) SQL   					ubDBSQLite3ThreadSafe.TubSQLite3Statement(02DE9AF0) SELECT A01.ID,A01.caption,A01.code,A01.url,A01.isDefault,A01.mi_owner,A01.mi_createDate,A01.mi_createUser,A01.mi_modifyDate,A01.mi_modifyUser,A01.mi_deleteDate,A01.mi_deleteUser  FROM ubm_desktop A01  WHERE (( A01.mi_owner = ? ) OR (1=1) OR exists (select 1 from ubm_desktop_adm admsubtable where admsubtable.instanceID = A01.ID and admsubtable.admSubjID in (select ur.RoleID from uba_userrole ur where ur.UserID = ? union select 10))) AND A01.mi_deleteDate=?
20180415 18341031  )  -    				00.000.187
20180415 18341031  )  -    			00.000.260
20180415 18341031  ) debug 			Query result for entity "ubm_desktop" into data name "": row count=2
20180415 18341031  )  -    		00.000.278
20180415 18341031  )  -    	00.000.426
20180415 18341033  )  +    	ubMixinClasses.TubStorageMixin(02D842C0).MixinMethod
20180415 18341033  ) debug 		ubm_enum.select(TubStorageMixin)
20180415 18341033  )  +    		ubApp.TubDataStore(07081AD8).Init
20180415 18341033  )  +    			ubApp.TubApp(02D33EE0).DBExecute
20180415 18341033  )  +    				ubApp.TubApp(02D33EE0).TubApp.InternalDBExecute
20180415 18341033  ) SQL   					ubDBSQLite3ThreadSafe.TubSQLite3Statement(02DE9BB0) SELECT ( (SELECT COALESCE(strftime('%s',  MAX(mi_modifyDate)),1) FROM ubm_enum) ) AS dataVersion
20180415 18341033  )  -    				00.000.062
20180415 18341033  )  -    			00.000.138
20180415 18341033  ) debug 			Query result for entity "ubm_enum" into data name "": row count=1
20180415 18341033  )  -    		00.000.145
20180415 18341033  )  -    	00.000.278
20180415 18341033  ) http  	127.0.0.1 <- 200
20180415 18341033  )  -    00.041.610
20180415 18341036  &  +    ubql
20180415 18341036  & http  	127.0.0.1 -> POST ubql
20180415 18341036  & http  	[{"entity":"ubm_navshortcut","method":"select","fieldList":["ID","desktopID","parentID","code","isFolder","caption","inWindow","isCollapsed","displayOrder","iconCls","mi_modifyDate"],"orderList":{"0":{"expression":"desktopID","order":"asc"},"1":{"expression":"parentID","order":"asc"},"2":{"expression":"displayOrder","order":"asc"},"3":{"expression":"caption","order":"asc"}}}]
20180415 18341036  & auth  	admin/90718189
20180415 18341036  & call  	endpoint ubql
20180415 18341036  &  +    	ubMixinClasses.TubRLSMixin(02D84E20).MixinMethod
20180415 18341036  & debug 		ubm_navshortcut.select(TubRLSMixin)
20180415 18341036  & debug 		Prepare RLS expression for ubm_navshortcut
20180415 18341036  &  +    		ubApp.TubDataStore(0707FA80).Init
20180415 18341036  &  +    			ubApp.TubApp(02D33EE0).DBExecute
20180415 18341036  &  +    				ubApp.TubApp(02D33EE0).TubApp.InternalDBExecute
20180415 18341036  &  +    					00856EC2 
20180415 18341036  &  -    					00.006.580
20180415 18341036  & SQL   					ubDBSQLite3ThreadSafe.TubSQLite3Statement(02DEA1B0) PRAGMA foreign_keys = ON
20180415 18341036  & SQL   					ubDBSQLite3ThreadSafe.TubSQLite3Statement(02DE9190) select ID, name FROM uba_role
20180415 18341036  &  -    				00.006.643
20180415 18341036  &  -    			00.006.746
20180415 18341036  & debug 			Query result for entity "uba_role" into data name "": row count=7
20180415 18341036  &  -    		00.006.771
20180415 18341036  &  -    	00.009.120
20180415 18341036  &  +    	ubMixinClasses.TubStorageMixin(02D842C0).MixinMethod
20180415 18341036  & debug 		ubm_navshortcut.select(TubStorageMixin)
20180415 18341036  &  +    		ubApp.TubDataStore(0707FC60).Init
20180415 18341036  &  +    			ubApp.TubApp(02D33EE0).DBExecute
20180415 18341036  &  +    				ubApp.TubApp(02D33EE0).TubApp.InternalDBExecute
20180415 18341036  & debug 					P1: Int64		10
20180415 18341036  & debug 					P2: Int64		10
20180415 18341036  & debug 					P3: DateTime	9999-12-31T00:00:00
20180415 18341036  & SQL   					ubDBSQLite3ThreadSafe.TubSQLite3Statement(02DEA270) SELECT A01.ID,A01.desktopID,A01.parentID,A01.code,A01.isFolder,A01.caption,A01.inWindow,A01.isCollapsed,A01.displayOrder,A01.iconCls,A01.mi_modifyDate  FROM ubm_navshortcut A01  WHERE (( A01.mi_owner = ? ) OR                (1=1) OR                              exists (select 1 from ubm_navshortcut_adm admsubtable where admsubtable.instanceID = A01.ID and admsubtable.admSubjID in (select ur.RoleID from uba_userrole ur where ur.UserID = ? union select 10))) AND A01.mi_deleteDate=? ORDER BY 2 ASC,3 ASC,9 ASC,... (truncated) length=517
20180415 18341036  &  -    				00.000.271
20180415 18341036  &  -    			00.000.700
20180415 18341036  & debug 			Query result for entity "ubm_navshortcut" into data name "": row count=33
20180415 18341036  &  -    		00.000.758
20180415 18341036  &  -    	00.001.080
20180415 18341036  & http  	127.0.0.1 <- 200
20180415 18341036  &  -    00.011.233
20180415 18341042  %  +    models/adminui-pub/themes/UBGrayTheme/images/toolbar/more.png
20180415 18341042  % http  	127.0.0.1 -> GET models/adminui-pub/themes/UBGrayTheme/images/toolbar/more.png
20180415 18341042  % call  	endpoint models
20180415 18341042  "  +    models/adminui-pub/themes/UBGrayTheme/images/grid/hd-pop.png
20180415 18341042  " http  	127.0.0.1 -> GET models/adminui-pub/themes/UBGrayTheme/images/grid/hd-pop.png
20180415 18341042  " call  	endpoint models
20180415 18341042  " http  	127.0.0.1 <- 200
20180415 18341042  "  -    00.000.792
20180415 18341042  % http  	127.0.0.1 <- 200
20180415 18341042  %  -    00.000.921
20180415 18341042  (  +    models/adminui-pub/themes/UBGrayTheme/images/button/default-toolbar-small-arrow.png
20180415 18341042  ( http  	127.0.0.1 -> GET models/adminui-pub/themes/UBGrayTheme/images/button/default-toolbar-small-arrow.png
20180415 18341042  ( call  	endpoint models
20180415 18341042  ( http  	127.0.0.1 <- 200
20180415 18341042  (  -    00.000.766
20180415 18341238  '  +    ubql
20180415 18341238  ' http  	127.0.0.1 -> POST ubql
20180415 18341238  ' http  	[{"entity":"ubm_navshortcut","method":"select","fieldList":["ID","cmdCode"],"whereList":{"c1":{"expression":"[ID]","condition":"equal","values":{"c1":335775710838979}}}}]
20180415 18341238  ' auth  	admin/90718189
20180415 18341238  ' call  	endpoint ubql
20180415 18341238  '  +    	ubMixinClasses.TubRLSMixin(02D84E20).MixinMethod
20180415 18341238  ' debug 		ubm_navshortcut.select(TubRLSMixin)
20180415 18341238  ' debug 		Prepare RLS expression for ubm_navshortcut
20180415 18341238  '  +    		ubApp.TubDataStore(0707FBE8).Init
20180415 18341238  '  +    			ubApp.TubApp(02D33EE0).DBExecute
20180415 18341238  '  +    				ubApp.TubApp(02D33EE0).TubApp.InternalDBExecute
20180415 18341238  '  +    					00856EC2 
20180415 18341238  '  -    					00.008.714
20180415 18341238  ' SQL   					ubDBSQLite3ThreadSafe.TubSQLite3Statement(02DEA8D0) PRAGMA foreign_keys = ON
20180415 18341238  ' SQL   					ubDBSQLite3ThreadSafe.TubSQLite3Statement(02DEA210) select ID, name FROM uba_role
20180415 18341238  '  -    				00.008.752
20180415 18341238  '  -    			00.008.790
20180415 18341238  ' debug 			Query result for entity "uba_role" into data name "": row count=7
20180415 18341238  '  -    		00.008.802
20180415 18341238  '  -    	00.009.836
20180415 18341238  '  +    	ubMixinClasses.TubStorageMixin(02D842C0).MixinMethod
20180415 18341238  ' debug 		ubm_navshortcut.select(TubStorageMixin)
20180415 18341238  '  +    		ubApp.TubDataStore(070816F0).Init
20180415 18341238  '  +    			ubApp.TubApp(02D33EE0).DBExecute
20180415 18341238  '  +    				ubApp.TubApp(02D33EE0).TubApp.InternalDBExecute
20180415 18341238  ' debug 					P1: Int64		335775710838979
20180415 18341238  ' debug 					P2: Int64		10
20180415 18341238  ' debug 					P3: Int64		10
20180415 18341238  ' debug 					P4: DateTime	9999-12-31T00:00:00
20180415 18341238  ' SQL   					ubDBSQLite3ThreadSafe.TubSQLite3Statement(02DEA990) SELECT A01.ID,A01.cmdCode  FROM ubm_navshortcut A01  WHERE A01.ID=? AND (( A01.mi_owner = ? ) OR                (1=1) OR                              exists (select 1 from ubm_navshortcut_adm admsubtable where admsubtable.instanceID = A01.ID and admsubtable.admSubjID in (select ur.RoleID from uba_userrole ur where ur.UserID = ? union select 10))) AND A01.mi_deleteDate=?
20180415 18341238  '  -    				00.000.114
20180415 18341238  '  -    			00.000.205
20180415 18341238  ' debug 			Query result for entity "ubm_navshortcut" into data name "": row count=1
20180415 18341238  '  -    		00.000.260
20180415 18341238  '  -    	00.000.401
20180415 18341238  ' http  	127.0.0.1 <- 200
20180415 18341238  '  -    00.010.639
20180415 18341242  #  +    models/adminui-pub/themes/UBGrayTheme/images/tab/tab-default-close-dark.png
20180415 18341242  # http  	127.0.0.1 -> GET models/adminui-pub/themes/UBGrayTheme/images/tab/tab-default-close-dark.png
20180415 18341242  # call  	endpoint models
20180415 18341242  # http  	127.0.0.1 <- 200
20180415 18341242  #  -    00.001.391
20180415 18341244  $  +    models/adminui-pub/themes/UBGrayTheme/images/loadmask/loading.gif
20180415 18341244  $ http  	127.0.0.1 -> GET models/adminui-pub/themes/UBGrayTheme/images/loadmask/loading.gif
20180415 18341244  $ call  	endpoint models
20180415 18341244  $ http  	127.0.0.1 <- 200
20180415 18341244  $  -    00.000.902
20180415 18341245  )  +    models/adminui-pub/themes/UBGrayTheme/images/form/trigger.png
20180415 18341245  ) http  	127.0.0.1 -> GET models/adminui-pub/themes/UBGrayTheme/images/form/trigger.png
20180415 18341245  ) call  	endpoint models
20180415 18341245  ) http  	127.0.0.1 <- 200
20180415 18341245  )  -    00.001.030
20180415 18341245  &  +    models/adminui-pub/themes/UBGrayTheme/ubimages/sum.png
20180415 18341245  & http  	127.0.0.1 -> GET models/adminui-pub/themes/UBGrayTheme/ubimages/sum.png
20180415 18341245  & call  	endpoint models
20180415 18341245  %  +    models/adminui-pub/themes/UBGrayTheme/images/grid/page-next.png
20180415 18341245  % http  	127.0.0.1 -> GET models/adminui-pub/themes/UBGrayTheme/images/grid/page-next.png
20180415 18341245  % call  	endpoint models
20180415 18341246  "  +    models/adminui-pub/themes/UBGrayTheme/images/grid/page-prev.png
20180415 18341246  " http  	127.0.0.1 -> GET models/adminui-pub/themes/UBGrayTheme/images/grid/page-prev.png
20180415 18341246  & http  	127.0.0.1 <- 200
20180415 18341246  % http  	127.0.0.1 <- 200
20180415 18341246  &  -    00.001.105
20180415 18341246  " call  	endpoint models
20180415 18341246  %  -    00.001.483
20180415 18341246  " http  	127.0.0.1 <- 200
20180415 18341246  "  -    00.001.396
20180415 18341250  (  +    ubql
20180415 18341250  ( http  	127.0.0.1 -> POST ubql
20180415 18341250  ( http  	[{"entity":"ubm_form","method":"select","fieldList":["entity","code","description","caption","formType","isDefault","ID","mi_modifyDate"],"version":1171250983}]
20180415 18341250  ( auth  	admin/90718189
20180415 18341250  ( call  	endpoint ubql
20180415 18341253  ( http  	127.0.0.1 <- 200
20180415 18341253  (  -    00.045.890
20180415 18341416  '  +    getDocument
20180415 18341416  ' http  	127.0.0.1 -> POST getDocument
20180415 18341416  ' http  	{"id":3764288412,"entity":"ubm_form","attribute":"formDef"}
20180415 18341416  ' auth  	admin/90718189
20180415 18341416  ' call  	endpoint getDocument
20180415 18341416  #  +    getDocument
20180415 18341416  # http  	127.0.0.1 -> POST getDocument
20180415 18341416  # http  	{"id":3764288412,"entity":"ubm_form","attribute":"formCode"}
20180415 18341416  # auth  	admin/90718189
20180415 18341416  # call  	endpoint getDocument
20180415 18341419  # http  	127.0.0.1 <- 200
20180415 18341419  #  -    00.051.915
20180415 18341419  ' http  	127.0.0.1 <- 200
20180415 18341419  '  -    00.058.862
20180415 18341420  $  +    clientRequire/@unitybase/adminui-pub/_src/app/ux/designer/VisualDesigner.js
20180415 18341420  $ http  	127.0.0.1 -> GET clientRequire/@unitybase/adminui-pub/_src/app/ux/designer/VisualDesigner.js
20180415 18341420  $ call  	endpoint clientRequire
20180415 18341420  $ info  	Call clientRequire 
20180415 18341420  $ http  	127.0.0.1 <- 200
20180415 18341420  $  -    00.001.596
20180415 18341420  )  +    clientRequire/@unitybase/adminui-pub/_src/app/ux/designer/ComponentInfo.js
20180415 18341420  ) http  	127.0.0.1 -> GET clientRequire/@unitybase/adminui-pub/_src/app/ux/designer/ComponentInfo.js
20180415 18341420  ) call  	endpoint clientRequire
20180415 18341420  ) info  	Call clientRequire 
20180415 18341420  &  +    clientRequire/@unitybase/adminui-pub/_src/app/ux/designer/PropertyGrid.js
20180415 18341420  & http  	127.0.0.1 -> GET clientRequire/@unitybase/adminui-pub/_src/app/ux/designer/PropertyGrid.js
20180415 18341420  & call  	endpoint clientRequire
20180415 18341420  & info  	Call clientRequire 
20180415 18341420  ) http  	127.0.0.1 <- 200
20180415 18341420  )  -    00.001.159
20180415 18341420  & http  	127.0.0.1 <- 200
20180415 18341420  &  -    00.001.420
20180415 18341430  "  +    models/adminui-pub/themes/UBGrayTheme/images/form/checkbox.png
20180415 18341430  " http  	127.0.0.1 -> GET models/adminui-pub/themes/UBGrayTheme/images/form/checkbox.png
20180415 18341430  " call  	endpoint models
20180415 18341430  " http  	127.0.0.1 <- 200
20180415 18341430  "  -    00.000.994
20180415 18341430  %  +    models/adminui-pub/themes/UBGrayTheme/ubimages/Text.png
20180415 18341430  % http  	127.0.0.1 -> GET models/adminui-pub/themes/UBGrayTheme/ubimages/Text.png
20180415 18341430  % call  	endpoint models
20180415 18341430  % http  	127.0.0.1 <- 200
20180415 18341430  %  -    00.000.560
20180415 18341434  (  +    clientRequire/@unitybase/adminui-pub/_src/ux/exporter/Base64.js
20180415 18341434  ( http  	127.0.0.1 -> GET clientRequire/@unitybase/adminui-pub/_src/ux/exporter/Base64.js
20180415 18341434  ( call  	endpoint clientRequire
20180415 18341434  ( info  	Call clientRequire 
20180415 18341434  #  +    clientRequire/@unitybase/adminui-pub/_src/ux/exporter/Button.js
20180415 18341434  # http  	127.0.0.1 -> GET clientRequire/@unitybase/adminui-pub/_src/ux/exporter/Button.js
20180415 18341434  # call  	endpoint clientRequire
20180415 18341434  # info  	Call clientRequire 
20180415 18341434  ( http  	127.0.0.1 <- 200
20180415 18341434  (  -    00.002.701
20180415 18341434  '  +    clientRequire/@unitybase/adminui-pub/_src/ux/exporter/wikiFormatter/WikiFormatter.js
20180415 18341434  ' http  	127.0.0.1 -> GET clientRequire/@unitybase/adminui-pub/_src/ux/exporter/wikiFormatter/WikiFormatter.js
20180415 18341434  ' call  	endpoint clientRequire
20180415 18341434  ' info  	Call clientRequire 
20180415 18341434  # http  	127.0.0.1 <- 200
20180415 18341434  #  -    00.002.625
20180415 18341434  ' http  	127.0.0.1 <- 200
20180415 18341434  '  -    00.001.730
20180415 18341434  $  +    clientRequire/@unitybase/adminui-pub/_src/ux/exporter/excelFormatter/ExcelFormatter.js
20180415 18341434  )  +    clientRequire/@unitybase/adminui-pub/_src/app/view/StatusWindow.js
20180415 18341434  $ http  	127.0.0.1 -> GET clientRequire/@unitybase/adminui-pub/_src/ux/exporter/excelFormatter/ExcelFormatter.js
20180415 18341434  ) http  	127.0.0.1 -> GET clientRequire/@unitybase/adminui-pub/_src/app/view/StatusWindow.js
20180415 18341434  $ call  	endpoint clientRequire
20180415 18341434  ) call  	endpoint clientRequire
20180415 18341434  ) info  	Call clientRequire 
20180415 18341434  $ info  	Call clientRequire 
20180415 18341434  $ http  	127.0.0.1 <- 200
20180415 18341434  $  -    00.001.630
20180415 18341434  ) http  	127.0.0.1 <- 200
20180415 18341434  )  -    00.001.889
20180415 18341434  &  +    ubql
20180415 18341434  & http  	127.0.0.1 -> POST ubql
20180415 18341434  & http  	[{"entity":"ubm_form","fieldList":["entity","model","code","description","caption","formType","isDefault","formDef","formCode","ID","mi_modifyDate"],"ID":408546243,"alsNeed":false,"method":"select"}]
20180415 18341434  & auth  	admin/90718189
20180415 18341434  & call  	endpoint ubql
20180415 18341439  & http  	127.0.0.1 <- 200
20180415 18341439  &  -    00.053.525
20180415 18341439  "  +    clientRequire/@unitybase/adminui-pub/_src/ux/exporter/excelFormatter/Cell.js
20180415 18341439  " http  	127.0.0.1 -> GET clientRequire/@unitybase/adminui-pub/_src/ux/exporter/excelFormatter/Cell.js
20180415 18341439  " call  	endpoint clientRequire
20180415 18341439  " info  	Call clientRequire 
20180415 18341439  %  +    clientRequire/@unitybase/adminui-pub/_src/ux/exporter/excelFormatter/Style.js
20180415 18341439  % http  	127.0.0.1 -> GET clientRequire/@unitybase/adminui-pub/_src/ux/exporter/excelFormatter/Style.js
20180415 18341439  % call  	endpoint clientRequire
20180415 18341439  % info  	Call clientRequire 
20180415 18341439  (  +    clientRequire/@unitybase/adminui-pub/_src/ux/exporter/excelFormatter/Worksheet.js
20180415 18341439  ( http  	127.0.0.1 -> GET clientRequire/@unitybase/adminui-pub/_src/ux/exporter/excelFormatter/Worksheet.js
20180415 18341439  " http  	127.0.0.1 <- 200
20180415 18341439  "  -    00.001.441
20180415 18341439  ( call  	endpoint clientRequire
20180415 18341439  ( info  	Call clientRequire 
20180415 18341439  '  +    clientRequire/@unitybase/adminui-pub/_src/ux/exporter/excelFormatter/Workbook.js
20180415 18341439  ' http  	127.0.0.1 -> GET clientRequire/@unitybase/adminui-pub/_src/ux/exporter/excelFormatter/Workbook.js
20180415 18341439  ' call  	endpoint clientRequire
20180415 18341439  ( http  	127.0.0.1 <- 200
20180415 18341439  (  -    00.001.255
20180415 18341439  ' info  	Call clientRequire 
20180415 18341439  % http  	127.0.0.1 <- 200
20180415 18341439  %  -    00.002.141
20180415 18341439  ' http  	127.0.0.1 <- 200
20180415 18341439  '  -    00.001.480
20180415 18341442  #  +    getDocument?entity=ubm_form&attribute=formDef&ID=408546243&origName=req_depart-fm.def&filename=ubm_form408546243formDef&_dc=1523817254663
20180415 18341442  # http  	127.0.0.1 -> GET getDocument?entity=ubm_form&attribute=formDef&ID=408546243&origName=req_depart-fm.def&filename=ubm_form408546243formDef&_dc=1523817254663
20180415 18341442  # auth  	admin/90718189
20180415 18341442  # call  	endpoint getDocument
20180415 18341442  $  +    getDocument?entity=ubm_form&attribute=formCode&ID=408546243&origName=req_depart-fm.js&filename=ubm_form408546243formCode&_dc=1523817254663
20180415 18341442  $ http  	127.0.0.1 -> GET getDocument?entity=ubm_form&attribute=formCode&ID=408546243&origName=req_depart-fm.js&filename=ubm_form408546243formCode&_dc=1523817254663
20180415 18341442  $ auth  	admin/90718189
20180415 18341442  $ call  	endpoint getDocument
20180415 18341442  # http  	127.0.0.1 <- 200
20180415 18341442  #  -    00.007.646
20180415 18341443  )  +    ubql
20180415 18341443  ) http  	127.0.0.1 -> POST ubql
20180415 18341443  ) http  	[{"entity":"ubm_enum","method":"select","fieldList":["eGroup","code","name","shortName","sortOrder","ID","mi_modifyDate"],"idProperty":"code","version":"1523803103"}]
20180415 18341443  ) auth  	admin/90718189
20180415 18341443  ) call  	endpoint ubql
20180415 18341443  )  +    	ubMixinClasses.TubStorageMixin(02D842C0).MixinMethod
20180415 18341443  ) debug 		ubm_enum.select(TubStorageMixin)
20180415 18341443  )  +    		ubApp.TubDataStore(06FE4F30).Init
20180415 18341443  )  +    			ubApp.TubApp(02D33EE0).DBExecute
20180415 18341443  )  +    				ubApp.TubApp(02D33EE0).TubApp.InternalDBExecute
20180415 18341443  ) SQL   					ubDBSQLite3ThreadSafe.TubSQLite3Statement(02DE9BB0) SELECT ( (SELECT COALESCE(strftime('%s',  MAX(mi_modifyDate)),1) FROM ubm_enum) ) AS dataVersion
20180415 18341443  )  -    				00.000.066
20180415 18341443  )  -    			00.000.136
20180415 18341443  ) debug 			Query result for entity "ubm_enum" into data name "": row count=1
20180415 18341443  )  -    		00.000.146
20180415 18341443  )  -    	00.000.260
20180415 18341443  ) http  	127.0.0.1 <- 200
20180415 18341443  )  -    00.000.596
20180415 18341445  $ http  	127.0.0.1 <- 200
20180415 18341445  $  -    00.061.344
20180415 18341628  &  +    clientRequire/@unitybase/adminui-pub/dist/adminui.4.min.js
20180415 18341628  & http  	127.0.0.1 -> GET clientRequire/@unitybase/adminui-pub/dist/adminui.4.min.js
20180415 18341628  & call  	endpoint clientRequire
20180415 18341628  & info  	Call clientRequire 
20180415 18341628  & http  	127.0.0.1 <- 200
20180415 18341628  &  -    00.001.345
20180415 18341630  "  +    models/adminui-pub/themes/UBGrayTheme/images/tree/leaf.png
20180415 18341630  " http  	127.0.0.1 -> GET models/adminui-pub/themes/UBGrayTheme/images/tree/leaf.png
20180415 18341630  " call  	endpoint models
20180415 18341630  " http  	127.0.0.1 <- 200
20180415 18341630  "  -    00.000.701
20180415 18343457  (  +    setDocument?ID=408546243&attribute=formDef&entity=ubm_form&filename=req_depart-fm.def
20180415 18343457  ( http  	127.0.0.1 -> POST setDocument?ID=408546243&attribute=formDef&entity=ubm_form&filename=req_depart-fm.def
20180415 18343457  ( http  	!BIN(806)
20180415 18343457  ( auth  	admin/90718189
20180415 18343457  ( call  	endpoint setDocument
20180415 18343457  %  +    setDocument?ID=408546243&attribute=formCode&entity=ubm_form&filename=req_depart-fm.js
20180415 18343457  % http  	127.0.0.1 -> POST setDocument?ID=408546243&attribute=formCode&entity=ubm_form&filename=req_depart-fm.js
20180415 18343457  % http  	!BIN(172)
20180415 18343457  % auth  	admin/90718189
20180415 18343457  % call  	endpoint setDocument
20180415 18343457  % http  	127.0.0.1 <- 200
20180415 18343457  %  -    00.004.588
20180415 18343457  ( http  	127.0.0.1 <- 200
20180415 18343457  (  -    00.013.010
20180415 18343458  '  +    ubql
20180415 18343458  ' http  	127.0.0.1 -> POST ubql
20180415 18343458  ' http  	[{"fieldList":["entity","model","code","description","caption","formType","isDefault","formDef","formCode","ID","mi_modifyDate"],"entity":"ubm_form","method":"update","alsNeed":false,"execParams":{"formCode":"{\"store\":\"mdb\",\"fName\":\"req_depart-fm.js\",\"origName\":\"req_depart-fm.js\",\"relPath\":\"\",\"ct\":\"application/javascript\",\"size\":172,\"md5\":\"f2200671411335c8045c2b7a3b71ae87\",\"revision\":1,\"isDirty\":true}","formDef":"{\"store\":\"mdb\",\"fName\":\"req_depart-fm.def\",\"origName\":\"req_depart-fm.def\",\"relPath\":\"\",\"ct\":\"application/def\",\"size\":806,\"md5\":\"4b784dd0a7a2046912f4507a5f841457\",\"revision\":1,\"isDirty\":true}","ID":408546243,"mi_modifyDate":"2018-04-15T20:32:21.000Z"}}]
20180415 18343458  ' auth  	admin/90718189
20180415 18343458  ' call  	endpoint ubql
20180415 18343458  '  +    	ubMixinClasses.TubStorageMixin(02D842C0).MixinMethod
20180415 18343458  ' debug 		ubm_form.beforeupdate(TubStorageMixin)
20180415 18343458  '  -    	00.002.183
20180415 18343458  #  +    ubql
20180415 18343458  # http  	127.0.0.1 -> POST ubql
20180415 18343458  # http  	[{"entity":"ubm_form","method":"select","fieldList":["ID","code","description","caption","formType","formDef","formCode","model","entity","isDefault","mi_owner","mi_createDate","mi_createUser","mi_modifyDate","mi_modifyUser"],"version":2369167924}]
20180415 18343458  # auth  	admin/90718189
20180415 18343458  # call  	endpoint ubql
20180415 18343458  # http  	127.0.0.1 <- 200
20180415 18343458  #  -    00.001.002
20180415 18343460  '  +    	ubMixinClasses.TubStorageMixin(02D842C0).MixinMethod
20180415 18343460  ' debug 		ubm_form.afterupdate(TubStorageMixin)
20180415 18343462  '  -    	00.024.613
20180415 18343462  '  +    	ubMixinClasses.TubAuditMixin(02D84F70).MixinMethod
20180415 18343462  ' debug 		ubm_form.afterupdate(TubAuditMixin)
20180415 18343462  '  +    		ubApp.TubDataStore(06FE5D68).TubDataStore.ExecuteInsertFromSQL
20180415 18343462  '  +    			ubApp.TubApp(02D33EE0).DBExecute
20180415 18343462  '  +    				ubApp.TubApp(02D33EE0).TubApp.InternalDBExecute
20180415 18343462  ' debug 					P1: Int64		335786099539969
20180415 18343462  ' debug 					P2: String(8)	ubm_form
20180415 18343462  ' debug 					P3: Int64		408546243
20180415 18343462  ' debug 					P4: String(6)	UPDATE
20180415 18343462  ' debug 					P5: Int64		10
20180415 18343462  ' debug 					P6: DateTime	2018-04-15T18:34:34
20180415 18343462  ' debug 					P7: String(9)	127.0.0.1
20180415 18343462  ' debug 					P8: Int64		408546243
20180415 18343462  ' debug 					P9: String(1)	]
20180415 18343462  ' debug 					P10: String(527..)	{"formCode":"{\"store\":\"mdb\",\"fName\":\"req_depart-fm.js\",\"origName\":\"req_depart-fm.js\",\"r...
20180415 18343462  ' DB    					StartTransaction for connection "main"
20180415 18343462  ' SQL   					ubDBSQLite3ThreadSafe.TubSQLite3Statement(02DEAA50) INSERT INTO uba_auditTrail (ID,entity,entityinfo_id,actionType,actionUser,actionTime,remoteIP,parentEntityInfo_id,fromValue,toValue) VALUES (?,?,?,?,?,?,?,?,?,?)
20180415 18343462  '  -    				00.000.230
20180415 18343462  '  -    			00.000.232
20180415 18343462  '  -    		00.000.324
20180415 18343462  '  -    	00.000.368
20180415 18343462  ' DB    	Commit connection "main" in 210us
20180415 18343462  ' http  	127.0.0.1 <- 200
20180415 18343462  '  -    00.053.584
20180415 18343504  )  +    getDocument?entity=ubm_form&attribute=formDef&ID=408546243&origName=req_depart-fm.def&filename=ubm_form408546243formDef&_dc=1523817274998
20180415 18343504  ) http  	127.0.0.1 -> GET getDocument?entity=ubm_form&attribute=formDef&ID=408546243&origName=req_depart-fm.def&filename=ubm_form408546243formDef&_dc=1523817274998
20180415 18343504  ) auth  	admin/90718189
20180415 18343504  ) call  	endpoint getDocument
20180415 18343504  $  +    getDocument?entity=ubm_form&attribute=formCode&ID=408546243&origName=req_depart-fm.js&filename=ubm_form408546243formCode&_dc=1523817274999
20180415 18343504  $ http  	127.0.0.1 -> GET getDocument?entity=ubm_form&attribute=formCode&ID=408546243&origName=req_depart-fm.js&filename=ubm_form408546243formCode&_dc=1523817274999
20180415 18343504  $ auth  	admin/90718189
20180415 18343504  $ call  	endpoint getDocument
20180415 18343504  $ http  	127.0.0.1 <- 200
20180415 18343504  ) http  	127.0.0.1 <- 200
20180415 18343504  )  -    00.004.701
20180415 18343504  $  -    00.003.582
20180415 18344822  &  +    models/adminui-pub/themes/UBGrayTheme/ubimages/undo.png
20180415 18344822  & http  	127.0.0.1 -> GET models/adminui-pub/themes/UBGrayTheme/ubimages/undo.png
20180415 18344822  & call  	endpoint models
20180415 18344822  & http  	127.0.0.1 <- 200
20180415 18344822  &  -    00.001.646
20180415 18344827  "  +    models/adminui-pub/themes/UBGrayTheme/images/tree/folder.png
20180415 18344827  " http  	127.0.0.1 -> GET models/adminui-pub/themes/UBGrayTheme/images/tree/folder.png
20180415 18344827  " call  	endpoint models
20180415 18344827  %  +    models/adminui-pub/themes/UBGrayTheme/images/tree/arrows.png
20180415 18344827  % http  	127.0.0.1 -> GET models/adminui-pub/themes/UBGrayTheme/images/tree/arrows.png
20180415 18344827  % call  	endpoint models
20180415 18344827  " http  	127.0.0.1 <- 200
20180415 18344827  "  -    00.004.465
20180415 18344827  % http  	127.0.0.1 <- 200
20180415 18344827  %  -    00.001.402
20180415 18344846  (  +    ubql
20180415 18344846  ( http  	127.0.0.1 -> POST ubql
20180415 18344846  ( http  	[{"entity":"req_subDepart","method":"select","fieldList":["ID","name"],"options":{"limit":100,"start":0}}]
20180415 18344846  ( auth  	admin/90718189
20180415 18344846  ( call  	endpoint ubql
20180415 18344846  (  +    	ubMixinClasses.TubStorageMixin(02D842C0).MixinMethod
20180415 18344846  ( debug 		req_subDepart.select(TubStorageMixin)
20180415 18344846  (  +    		ubApp.TubDataStore(06FE5CF0).Init
20180415 18344846  (  +    			ubApp.TubApp(02D33EE0).DBExecute
20180415 18344846  (  +    				ubApp.TubApp(02D33EE0).TubApp.InternalDBExecute
20180415 18344846  (  +    					00856EC2 
20180415 18344846  (  -    					00.010.949
20180415 18344846  ( SQL   					ubDBSQLite3ThreadSafe.TubSQLite3Statement(02DEB0B0) PRAGMA foreign_keys = ON
20180415 18344846  ( SQL   					ubDBSQLite3ThreadSafe.TubSQLite3Statement(02DEA930) SELECT A01.ID,A01.name  FROM req_subDepart A01  LIMIT 100 OFFSET 0 
20180415 18344846  (  -    				00.011.009
20180415 18344846  (  -    			00.011.078
20180415 18344846  ( debug 			Query result for entity "req_subDepart" into data name "": row count=0
20180415 18344846  (  -    		00.011.092
20180415 18344846  (  -    	00.011.238
20180415 18344846  ( http  	127.0.0.1 <- 200
20180415 18344846  (  -    00.011.867
20180415 18345447  #  +    ubql
20180415 18345447  # http  	127.0.0.1 -> POST ubql
20180415 18345447  # http  	[{"entity":"req_subDepart","method":"select","fieldList":["ID","name"],"options":{"limit":100,"start":0}}]
20180415 18345447  # auth  	admin/90718189
20180415 18345447  # call  	endpoint ubql
20180415 18345447  #  +    	ubMixinClasses.TubStorageMixin(02D842C0).MixinMethod
20180415 18345447  # debug 		req_subDepart.select(TubStorageMixin)
20180415 18345447  #  +    		ubApp.TubDataStore(06FE4C38).Init
20180415 18345447  #  +    			ubApp.TubApp(02D33EE0).DBExecute
20180415 18345447  #  +    				ubApp.TubApp(02D33EE0).TubApp.InternalDBExecute
20180415 18345447  # SQL   					ubDBSQLite3ThreadSafe.TubSQLite3Statement(02DEB0B0) SELECT A01.ID,A01.name  FROM req_subDepart A01  LIMIT 100 OFFSET 0 
20180415 18345447  #  -    				00.000.054
20180415 18345447  #  -    			00.000.173
20180415 18345447  # debug 			Query result for entity "req_subDepart" into data name "": row count=0
20180415 18345447  #  -    		00.000.183
20180415 18345447  #  -    	00.000.256
20180415 18345447  # http  	127.0.0.1 <- 200
20180415 18345447  #  -    00.000.583
20180415 18350515  '  +    models/adminui-pub/themes/UBGrayTheme/images/tree/folder-open.png
20180415 18350515  ' http  	127.0.0.1 -> GET models/adminui-pub/themes/UBGrayTheme/images/tree/folder-open.png
20180415 18350515  ' call  	endpoint models
20180415 18350515  ' http  	127.0.0.1 <- 200
20180415 18350515  '  -    00.001.044
20180415 18351051  )  +    models/adminui-pub/themes/UBGrayTheme/images/dd/drop-no.png
20180415 18351051  ) http  	127.0.0.1 -> GET models/adminui-pub/themes/UBGrayTheme/images/dd/drop-no.png
20180415 18351051  ) call  	endpoint models
20180415 18351051  ) http  	127.0.0.1 <- 200
20180415 18351051  )  -    00.000.662
20180415 18353533  $  +    setDocument?ID=408546243&attribute=formCode&entity=ubm_form&filename=req_depart-fm.js
20180415 18353533  $ http  	127.0.0.1 -> POST setDocument?ID=408546243&attribute=formCode&entity=ubm_form&filename=req_depart-fm.js
20180415 18353533  $ http  	!BIN(23)
20180415 18353533  $ auth  	admin/90718189
20180415 18353533  $ call  	endpoint setDocument
20180415 18353533  $ http  	127.0.0.1 <- 200
20180415 18353533  $  -    00.009.918
20180415 18353534  &  +    ubql
20180415 18353534  & http  	127.0.0.1 -> POST ubql
20180415 18353534  & http  	[{"fieldList":["entity","model","code","description","caption","formType","isDefault","formDef","formCode","ID","mi_modifyDate"],"entity":"ubm_form","method":"update","alsNeed":false,"execParams":{"formCode":"{\"store\":\"mdb\",\"fName\":\"req_depart-fm.js\",\"origName\":\"req_depart-fm.js\",\"relPath\":\"\",\"ct\":\"application/javascript\",\"size\":23,\"md5\":\"d2d27df8f6530a2faa8e24f09acd6a91\",\"revision\":1,\"isDirty\":true}","ID":408546243,"mi_modifyDate":"2018-04-15T20:34:34.000Z"}}]
20180415 18353534  & auth  	admin/90718189
20180415 18353534  & call  	endpoint ubql
20180415 18353534  &  +    	ubMixinClasses.TubStorageMixin(02D842C0).MixinMethod
20180415 18353534  & debug 		ubm_form.beforeupdate(TubStorageMixin)
20180415 18353534  & EXC   		EMetabaseException {"errorCode":25,"Message":"Record modified by another user"} at 0094C650 
20180415 18353534  &  -    	00.002.575
20180415 18353534  & ERROR 	POST ubql ERROR=500 (Record modified by another user)
20180415 18353534  &  -    00.004.065
20180415 18353534  "  +    ubql
20180415 18353534  " http  	127.0.0.1 -> POST ubql
20180415 18353534  " http  	[{"entity":"ubm_form","method":"select","fieldList":["ID","code","description","caption","formType","formDef","formCode","model","entity","isDefault","mi_owner","mi_createDate","mi_createUser","mi_modifyDate","mi_modifyUser"],"version":2369167924}]
20180415 18353534  " auth  	admin/90718189
20180415 18353534  " call  	endpoint ubql
20180415 18353538  " http  	127.0.0.1 <- 200
20180415 18353538  "  -    00.059.075
20180415 18354034  %  +    getDocument
20180415 18354034  % http  	127.0.0.1 -> POST getDocument
20180415 18354034  % http  	{"id":3764288412,"entity":"ubm_form","attribute":"formDef"}
20180415 18354034  % auth  	admin/90718189
20180415 18354034  % call  	endpoint getDocument
20180415 18354034  (  +    getDocument
20180415 18354034  ( http  	127.0.0.1 -> POST getDocument
20180415 18354034  ( http  	{"id":3764288412,"entity":"ubm_form","attribute":"formCode"}
20180415 18354034  ( auth  	admin/90718189
20180415 18354034  ( call  	endpoint getDocument
20180415 18354034  ( http  	127.0.0.1 <- 200
20180415 18354034  (  -    00.003.180
20180415 18354036  % http  	127.0.0.1 <- 200
20180415 18354036  %  -    00.038.567
20180415 18354048  #  +    ubql
20180415 18354048  # http  	127.0.0.1 -> POST ubql
20180415 18354048  # http  	[{"entity":"ubm_form","fieldList":["entity","model","code","description","caption","formType","isDefault","formDef","formCode","ID","mi_modifyDate"],"ID":3004939704,"alsNeed":false,"method":"select"}]
20180415 18354048  # auth  	admin/90718189
20180415 18354048  # call  	endpoint ubql
20180415 18354048  # http  	127.0.0.1 <- 200
20180415 18354048  #  -    00.001.593
20180415 18354051  '  +    getDocument?entity=ubm_form&attribute=formDef&ID=3004939704&origName=req_reqList-fm.def&filename=ubm_form3004939704formDef&_dc=1523817340820
20180415 18354051  ' http  	127.0.0.1 -> GET getDocument?entity=ubm_form&attribute=formDef&ID=3004939704&origName=req_reqList-fm.def&filename=ubm_form3004939704formDef&_dc=1523817340820
20180415 18354051  ' auth  	admin/90718189
20180415 18354051  ' call  	endpoint getDocument
20180415 18354051  )  +    getDocument?entity=ubm_form&attribute=formCode&ID=3004939704&origName=req_reqList-fm.js&filename=ubm_form3004939704formCode&_dc=1523817340821
20180415 18354051  ) http  	127.0.0.1 -> GET getDocument?entity=ubm_form&attribute=formCode&ID=3004939704&origName=req_reqList-fm.js&filename=ubm_form3004939704formCode&_dc=1523817340821
20180415 18354051  ) auth  	admin/90718189
20180415 18354051  ) call  	endpoint getDocument
20180415 18354051  ' http  	127.0.0.1 <- 200
20180415 18354051  '  -    00.002.584
20180415 18354051  ) http  	127.0.0.1 <- 200
20180415 18354051  )  -    00.003.166
20180415 18354560  $  +    setDocument?ID=3004939704&attribute=formDef&entity=ubm_form&filename=req_reqList-fm.def
20180415 18354560  $ http  	127.0.0.1 -> POST setDocument?ID=3004939704&attribute=formDef&entity=ubm_form&filename=req_reqList-fm.def
20180415 18354560  $ http  	!BIN(1274)
20180415 18354560  $ auth  	admin/90718189
20180415 18354560  $ call  	endpoint setDocument
20180415 18354560  &  +    setDocument?ID=3004939704&attribute=formCode&entity=ubm_form&filename=req_reqList-fm.js
20180415 18354560  & http  	127.0.0.1 -> POST setDocument?ID=3004939704&attribute=formCode&entity=ubm_form&filename=req_reqList-fm.js
20180415 18354560  & http  	!BIN(172)
20180415 18354560  & auth  	admin/90718189
20180415 18354560  & call  	endpoint setDocument
20180415 18354561  $ http  	127.0.0.1 <- 200
20180415 18354561  $  -    00.011.535
20180415 18354561  & http  	127.0.0.1 <- 200
20180415 18354561  &  -    00.013.820
20180415 18354561  "  +    ubql
20180415 18354561  " http  	127.0.0.1 -> POST ubql
20180415 18354561  " http  	[{"fieldList":["entity","model","code","description","caption","formType","isDefault","formDef","formCode","ID","mi_modifyDate"],"entity":"ubm_form","method":"update","alsNeed":false,"execParams":{"formCode":"{\"store\":\"mdb\",\"fName\":\"req_reqList-fm.js\",\"origName\":\"req_reqList-fm.js\",\"relPath\":\"\",\"ct\":\"application/javascript\",\"size\":172,\"md5\":\"f2200671411335c8045c2b7a3b71ae87\",\"revision\":1,\"isDirty\":true}","formDef":"{\"store\":\"mdb\",\"fName\":\"req_reqList-fm.def\",\"origName\":\"req_reqList-fm.def\",\"relPath\":\"\",\"ct\":\"application/def\",\"size\":1274,\"md5\":\"087ffe4a81d02eaf5c241754d9f4222b\",\"revision\":1,\"isDirty\":true}","ID":3004939704,"mi_modifyDate":"2018-04-15T20:28:13.000Z"}}]
20180415 18354561  " auth  	admin/90718189
20180415 18354561  " call  	endpoint ubql
20180415 18354561  "  +    	ubMixinClasses.TubStorageMixin(02D842C0).MixinMethod
20180415 18354561  " debug 		ubm_form.beforeupdate(TubStorageMixin)
20180415 18354561  "  -    	00.003.501
20180415 18354561  (  +    ubql
20180415 18354561  ( http  	127.0.0.1 -> POST ubql
20180415 18354561  ( http  	[{"entity":"ubm_form","method":"select","fieldList":["ID","code","description","caption","formType","formDef","formCode","model","entity","isDefault","mi_owner","mi_createDate","mi_createUser","mi_modifyDate","mi_modifyUser"],"version":2043711864}]
20180415 18354561  ( auth  	admin/90718189
20180415 18354561  ( call  	endpoint ubql
20180415 18354561  ( http  	127.0.0.1 <- 200
20180415 18354561  (  -    00.001.906
20180415 18354600  "  +    	ubMixinClasses.TubStorageMixin(02D842C0).MixinMethod
20180415 18354600  " debug 		ubm_form.afterupdate(TubStorageMixin)
20180415 18354602  "  -    	00.022.860
20180415 18354602  "  +    	ubMixinClasses.TubAuditMixin(02D84F70).MixinMethod
20180415 18354602  " debug 		ubm_form.afterupdate(TubAuditMixin)
20180415 18354602  "  +    		ubApp.TubDataStore(06FE7FF0).TubDataStore.ExecuteInsertFromSQL
20180415 18354602  "  +    			ubApp.TubApp(02D33EE0).DBExecute
20180415 18354602  "  +    				ubApp.TubApp(02D33EE0).TubApp.InternalDBExecute
20180415 18354602  " debug 					P1: Int64		335786108616705
20180415 18354602  " debug 					P2: String(8)	ubm_form
20180415 18354602  " debug 					P3: Int64		3004939704
20180415 18354602  " debug 					P4: String(6)	UPDATE
20180415 18354602  " debug 					P5: Int64		10
20180415 18354602  " debug 					P6: DateTime	2018-04-15T18:35:45
20180415 18354602  " debug 					P7: String(9)	127.0.0.1
20180415 18354602  " debug 					P8: Int64		3004939704
20180415 18354602  " debug 					P9: String(1)	]
20180415 18354602  " debug 					P10: String(533..)	{"formCode":"{\"store\":\"mdb\",\"fName\":\"req_reqList-fm.js\",\"origName\":\"req_reqList-fm.js\",\...
20180415 18354602  " DB    					StartTransaction for connection "main"
20180415 18354602  " SQL   					ubDBSQLite3ThreadSafe.TubSQLite3Statement(02DEB170) INSERT INTO uba_auditTrail (ID,entity,entityinfo_id,actionType,actionUser,actionTime,remoteIP,parentEntityInfo_id,fromValue,toValue) VALUES (?,?,?,?,?,?,?,?,?,?)
20180415 18354602  "  -    				00.000.195
20180415 18354602  "  -    			00.000.202
20180415 18354602  "  -    		00.000.296
20180415 18354602  "  -    	00.000.381
20180415 18354602  " DB    	Commit connection "main" in 250us
20180415 18354602  " http  	127.0.0.1 <- 200
20180415 18354602  "  -    00.050.338
20180415 18354607  %  +    getDocument?entity=ubm_form&attribute=formDef&ID=3004939704&origName=req_reqList-fm.def&filename=ubm_form3004939704formDef&_dc=1523817346040
20180415 18354607  % http  	127.0.0.1 -> GET getDocument?entity=ubm_form&attribute=formDef&ID=3004939704&origName=req_reqList-fm.def&filename=ubm_form3004939704formDef&_dc=1523817346040
20180415 18354607  % auth  	admin/90718189
20180415 18354607  % call  	endpoint getDocument
20180415 18354607  #  +    getDocument?entity=ubm_form&attribute=formCode&ID=3004939704&origName=req_reqList-fm.js&filename=ubm_form3004939704formCode&_dc=1523817346042
20180415 18354607  # http  	127.0.0.1 -> GET getDocument?entity=ubm_form&attribute=formCode&ID=3004939704&origName=req_reqList-fm.js&filename=ubm_form3004939704formCode&_dc=1523817346042
20180415 18354607  # auth  	admin/90718189
20180415 18354607  # call  	endpoint getDocument
20180415 18354607  # http  	127.0.0.1 <- 200
20180415 18354607  #  -    00.002.073
20180415 18354607  % http  	127.0.0.1 <- 200
20180415 18354607  %  -    00.002.701
20180415 18354713  '  +    models/adminui-pub/themes/UBGrayTheme/images/form/date-trigger.png
20180415 18354713  ' http  	127.0.0.1 -> GET models/adminui-pub/themes/UBGrayTheme/images/form/date-trigger.png
20180415 18354713  ' call  	endpoint models
20180415 18354713  ' http  	127.0.0.1 <- 200
20180415 18354713  '  -    00.000.759
20180415 18355211  ! info  ubApp.TubApp(02D33EE0) {   "ClientsCurrent": 1,   "ClientsMax": 1,   "Invalid": 1,   "Responses": 104,   "Modified": 0,   "IncomingBytes": 71122,   "OutcomingBytes": 72039,   "OutcomingFiles": 79,   "ServiceCalls": 104,   "ProcessTime": "7.16s"  }
