c:\UnityBase\UB.exe 4.0.0.0 (2018-02-22 16:30:16)Host=WDFN34211327A User=D071860 CPU=4*9-6-19971:FFFBCBBF8373DAFEBF6F9C0000 OS=23.0=10.0.15063 Wow64=1 Freq=2437498Environment variables=ALLUSERSPROFILE=C:\ProgramData	ANSICON=121x32766 (121x26)	ANSICON_DEF=7	APPDATA=C:\Users\D071860\AppData\Roaming	CommonProgramFiles=C:\Program Files (x86)\Common Files	CommonProgramFiles(x86)=C:\Program Files (x86)\Common Files	CommonProgramW6432=C:\Program Files\Common Files	COMPUTERNAME=WDFN34211327A	ComSpec=C:\WINDOWS\system32\cmd.exe	ConEmuANSI=ON	ConEmuAnsiLog=	ConEmuArgs=	ConEmuArgs2=	ConEmuBackHWND=0x001105EE	ConEmuBaseDir=C:\Program Files\ConEmu\ConEmu	ConEmuBaseDirShort=C:\PROGRA~1\ConEmu\ConEmu	ConEmuBuild=180411	ConEmuCfgDir=	ConEmuConfig=	ConEmuDir=C:\Program Files\ConEmu	ConEmuDrawHWND=0x001B0306	ConEmuDrive=C:	ConEmuHooks=Enabled	ConEmuHWND=0x001904C6	ConEmuPalette=<ConEmu>	ConEmuPID=1208	ConEmuPrompt0=$E[m$E[32m$E]9;8;"USERNAME"$E\@$E]9;8;"COMPUTERNAME"$E\$S	ConEmuPrompt1=$E[m$E[32m$E]9;8;"USERNAME"$E\@$E]9;8;"COMPUTERNAME"$E\$S$E[92m$P$E[90m	ConEmuPrompt2=$_$E[90m$G	ConEmuPrompt3=$E[m$S$E]9;12$E\	ConEmuServerPID=5468	ConEmuTask={Shells::cmd}	ConEmuWorkDir=C:\Users\D071860	ConEmuWorkDrive=C:	DEFLOGDIR=C:\ProgramData\McAfee\Endpoint Security\Logs	HOMEDRIVE=C:	homeloc=D_WDF	HOMEPATH=\Users\D071860	KUBECONFIG=C:\Practice\kubernetes\RUSLAN-KUBECONFIG	LOCALAPPDATA=C:\Users\D071860\AppData\Local	LOGONSERVER=\\DS2WDF0004	NUMBER_OF_PROCESSORS=4	OneDrive=C:\Users\D071860\OneDrive	OS=Windows_NT	Path=C:\Program Files\ConEmu\ConEmu\Scripts;C:\Program Files\ConEmu;C:\Program Files\ConEmu\ConEmu;C:\ProgramData\Oracle\Java\javapath;C:\Program Files\Docker\Docker\Resources\bin;C:\WINDOWS\system32;C:\WINDOWS;C:\WINDOWS\System32\Wbem;C:\WINDOWS\System32\WindowsPowerShell\v1.0\;C:\Program Files\Minikube;C:\Program Files\Kubernetes;C:\Program Files (x86)\Google\Cloud SDK\google-cloud-sdk\bin;C:\Program Files\PuTTY\;C:\Program Files\nodejs\;c:\UnityBase;C:\Users\D071860\AppData\Local\Microsoft\WindowsApps;C:\Users\D071860\AppData\Roaming\npm	PATHEXT=.COM;.EXE;.BAT;.CMD;.VBS;.VBE;.JSE;.WSF;.WSH;.MSC	PROCESSOR_ARCHITECTURE=x86	PROCESSOR_ARCHITEW6432=AMD64	PROCESSOR_IDENTIFIER=Intel64 Family 6 Model 78 Stepping 3, GenuineIntel	PROCESSOR_LEVEL=6	PROCESSOR_REVISION=4e03	ProgramData=C:\ProgramData	ProgramFiles=C:\Program Files (x86)	ProgramFiles(x86)=C:\Program Files (x86)	ProgramW6432=C:\Program Files	PROMPT=$E[m$E[32m$E]9;8;"USERNAME"$E\@$E]9;8;"COMPUTERNAME"$E\$S$E[92m$P$E[90m$_$E[90m$G$E[m$S$E]9;12$E\	PSModulePath=C:\Program Files (x86)\WindowsPowerShell\Modules;C:\WINDOWS\system32\WindowsPowerShell\v1.0\Modules;C:\Program Files (x86)\Google\Cloud SDK\google-cloud-sdk\platform\PowerShell	PUBLIC=C:\Users\Public	SESSIONNAME=Console	SNC_LIB=C:\Program Files (x86)\SAP\FrontEnd\SecureLogin\lib\sapcrypto.dll	SNC_LIB_64=C:\Program Files\SAP\FrontEnd\SecureLogin\lib\sapcrypto.dll	SSF_LIBRARY_PATH=C:\Program Files (x86)\SAP\FrontEnd\SecureLogin\lib\sapcrypto.dll	SSF_LIBRARY_PATH_64=C:\Program Files\SAP\FrontEnd\SecureLogin\lib\sapcrypto.dll	SystemDrive=C:	SystemRoot=C:\WINDOWS	TEMP=C:\Users\D071860\AppData\Local\Temp	TMP=C:\Users\D071860\AppData\Local\Temp	UATDATA=C:\WINDOWS\CCM\UATData\D9F8C395-CAB8-491d-B8AC-179A1FE1BE77	UB_HOME=c:\UnityBase	USERDNSDOMAIN=GLOBAL.CORP.SAP	USERDOMAIN=GLOBAL	USERDOMAIN_ROAMINGPROFILE=GLOBAL	USERNAME=D071860	USERPROFILE=C:\Users\D071860	windir=C:\WINDOWSTubLog 1.18.3488 FTS3 2018-04-15T19:06:3020180415 19063041  ! warn  WebSocket support are disabled because WSServer.host = '' in config
20180415 19063041  !  +    ubServer.TubServer(044074E8).008863DB 
20180415 19063041  !  +    	Init app
20180415 19063041  ! srvr  		FTS is disabled
20180415 19063041  ! info  		Check blob store "avatars" folder "C:\ubProject\CityPortal\avatars\": folder exists
20180415 19063041  ! info  		Check blob store "attach" folder "C:\ubProject\CityPortal\docs\attach\": folder exists
20180415 19063041  !  -    	00.000.445
20180415 19063041  !  +    	Folder C:\ubProject\CityPortal\node_modules\@unitybase\ub\ modified
20180415 19063041  !  +    		ubCommonClasses.TubThreadSafeCache(02E7CB08).removeStartsWith
20180415 19063041  !  -    		00.000.004
20180415 19063041  !  -    	00.000.009
20180415 19063041  !  +    	Folder C:\ubProject\CityPortal\node_modules\@unitybase\uba\ modified
20180415 19063041  !  +    		ubCommonClasses.TubThreadSafeCache(02E7CB08).removeStartsWith
20180415 19063041  !  -    		00.000.000
20180415 19063041  !  -    	00.000.004
20180415 19063041  !  +    	Folder C:\ubProject\CityPortal\node_modules\@unitybase\ubs\ modified
20180415 19063041  !  +    		ubCommonClasses.TubThreadSafeCache(02E7CB08).removeStartsWith
20180415 19063041  !  -    		00.000.000
20180415 19063041  !  -    	00.000.004
20180415 19063041  !  +    	Folder C:\ubProject\CityPortal\node_modules\@unitybase\ubm\ modified
20180415 19063041  !  +    		ubCommonClasses.TubThreadSafeCache(02E7CB08).removeStartsWith
20180415 19063041  !  -    		00.000.000
20180415 19063041  !  -    	00.000.003
20180415 19063041  !  +    	Folder C:\ubProject\CityPortal\_public_only_\ modified
20180415 19063041  !  +    		ubCommonClasses.TubThreadSafeCache(02E7CB08).removeStartsWith
20180415 19063041  !  -    		00.000.000
20180415 19063041  !  -    	00.000.004
20180415 19063041  !  +    	Folder C:\ubProject\CityPortal\node_modules\@unitybase\adminui-reg\ modified
20180415 19063041  !  +    		ubCommonClasses.TubThreadSafeCache(02E7CB08).removeStartsWith
20180415 19063041  !  -    		00.000.000
20180415 19063041  !  -    	00.000.004
20180415 19063041  !  +    	Folder C:\ubProject\CityPortal\models\requests\ modified
20180415 19063041  !  +    		ubCommonClasses.TubThreadSafeCache(02E7CB08).removeStartsWith
20180415 19063041  !  -    		00.000.000
20180415 19063041  !  -    	00.000.003
20180415 19063041  !  +    	ubApp.TubApp(02DE3EE0).init
20180415 19063041  ! srvr  		Mime converters are disabled
20180415 19063041  !  -    	00.000.003
20180415 19063041  ! srvr  	Enable zip compresison
20180415 19063041  ! srvr  	Send initialization request to http://localhost:888/init
20180415 19063042  "  +    InitializationRequest
20180415 19063042  "  +    	init
20180415 19063042  " srvr  		Start application intialization...
20180415 19063042  " info  		Loading domain...
20180415 19063042  " info  		Loading model "UB" from "C:\ubProject\CityPortal\node_modules\@unitybase\ub\"
20180415 19063042  " info  		Loading model "UBA" from "C:\ubProject\CityPortal\node_modules\@unitybase\uba\"
20180415 19063043  " info  		Loading model "UBS" from "C:\ubProject\CityPortal\node_modules\@unitybase\ubs\"
20180415 19063044  " info  		Loading model "UBM" from "C:\ubProject\CityPortal\node_modules\@unitybase\ubm\"
20180415 19063044  " info  		Loading model "adminui-reg" from "C:\ubProject\CityPortal\node_modules\@unitybase\adminui-reg\"
20180415 19063044  " info  		Loading model "RequestList" from "C:\ubProject\CityPortal\models\requests\"
20180415 19063044  "  +    		ubApp.TubDataStore(0439FEF8).Init
20180415 19063044  "  +    			ubApp.TubApp(02DE3EE0).DBExecute
20180415 19063044  "  +    				ubApp.TubApp(02DE3EE0).TubApp.InternalDBExecute
20180415 19063044  "  +    					00856EC2 
20180415 19063045  "  -    					00.002.492
20180415 19063045  " SQL   					ubDBSQLite3ThreadSafe.TubSQLite3Statement(02E96F10) PRAGMA foreign_keys = ON
20180415 19063045  " SQL   					ubDBSQLite3ThreadSafe.TubSQLite3Statement(02E96910) SELECT A01.ID,A01.entity,A01.state,A01.attribute,A01.roleName,A01.actions  FROM uba_als A01  ORDER BY A01.entity ASC
20180415 19063045  "  -    				00.002.606
20180415 19063045  "  -    			00.002.638
20180415 19063045  " debug 			Query result for entity "uba_als" into data name "": row count=0
20180415 19063045  "  -    		00.002.680
20180415 19063045  " srvr  		The domain loaded successfully with 3 entities
20180415 19063045  " debug 		Create new JavaScript Engine for thread 42220
20180415 19063057  "  +    		008C234A 
20180415 19063057  "  +    			ubApp.TubDataStore(0759BF50).Init
20180415 19063057  "  +    				ubApp.TubApp(02DE3EE0).DBExecute
20180415 19063057  "  +    					ubApp.TubApp(02DE3EE0).TubApp.InternalDBExecute
20180415 19063057  " SQL   						ubDBSQLite3ThreadSafe.TubSQLite3Statement(02E97270) SELECT A01.ID,A01.name,A01.sessionTimeout,A01.allowedAppMethods  FROM uba_role A01 
20180415 19063057  "  -    					00.000.048
20180415 19063057  "  -    				00.000.117
20180415 19063057  " debug 				Query result for entity "uba_role" into data name "": row count=7
20180415 19063057  "  -    			00.000.134
20180415 19063057  "  +    			ubApp.TubDataStore(0759BFC8).Init
20180415 19063057  "  +    				ubApp.TubApp(02DE3EE0).DBExecute
20180415 19063057  "  +    					ubApp.TubApp(02DE3EE0).TubApp.InternalDBExecute
20180415 19063057  " SQL   						ubDBSQLite3ThreadSafe.TubSQLite3Statement(02E97210) SELECT A01.ID,A01.entityMask,A01.methodMask,A01.ruleType,A01.ruleRole,A01.disabled,A01.code  FROM uba_els A01 
20180415 19063057  "  -    					00.000.033
20180415 19063057  "  -    				00.000.170
20180415 19063057  " debug 				Query result for entity "uba_els" into data name "": row count=86
20180415 19063057  "  -    			00.000.194
20180415 19063057  "  -    		00.002.180
20180415 19063057  " auth  		New session admin/92664147 created at 127.0.0.1/-144115182170275749 using Mozilla/5.0 (Windows; mORMot 1.18 TWinHTTP)
20180415 19063057  " auth  		New session anonymous/92664146 created at 127.0.0.1/-144115182170275749 using Mozilla/5.0 (Windows; mORMot 1.18 TWinHTTP)
20180415 19063057  "  +    		ubApp.TubDataStore(0759C1D0).Init
20180415 19063057  "  +    			ubApp.TubApp(02DE3EE0).DBExecute
20180415 19063057  "  +    				ubApp.TubApp(02DE3EE0).TubApp.InternalDBExecute
20180415 19063057  " debug 					P1: String(34)	UBA.passwordPolicy.maxDurationDays
20180415 19063057  " SQL   					ubDBSQLite3ThreadSafe.TubSQLite3Statement(02E97330) select settingValue from ubs_settings where settingKey =?
20180415 19063057  "  -    				00.000.029
20180415 19063057  "  -    			00.000.078
20180415 19063057  " debug 			Query result for entity "ubs_settings" into data name "": row count=1
20180415 19063057  "  -    		00.000.086
20180415 19063057  "  +    		ubApp.TubDataStore(0759C1D0).Init
20180415 19063057  "  +    			ubApp.TubApp(02DE3EE0).DBExecute
20180415 19063057  "  +    				ubApp.TubApp(02DE3EE0).TubApp.InternalDBExecute
20180415 19063057  " debug 					P1: String(37)	UBA.passwordPolicy.maxInvalidAttempts
20180415 19063057  " SQL   					ubDBSQLite3ThreadSafe.TubSQLite3Statement(02E97330) select settingValue from ubs_settings where settingKey =?
20180415 19063057  "  -    				00.000.006
20180415 19063057  "  -    			00.000.018
20180415 19063057  " debug 			Query result for entity "ubs_settings" into data name "": row count=1
20180415 19063057  "  -    		00.000.024
20180415 19063057  "  -    	00.253.488
20180415 19063057  "  -    00.253.504
20180415 19063057  ! srvr  	ubServer.TubServer(044074E8) {"THttpApiServer(02DAA990)":{"Cloned":false,"RegisteredUrl":"http://+:888/","HTTPQueueLength":1000,"MaxBandwidth":-1,"MaxConnections":-1,"APIVersion":"HTTP API 2.0","ServerName":"UnityBase","ProcessName":""}} initialized
20180415 19063057  !  -    00.261.651
20180415 19063057  "  +    getAppInfo
20180415 19063057  " http  	127.0.0.1 -> GET getAppInfo
20180415 19063057  " call  	endpoint getAppInfo
20180415 19063057  " http  	127.0.0.1 <- 200
20180415 19063057  "  -    00.000.561
20180415 19063059  #  +    auth?AUTHTYPE=UB&userName=admin
20180415 19063059  # http  	127.0.0.1 -> GET auth?AUTHTYPE=UB&userName=admin
20180415 19063059  # debug 	Create new JavaScript Engine for thread 36768
20180415 19063110  # call  	endpoint auth
20180415 19063110  # http  	127.0.0.1 <- 200
20180415 19063110  #  -    00.208.010
20180415 19063110  $  +    auth?AUTHTYPE=UB&clientNonce=db8c988868e9a7ab1bfe34be920991e8135a5cbdc97fc624fbd1ac964598b7d6&password=321468b2506d4292627c2d3eebe5e3a1a829f18597ecfbfa8618a9c2ef243fb3&userName=admin
20180415 19063110  $ http  	127.0.0.1 -> GET auth?AUTHTYPE=UB&clientNonce=db8c988868e9a7ab1bfe34be920991e8135a5cbdc97fc624fbd1ac964598b7d6&password=321468b2506d4292627c2d3eebe5e3a1a829f18597ecfbfa8618a9c2ef243fb3&userName=admin
20180415 19063110  $ debug 	Create new JavaScript Engine for thread 42012
20180415 19063123  $ call  	endpoint auth
20180415 19063123  $  +    	ubApp.TubDataStore(075A1450).Init
20180415 19063123  $  +    		ubApp.TubApp(02DE3EE0).DBExecute
20180415 19063123  $  +    			ubApp.TubApp(02DE3EE0).TubApp.InternalDBExecute
20180415 19063123  $  +    				00856EC2 
20180415 19063123  $  -    				00.002.184
20180415 19063123  $ SQL   				ubDBSQLite3ThreadSafe.TubSQLite3Statement(02E980B0) PRAGMA foreign_keys = ON
20180415 19063123  $ debug 				P1: String(5)	admin
20180415 19063123  $ SQL   				ubDBSQLite3ThreadSafe.TubSQLite3Statement(02E97A50) select id, name, uPasswordHashHexa, uData, isPending, trustedIP from UBA_USER where name=? and disabled=0
20180415 19063123  $  -    			00.002.230
20180415 19063123  $  -    		00.002.274
20180415 19063123  $ debug 		Query result for entity "uba_user" into data name "": row count=1
20180415 19063123  $  -    	00.002.290
20180415 19063123  $  +    	ubApp.TubDataStore(075A1450).Init
20180415 19063123  $  +    		ubApp.TubApp(02DE3EE0).DBExecute
20180415 19063123  $  +    			ubApp.TubApp(02DE3EE0).TubApp.InternalDBExecute
20180415 19063123  $ debug 				P1: Int64		10
20180415 19063123  $ SQL   				ubDBSQLite3ThreadSafe.TubSQLite3Statement(02E980B0) SELECT lastPasswordChangeDate FROM uba_user WHERE id=?
20180415 19063123  $  -    			00.000.018
20180415 19063123  $  -    		00.000.040
20180415 19063123  $ debug 		Query result for entity "uba_user" into data name "__expireDate": row count=1
20180415 19063123  $  -    	00.000.048
20180415 19063123  $  +    	ubApp.TubDataStore(07E2A2F8).Init
20180415 19063123  $  +    		ubApp.TubApp(02DE3EE0).DBExecute
20180415 19063123  $  +    			ubApp.TubApp(02DE3EE0).TubApp.InternalDBExecute
20180415 19063123  $ debug 				P1: Int64		10
20180415 19063123  $ SQL   				ubDBSQLite3ThreadSafe.TubSQLite3Statement(02E98170) SELECT A01.roleID,A02.name,A02.description  FROM uba_userrole A01  INNER JOIN uba_role A02 ON A02.ID=A01.roleID  WHERE A01.userID=?
20180415 19063123  $  -    			00.000.041
20180415 19063123  $  -    		00.000.081
20180415 19063123  $ debug 		Query result for entity "uba_userrole" into data name "": row count=1
20180415 19063123  $  -    	00.000.089
20180415 19063123  $ auth  	New session admin/92664173 created at 127.0.0.1/-144115182170275749 using Mozilla/5.0 (Windows; mORMot 1.18 TWinHTTP)
20180415 19063123  $  +    	ubMixinClasses.TubStorageMixin(02E342C0).MixinMethod
20180415 19063123  $ debug 		uba_user.select(TubStorageMixin)
20180415 19063123  $  +    		ubApp.TubDataStore(07E2A2F8).Init
20180415 19063123  $  +    			ubApp.TubApp(02DE3EE0).DBExecute
20180415 19063123  $  +    				ubApp.TubApp(02DE3EE0).TubApp.InternalDBExecute
20180415 19063123  $ debug 					P1: Int64		10
20180415 19063123  $ SQL   					ubDBSQLite3ThreadSafe.TubSQLite3Statement(02E98290) SELECT A01.name  FROM uba_user A01  WHERE A01.ID=?
20180415 19063123  $  -    				00.000.042
20180415 19063123  $  -    			00.000.082
20180415 19063123  $ debug 			Query result for entity "uba_user" into data name "": row count=1
20180415 19063123  $  -    		00.000.091
20180415 19063123  $  -    	00.000.153
20180415 19063125  $  +    	ubMixinClasses.TubStorageMixin(02E342C0).MixinMethod
20180415 19063125  $ debug 		uba_advSecurity.select(TubStorageMixin)
20180415 19063125  $  +    		ubApp.TubDataStore(07E2A2F8).Init
20180415 19063125  $  +    			ubApp.TubApp(02DE3EE0).DBExecute
20180415 19063125  $  +    				ubApp.TubApp(02DE3EE0).TubApp.InternalDBExecute
20180415 19063125  $ debug 					P1: Int64		10
20180415 19063125  $ SQL   					ubDBSQLite3ThreadSafe.TubSQLite3Statement(02E982F0) SELECT A01.ID,A01.allowedIP,A01.refreshIP,A01.fp,A01.refreshFp,A01.keyMediaName,A01.refreshKeyMedia,A01.mi_modifyDate  FROM uba_advSecurity A01  WHERE A01.userID=?
20180415 19063125  $  -    				00.000.062
20180415 19063125  $  -    			00.000.133
20180415 19063125  $ debug 			Query result for entity "uba_advSecurity" into data name "": row count=0
20180415 19063125  $  -    		00.000.144
20180415 19063125  $  -    	00.000.350
20180415 19063125  $  +    	ubMixinClasses.TubStorageMixin(02E342C0).MixinMethod
20180415 19063125  $ debug 		uba_userrole.select(TubStorageMixin)
20180415 19063125  $  +    		ubApp.TubDataStore(07E2A2F8).Init
20180415 19063125  $  +    			ubApp.TubApp(02DE3EE0).DBExecute
20180415 19063125  $  +    				ubApp.TubApp(02DE3EE0).TubApp.InternalDBExecute
20180415 19063125  $ debug 					P1: Int64		10
20180415 19063125  $ SQL   					ubDBSQLite3ThreadSafe.TubSQLite3Statement(02E98350) SELECT A01.ID,A02.name,A01.roleID  FROM uba_userrole A01  INNER JOIN uba_role A02 ON A02.ID=A01.roleID  WHERE A01.userID=?
20180415 19063125  $  -    				00.000.062
20180415 19063125  $  -    			00.000.148
20180415 19063125  $ debug 			Query result for entity "uba_userrole" into data name "": row count=1
20180415 19063125  $  -    		00.000.157
20180415 19063125  $  -    	00.000.246
20180415 19063125  $  +    	ubMixinClasses.TubStorageMixin(02E342C0).MixinMethod
20180415 19063125  $ debug 		uba_audit.beforeinsert(TubStorageMixin)
20180415 19063125  $  -    	00.000.009
20180415 19063125  $  +    	ubMixinClasses.TubStorageMixin(02E342C0).MixinMethod
20180415 19063125  $ debug 		uba_audit.insert(TubStorageMixin)
20180415 19063125  $  +    		ubApp.TubDataStore(075A1248).TubDataStore.ExecuteInsertFromList
20180415 19063125  $  +    			ubApp.TubDataStore(075A1248).TubDataStore.ExecuteInsertFromSQL
20180415 19063125  $  +    				ubApp.TubApp(02DE3EE0).DBExecute
20180415 19063125  $  +    					ubApp.TubApp(02DE3EE0).TubApp.InternalDBExecute
20180415 19063125  $ debug 						P1: String(8)	uba_user
20180415 19063125  $ debug 						P2: Int64		10
20180415 19063125  $ debug 						P3: String(5)	LOGIN
20180415 19063125  $ debug 						P4: Int64		10
20180415 19063125  $ debug 						P5: DateTime	2018-04-15T19:06:31
20180415 19063125  $ debug 						P6: String(9)	127.0.0.1
20180415 19063125  $ debug 						P7: String(5)	admin
20180415 19063125  $ debug 						P8: String(0)	
20180415 19063125  $ debug 						P9: Int64		335786344841217
20180415 19063125  $ debug 						P10: String(313..)	Cache-Control: no-cache  Connection: Keep-Alive  Pragma: no-cache  Accept: */*  Accept-Encoding: gzi...
20180415 19063125  $ DB    						StartTransaction for connection "main"
20180415 19063125  $ SQL   						ubDBSQLite3ThreadSafe.TubSQLite3Statement(02E98410) INSERT INTO uba_audit (entity,entityinfo_id,actionType,actionUser,actionTime,remoteIP,targetUser,targetRole,ID,fromValue) VALUES (?,?,?,?,?,?,?,?,?,?)
20180415 19063125  $  -    					00.000.121
20180415 19063125  $  -    				00.000.123
20180415 19063125  $  -    			00.000.228
20180415 19063125  $  -    		00.000.241
20180415 19063125  $  -    	00.000.245
20180415 19063125  $  +    	ubMixinClasses.TubStorageMixin(02E342C0).MixinMethod
20180415 19063125  $ debug 		uba_audit.afterinsert(TubStorageMixin)
20180415 19063125  $  -    	00.000.003
20180415 19063125  $ DB    	Commit connection "main"
20180415 19063125  $ http  	127.0.0.1 <- 200
20180415 19063125  $  -    00.243.596
20180415 19063125  %  +    ubql
20180415 19063125  % http  	127.0.0.1 -> POST ubql
20180415 19063125  % http  	[{"entity":"ubm_desktop","method":"select","fieldList":["ID"],"options":{"limit":1},"whereList":{"lookup":{"expression":"code","condition":"equal","values":{"code":"CityReq_desktop"}}}}]
20180415 19063125  % debug 	Create new JavaScript Engine for thread 42504
20180415 19063138  % auth  	admin/92664173
20180415 19063138  % call  	endpoint ubql
20180415 19063138  %  +    	ubMixinClasses.TubRLSMixin(02E34E20).MixinMethod
20180415 19063138  % debug 		ubm_desktop.select(TubRLSMixin)
20180415 19063138  % debug 		Prepare RLS expression for ubm_desktop
20180415 19063138  %  +    		ubApp.TubDataStore(07E2D020).Init
20180415 19063138  %  +    			ubApp.TubApp(02DE3EE0).DBExecute
20180415 19063138  %  +    				ubApp.TubApp(02DE3EE0).TubApp.InternalDBExecute
20180415 19063138  %  +    					00856EC2 
20180415 19063138  %  -    					00.002.205
20180415 19063138  % SQL   					ubDBSQLite3ThreadSafe.TubSQLite3Statement(02E98E30) PRAGMA foreign_keys = ON
20180415 19063138  % SQL   					ubDBSQLite3ThreadSafe.TubSQLite3Statement(02E987D0) select ID, name FROM uba_role
20180415 19063138  %  -    				00.002.243
20180415 19063138  %  -    			00.002.273
20180415 19063138  % debug 			Query result for entity "uba_role" into data name "": row count=7
20180415 19063138  %  -    		00.002.283
20180415 19063138  %  -    	00.003.292
20180415 19063138  %  +    	ubMixinClasses.TubStorageMixin(02E342C0).MixinMethod
20180415 19063138  % debug 		ubm_desktop.select(TubStorageMixin)
20180415 19063138  %  +    		ubApp.TubDataStore(07E2CF08).Init
20180415 19063138  %  +    			ubApp.TubApp(02DE3EE0).DBExecute
20180415 19063138  %  +    				ubApp.TubApp(02DE3EE0).TubApp.InternalDBExecute
20180415 19063138  % debug 					P1: String(15)	CityReq_desktop
20180415 19063138  % debug 					P2: Int64		10
20180415 19063138  % debug 					P3: Int64		10
20180415 19063138  % debug 					P4: DateTime	9999-12-31T00:00:00
20180415 19063138  % SQL   					ubDBSQLite3ThreadSafe.TubSQLite3Statement(02E98EF0) SELECT A01.ID  FROM ubm_desktop A01  WHERE code=? AND (( A01.mi_owner = ? ) OR (1=1) OR exists (select 1 from ubm_desktop_adm admsubtable where admsubtable.instanceID = A01.ID and admsubtable.admSubjID in (select ur.RoleID from uba_userrole ur where ur.UserID = ? union select 10))) AND A01.mi_deleteDate=? LIMIT 1 OFFSET 0 
20180415 19063138  %  -    				00.000.100
20180415 19063138  %  -    			00.000.177
20180415 19063138  % debug 			Query result for entity "ubm_desktop" into data name "": row count=1
20180415 19063138  %  -    		00.000.189
20180415 19063138  %  -    	00.000.299
20180415 19063138  % http  	127.0.0.1 <- 200
20180415 19063138  %  -    00.203.547
20180415 19063138  &  +    ubql
20180415 19063138  & http  	127.0.0.1 -> POST ubql
20180415 19063138  & http  	[{"entity":"ubm_navshortcut","method":"select","fieldList":["ID"],"options":{"limit":1},"whereList":{"lookup":{"expression":"code","condition":"equal","values":{"code":"req_departments_folder"}}}}]
20180415 19063138  & debug 	Create new JavaScript Engine for thread 39480
20180415 19063151  & auth  	admin/92664173
20180415 19063151  & call  	endpoint ubql
20180415 19063151  &  +    	ubMixinClasses.TubRLSMixin(02E34E20).MixinMethod
20180415 19063151  & debug 		ubm_navshortcut.select(TubRLSMixin)
20180415 19063151  & debug 		Prepare RLS expression for ubm_navshortcut
20180415 19063151  &  +    		ubApp.TubDataStore(07E15A10).Init
20180415 19063151  &  +    			ubApp.TubApp(02DE3EE0).DBExecute
20180415 19063151  &  +    				ubApp.TubApp(02DE3EE0).TubApp.InternalDBExecute
20180415 19063151  &  +    					00856EC2 
20180415 19063151  &  -    					00.002.181
20180415 19063151  & SQL   					ubDBSQLite3ThreadSafe.TubSQLite3Statement(02E997F0) PRAGMA foreign_keys = ON
20180415 19063151  & SQL   					ubDBSQLite3ThreadSafe.TubSQLite3Statement(02E99190) select ID, name FROM uba_role
20180415 19063151  &  -    				00.002.212
20180415 19063151  &  -    			00.002.247
20180415 19063151  & debug 			Query result for entity "uba_role" into data name "": row count=7
20180415 19063151  &  -    		00.002.257
20180415 19063151  &  -    	00.003.112
20180415 19063151  &  +    	ubMixinClasses.TubStorageMixin(02E342C0).MixinMethod
20180415 19063151  & debug 		ubm_navshortcut.select(TubStorageMixin)
20180415 19063151  &  +    		ubApp.TubDataStore(07E15948).Init
20180415 19063151  &  +    			ubApp.TubApp(02DE3EE0).DBExecute
20180415 19063151  &  +    				ubApp.TubApp(02DE3EE0).TubApp.InternalDBExecute
20180415 19063151  & debug 					P1: String(22)	req_departments_folder
20180415 19063151  & debug 					P2: Int64		10
20180415 19063151  & debug 					P3: Int64		10
20180415 19063151  & debug 					P4: DateTime	9999-12-31T00:00:00
20180415 19063151  & SQL   					ubDBSQLite3ThreadSafe.TubSQLite3Statement(02E998B0) SELECT A01.ID  FROM ubm_navshortcut A01  WHERE code=? AND (( A01.mi_owner = ? ) OR                (1=1) OR                              exists (select 1 from ubm_navshortcut_adm admsubtable where admsubtable.instanceID = A01.ID and admsubtable.admSubjID in (select ur.RoleID from uba_userrole ur where ur.UserID = ? union select 10))) AND A01.mi_deleteDate=? LIMIT 1 OFFSET 0 
20180415 19063151  &  -    				00.000.098
20180415 19063151  &  -    			00.000.217
20180415 19063151  & debug 			Query result for entity "ubm_navshortcut" into data name "": row count=1
20180415 19063151  &  -    		00.000.237
20180415 19063151  &  -    	00.000.364
20180415 19063151  & http  	127.0.0.1 <- 200
20180415 19063151  &  -    00.205.818
20180415 19063151  '  +    ubql
20180415 19063151  ' http  	127.0.0.1 -> POST ubql
20180415 19063151  ' http  	[{"entity":"ubm_navshortcut","method":"select","fieldList":["ID"],"options":{"limit":1},"whereList":{"lookup":{"expression":"code","condition":"equal","values":{"code":"req_depart"}}}}]
20180415 19063151  ' debug 	Create new JavaScript Engine for thread 7264
20180415 19063202  ' auth  	admin/92664173
20180415 19063202  ' call  	endpoint ubql
20180415 19063202  '  +    	ubMixinClasses.TubRLSMixin(02E34E20).MixinMethod
20180415 19063202  ' debug 		ubm_navshortcut.select(TubRLSMixin)
20180415 19063202  ' debug 		Prepare RLS expression for ubm_navshortcut
20180415 19063202  '  +    		ubApp.TubDataStore(07E19D18).Init
20180415 19063202  '  +    			ubApp.TubApp(02DE3EE0).DBExecute
20180415 19063202  '  +    				ubApp.TubApp(02DE3EE0).TubApp.InternalDBExecute
20180415 19063202  '  +    					00856EC2 
20180415 19063202  '  -    					00.002.219
20180415 19063202  ' SQL   					ubDBSQLite3ThreadSafe.TubSQLite3Statement(02E9A210) PRAGMA foreign_keys = ON
20180415 19063202  ' SQL   					ubDBSQLite3ThreadSafe.TubSQLite3Statement(02E99BB0) select ID, name FROM uba_role
20180415 19063202  '  -    				00.002.254
20180415 19063202  '  -    			00.002.285
20180415 19063202  ' debug 			Query result for entity "uba_role" into data name "": row count=7
20180415 19063202  '  -    		00.002.295
20180415 19063202  '  -    	00.003.120
20180415 19063202  '  +    	ubMixinClasses.TubStorageMixin(02E342C0).MixinMethod
20180415 19063202  ' debug 		ubm_navshortcut.select(TubStorageMixin)
20180415 19063202  '  +    		ubApp.TubDataStore(07E19C50).Init
20180415 19063202  '  +    			ubApp.TubApp(02DE3EE0).DBExecute
20180415 19063202  '  +    				ubApp.TubApp(02DE3EE0).TubApp.InternalDBExecute
20180415 19063202  ' debug 					P1: String(10)	req_depart
20180415 19063202  ' debug 					P2: Int64		10
20180415 19063202  ' debug 					P3: Int64		10
20180415 19063202  ' debug 					P4: DateTime	9999-12-31T00:00:00
20180415 19063202  ' SQL   					ubDBSQLite3ThreadSafe.TubSQLite3Statement(02E9A2D0) SELECT A01.ID  FROM ubm_navshortcut A01  WHERE code=? AND (( A01.mi_owner = ? ) OR                (1=1) OR                              exists (select 1 from ubm_navshortcut_adm admsubtable where admsubtable.instanceID = A01.ID and admsubtable.admSubjID in (select ur.RoleID from uba_userrole ur where ur.UserID = ? union select 10))) AND A01.mi_deleteDate=? LIMIT 1 OFFSET 0 
20180415 19063202  '  -    				00.000.092
20180415 19063202  '  -    			00.000.165
20180415 19063202  ' debug 			Query result for entity "ubm_navshortcut" into data name "": row count=1
20180415 19063202  '  -    		00.000.179
20180415 19063202  '  -    	00.000.349
20180415 19063202  ' http  	127.0.0.1 <- 200
20180415 19063202  '  -    00.209.293
20180415 19063202  (  +    ubql
20180415 19063202  ( http  	127.0.0.1 -> POST ubql
20180415 19063202  ( http  	[{"entity":"ubm_navshortcut","method":"select","fieldList":["ID"],"options":{"limit":1},"whereList":{"lookup":{"expression":"code","condition":"equal","values":{"code":"req_subDepart"}}}}]
20180415 19063202  ( debug 	Create new JavaScript Engine for thread 42988
20180415 19063215  ( auth  	admin/92664173
20180415 19063215  ( call  	endpoint ubql
20180415 19063215  (  +    	ubMixinClasses.TubRLSMixin(02E34E20).MixinMethod
20180415 19063215  ( debug 		ubm_navshortcut.select(TubRLSMixin)
20180415 19063215  ( debug 		Prepare RLS expression for ubm_navshortcut
20180415 19063215  (  +    		ubApp.TubDataStore(15837FF0).Init
20180415 19063215  (  +    			ubApp.TubApp(02DE3EE0).DBExecute
20180415 19063215  (  +    				ubApp.TubApp(02DE3EE0).TubApp.InternalDBExecute
20180415 19063215  (  +    					00856EC2 
20180415 19063215  (  -    					00.002.282
20180415 19063215  ( SQL   					ubDBSQLite3ThreadSafe.TubSQLite3Statement(02E9ABD0) PRAGMA foreign_keys = ON
20180415 19063215  ( SQL   					ubDBSQLite3ThreadSafe.TubSQLite3Statement(02E9A570) select ID, name FROM uba_role
20180415 19063215  (  -    				00.002.313
20180415 19063215  (  -    			00.002.347
20180415 19063215  ( debug 			Query result for entity "uba_role" into data name "": row count=7
20180415 19063215  (  -    		00.002.359
20180415 19063215  (  -    	00.003.154
20180415 19063215  (  +    	ubMixinClasses.TubStorageMixin(02E342C0).MixinMethod
20180415 19063215  ( debug 		ubm_navshortcut.select(TubStorageMixin)
20180415 19063215  (  +    		ubApp.TubDataStore(15837F28).Init
20180415 19063215  (  +    			ubApp.TubApp(02DE3EE0).DBExecute
20180415 19063215  (  +    				ubApp.TubApp(02DE3EE0).TubApp.InternalDBExecute
20180415 19063215  ( debug 					P1: String(13)	req_subDepart
20180415 19063215  ( debug 					P2: Int64		10
20180415 19063215  ( debug 					P3: Int64		10
20180415 19063215  ( debug 					P4: DateTime	9999-12-31T00:00:00
20180415 19063215  ( SQL   					ubDBSQLite3ThreadSafe.TubSQLite3Statement(02E9AC90) SELECT A01.ID  FROM ubm_navshortcut A01  WHERE code=? AND (( A01.mi_owner = ? ) OR                (1=1) OR                              exists (select 1 from ubm_navshortcut_adm admsubtable where admsubtable.instanceID = A01.ID and admsubtable.admSubjID in (select ur.RoleID from uba_userrole ur where ur.UserID = ? union select 10))) AND A01.mi_deleteDate=? LIMIT 1 OFFSET 0 
20180415 19063215  (  -    				00.000.087
20180415 19063215  (  -    			00.000.204
20180415 19063215  ( debug 			Query result for entity "ubm_navshortcut" into data name "": row count=1
20180415 19063215  (  -    		00.000.217
20180415 19063215  (  -    	00.000.336
20180415 19063215  ( http  	127.0.0.1 <- 200
20180415 19063215  (  -    00.207.690
20180415 19063215  )  +    ubql
20180415 19063215  ) http  	127.0.0.1 -> POST ubql
20180415 19063215  ) http  	[{"entity":"ubm_navshortcut","method":"select","fieldList":["ID"],"options":{"limit":1},"whereList":{"lookup":{"expression":"code","condition":"equal","values":{"code":"req_reqList"}}}}]
20180415 19063215  ) debug 	Create new JavaScript Engine for thread 42928
20180415 19063228  ) auth  	admin/92664173
20180415 19063228  ) call  	endpoint ubql
20180415 19063228  )  +    	ubMixinClasses.TubRLSMixin(02E34E20).MixinMethod
20180415 19063228  ) debug 		ubm_navshortcut.select(TubRLSMixin)
20180415 19063228  ) debug 		Prepare RLS expression for ubm_navshortcut
20180415 19063228  )  +    		ubApp.TubDataStore(1583C2F8).Init
20180415 19063228  )  +    			ubApp.TubApp(02DE3EE0).DBExecute
20180415 19063228  )  +    				ubApp.TubApp(02DE3EE0).TubApp.InternalDBExecute
20180415 19063228  )  +    					00856EC2 
20180415 19063228  )  -    					00.002.204
20180415 19063228  ) SQL   					ubDBSQLite3ThreadSafe.TubSQLite3Statement(02E9B590) PRAGMA foreign_keys = ON
20180415 19063228  ) SQL   					ubDBSQLite3ThreadSafe.TubSQLite3Statement(02E9AF30) select ID, name FROM uba_role
20180415 19063228  )  -    				00.002.259
20180415 19063228  )  -    			00.002.294
20180415 19063228  ) debug 			Query result for entity "uba_role" into data name "": row count=7
20180415 19063228  )  -    		00.002.304
20180415 19063228  )  -    	00.003.152
20180415 19063228  )  +    	ubMixinClasses.TubStorageMixin(02E342C0).MixinMethod
20180415 19063228  ) debug 		ubm_navshortcut.select(TubStorageMixin)
20180415 19063228  )  +    		ubApp.TubDataStore(1583C230).Init
20180415 19063228  )  +    			ubApp.TubApp(02DE3EE0).DBExecute
20180415 19063228  )  +    				ubApp.TubApp(02DE3EE0).TubApp.InternalDBExecute
20180415 19063228  ) debug 					P1: String(11)	req_reqList
20180415 19063228  ) debug 					P2: Int64		10
20180415 19063228  ) debug 					P3: Int64		10
20180415 19063228  ) debug 					P4: DateTime	9999-12-31T00:00:00
20180415 19063228  ) SQL   					ubDBSQLite3ThreadSafe.TubSQLite3Statement(02E9B650) SELECT A01.ID  FROM ubm_navshortcut A01  WHERE code=? AND (( A01.mi_owner = ? ) OR                (1=1) OR                              exists (select 1 from ubm_navshortcut_adm admsubtable where admsubtable.instanceID = A01.ID and admsubtable.admSubjID in (select ur.RoleID from uba_userrole ur where ur.UserID = ? union select 10))) AND A01.mi_deleteDate=? LIMIT 1 OFFSET 0 
20180415 19063228  )  -    				00.000.096
20180415 19063228  )  -    			00.000.174
20180415 19063228  ) debug 			Query result for entity "ubm_navshortcut" into data name "": row count=1
20180415 19063228  )  -    		00.000.185
20180415 19063228  )  -    	00.000.287
20180415 19063228  ) http  	127.0.0.1 <- 200
20180415 19063228  )  -    00.212.228
20180415 19063233  "  +    ubql
20180415 19063233  " http  	127.0.0.1 -> POST ubql
20180415 19063233  " http  	[{"entity":"ubm_enum","method":"select","fieldList":["code"],"options":{"limit":1},"whereList":{"c1":{"expression":"[code]","condition":"equal","values":{"c1":"NEW"}}}}]
20180415 19063233  " auth  	admin/92664173
20180415 19063233  " call  	endpoint ubql
20180415 19063233  "  +    	ubMixinClasses.TubStorageMixin(02E342C0).MixinMethod
20180415 19063233  " debug 		ubm_enum.select(TubStorageMixin)
20180415 19063233  "  +    		ubApp.TubDataStore(1583C0C8).Init
20180415 19063233  "  +    			ubApp.TubApp(02DE3EE0).DBExecute
20180415 19063233  "  +    				ubApp.TubApp(02DE3EE0).TubApp.InternalDBExecute
20180415 19063233  " debug 					P1: String(3)	NEW
20180415 19063233  " debug 					P2: DateTime	9999-12-31T00:00:00
20180415 19063233  " SQL   					ubDBSQLite3ThreadSafe.TubSQLite3Statement(02E9B710) SELECT A01.code  FROM ubm_enum A01  WHERE A01.code=? AND A01.mi_deleteDate=? LIMIT 1 OFFSET 0 
20180415 19063233  "  -    				00.000.056
20180415 19063233  "  -    			00.000.153
20180415 19063233  " debug 			Query result for entity "ubm_enum" into data name "": row count=1
20180415 19063233  "  -    		00.000.162
20180415 19063233  "  -    	00.000.242
20180415 19063233  " http  	127.0.0.1 <- 200
20180415 19063233  "  -    00.000.598
20180415 19063233  #  +    ubql
20180415 19063233  # http  	127.0.0.1 -> POST ubql
20180415 19063233  # http  	[{"entity":"ubm_enum","method":"select","fieldList":["code"],"options":{"limit":1},"whereList":{"c1":{"expression":"[code]","condition":"equal","values":{"c1":"PROCESSED"}}}}]
20180415 19063233  # auth  	admin/92664173
20180415 19063233  # call  	endpoint ubql
20180415 19063233  #  +    	ubMixinClasses.TubStorageMixin(02E342C0).MixinMethod
20180415 19063233  # debug 		ubm_enum.select(TubStorageMixin)
20180415 19063233  #  +    		ubApp.TubDataStore(1583C0F0).Init
20180415 19063233  #  +    			ubApp.TubApp(02DE3EE0).DBExecute
20180415 19063233  #  +    				ubApp.TubApp(02DE3EE0).TubApp.InternalDBExecute
20180415 19063233  #  +    					00856EC2 
20180415 19063233  #  -    					00.002.450
20180415 19063233  # SQL   					ubDBSQLite3ThreadSafe.TubSQLite3Statement(02E9BDD0) PRAGMA foreign_keys = ON
20180415 19063233  # debug 					P1: String(9)	PROCESSED
20180415 19063233  # debug 					P2: DateTime	9999-12-31T00:00:00
20180415 19063233  # SQL   					ubDBSQLite3ThreadSafe.TubSQLite3Statement(02E9B7D0) SELECT A01.code  FROM ubm_enum A01  WHERE A01.code=? AND A01.mi_deleteDate=? LIMIT 1 OFFSET 0 
20180415 19063233  #  -    				00.002.571
20180415 19063233  #  -    			00.002.622
20180415 19063233  # debug 			Query result for entity "ubm_enum" into data name "": row count=1
20180415 19063233  #  -    		00.002.635
20180415 19063233  #  -    	00.002.748
20180415 19063233  # http  	127.0.0.1 <- 200
20180415 19063233  #  -    00.003.164
20180415 19063233  $  +    ubql
20180415 19063233  $ http  	127.0.0.1 -> POST ubql
20180415 19063233  $ http  	[{"entity":"ubm_enum","method":"select","fieldList":["code"],"options":{"limit":1},"whereList":{"c1":{"expression":"[code]","condition":"equal","values":{"c1":"REJECTED"}}}}]
20180415 19063233  $ auth  	admin/92664173
20180415 19063233  $ call  	endpoint ubql
20180415 19063233  $  +    	ubMixinClasses.TubStorageMixin(02E342C0).MixinMethod
20180415 19063233  $ debug 		ubm_enum.select(TubStorageMixin)
20180415 19063233  $  +    		ubApp.TubDataStore(1583C2D0).Init
20180415 19063233  $  +    			ubApp.TubApp(02DE3EE0).DBExecute
20180415 19063233  $  +    				ubApp.TubApp(02DE3EE0).TubApp.InternalDBExecute
20180415 19063233  $ debug 					P1: String(8)	REJECTED
20180415 19063233  $ debug 					P2: DateTime	9999-12-31T00:00:00
20180415 19063233  $ SQL   					ubDBSQLite3ThreadSafe.TubSQLite3Statement(02E9BE30) SELECT A01.code  FROM ubm_enum A01  WHERE A01.code=? AND A01.mi_deleteDate=? LIMIT 1 OFFSET 0 
20180415 19063233  $  -    				00.000.065
20180415 19063233  $  -    			00.000.145
20180415 19063233  $ debug 			Query result for entity "ubm_enum" into data name "": row count=1
20180415 19063233  $  -    		00.000.154
20180415 19063233  $  -    	00.000.230
20180415 19063233  $ http  	127.0.0.1 <- 200
20180415 19063233  $  -    00.000.506
20180415 19063233  %  +    ubql
20180415 19063233  % http  	127.0.0.1 -> POST ubql
20180415 19063233  % http  	[{"entity":"ubm_enum","method":"select","fieldList":["code"],"options":{"limit":1},"whereList":{"c1":{"expression":"[code]","condition":"equal","values":{"c1":"CLOSED"}}}}]
20180415 19063233  % auth  	admin/92664173
20180415 19063233  % call  	endpoint ubql
20180415 19063233  %  +    	ubMixinClasses.TubStorageMixin(02E342C0).MixinMethod
20180415 19063233  % debug 		ubm_enum.select(TubStorageMixin)
20180415 19063233  %  +    		ubApp.TubDataStore(1583C230).Init
20180415 19063233  %  +    			ubApp.TubApp(02DE3EE0).DBExecute
20180415 19063233  %  +    				ubApp.TubApp(02DE3EE0).TubApp.InternalDBExecute
20180415 19063233  % debug 					P1: String(6)	CLOSED
20180415 19063233  % debug 					P2: DateTime	9999-12-31T00:00:00
20180415 19063233  % SQL   					ubDBSQLite3ThreadSafe.TubSQLite3Statement(02E9BDD0) SELECT A01.code  FROM ubm_enum A01  WHERE A01.code=? AND A01.mi_deleteDate=? LIMIT 1 OFFSET 0 
20180415 19063233  %  -    				00.000.054
20180415 19063233  %  -    			00.000.130
20180415 19063233  % debug 			Query result for entity "ubm_enum" into data name "": row count=1
20180415 19063233  %  -    		00.000.139
20180415 19063233  %  -    	00.000.230
20180415 19063233  % http  	127.0.0.1 <- 200
20180415 19063233  %  -    00.000.526
20180415 19063234  &  +    ubql
20180415 19063234  & http  	127.0.0.1 -> POST ubql
20180415 19063234  & http  	[{"entity":"req_depart","method":"select","fieldList":["ID"],"options":{"limit":1},"whereList":{"c1":{"expression":"[name]","condition":"equal","values":{"c1":"Departments of health"}}}}]
20180415 19063234  & auth  	admin/92664173
20180415 19063234  & call  	endpoint ubql
20180415 19063234  &  +    	ubMixinClasses.TubStorageMixin(02E342C0).MixinMethod
20180415 19063234  & debug 		req_depart.select(TubStorageMixin)
20180415 19063234  &  +    		ubApp.TubDataStore(1583C2A8).Init
20180415 19063234  &  +    			ubApp.TubApp(02DE3EE0).DBExecute
20180415 19063234  &  +    				ubApp.TubApp(02DE3EE0).TubApp.InternalDBExecute
20180415 19063234  & debug 					P1: String(21)	Departments of health
20180415 19063234  & SQL   					ubDBSQLite3ThreadSafe.TubSQLite3Statement(02E9B5F0) SELECT A01.ID  FROM req_depart A01  WHERE A01.name=? LIMIT 1 OFFSET 0 
20180415 19063234  &  -    				00.000.057
20180415 19063234  &  -    			00.000.182
20180415 19063234  & debug 			Query result for entity "req_depart" into data name "": row count=1
20180415 19063234  &  -    		00.000.200
20180415 19063234  &  -    	00.000.267
20180415 19063234  & http  	127.0.0.1 <- 200
20180415 19063234  &  -    00.000.564
20180415 19063234  '  +    ubql
20180415 19063234  ' http  	127.0.0.1 -> POST ubql
20180415 19063234  ' http  	[{"entity":"req_depart","method":"select","fieldList":["ID"],"options":{"limit":1},"whereList":{"c1":{"expression":"[name]","condition":"equal","values":{"c1":"Departments of education"}}}}]
20180415 19063234  ' auth  	admin/92664173
20180415 19063234  ' call  	endpoint ubql
20180415 19063234  '  +    	ubMixinClasses.TubStorageMixin(02E342C0).MixinMethod
20180415 19063234  ' debug 		req_depart.select(TubStorageMixin)
20180415 19063234  '  +    		ubApp.TubDataStore(1583C230).Init
20180415 19063234  '  +    			ubApp.TubApp(02DE3EE0).DBExecute
20180415 19063234  '  +    				ubApp.TubApp(02DE3EE0).TubApp.InternalDBExecute
20180415 19063234  ' debug 					P1: String(24)	Departments of education
20180415 19063234  ' SQL   					ubDBSQLite3ThreadSafe.TubSQLite3Statement(02E9BE90) SELECT A01.ID  FROM req_depart A01  WHERE A01.name=? LIMIT 1 OFFSET 0 
20180415 19063234  '  -    				00.000.042
20180415 19063234  '  -    			00.000.125
20180415 19063234  ' debug 			Query result for entity "req_depart" into data name "": row count=1
20180415 19063234  '  -    		00.000.142
20180415 19063234  '  -    	00.000.215
20180415 19063234  ' http  	127.0.0.1 <- 200
20180415 19063234  '  -    00.000.532
20180415 19063241  ! info  ubApp.TubApp(02DE3EE0) {   "ClientsCurrent": 1,   "ClientsMax": 1,   "Invalid": 0,   "Responses": 14,   "Modified": 0,   "IncomingBytes": 6883,   "OutcomingBytes": 3205,   "OutcomingFiles": 0,   "ServiceCalls": 14,   "ProcessTime": "1.49s"  }
