c:\UnityBase\UB.exe 4.0.0.0 (2018-02-22 16:30:16)Host=WDFN34211327A User=D071860 CPU=4*9-6-19971:FFFBCBBF8373DAFEBF6F9C0000 OS=23.0=10.0.15063 Wow64=1 Freq=2437498Environment variables=ALLUSERSPROFILE=C:\ProgramData	ANSICON=121x32766 (121x26)	ANSICON_DEF=7	APPDATA=C:\Users\D071860\AppData\Roaming	CommonProgramFiles=C:\Program Files (x86)\Common Files	CommonProgramFiles(x86)=C:\Program Files (x86)\Common Files	CommonProgramW6432=C:\Program Files\Common Files	COMPUTERNAME=WDFN34211327A	ComSpec=C:\WINDOWS\system32\cmd.exe	ConEmuANSI=ON	ConEmuAnsiLog=	ConEmuArgs=	ConEmuArgs2=	ConEmuBackHWND=0x001105EE	ConEmuBaseDir=C:\Program Files\ConEmu\ConEmu	ConEmuBaseDirShort=C:\PROGRA~1\ConEmu\ConEmu	ConEmuBuild=180411	ConEmuCfgDir=	ConEmuConfig=	ConEmuDir=C:\Program Files\ConEmu	ConEmuDrawHWND=0x001B0306	ConEmuDrive=C:	ConEmuHooks=Enabled	ConEmuHWND=0x001904C6	ConEmuPalette=<ConEmu>	ConEmuPID=1208	ConEmuPrompt0=$E[m$E[32m$E]9;8;"USERNAME"$E\@$E]9;8;"COMPUTERNAME"$E\$S	ConEmuPrompt1=$E[m$E[32m$E]9;8;"USERNAME"$E\@$E]9;8;"COMPUTERNAME"$E\$S$E[92m$P$E[90m	ConEmuPrompt2=$_$E[90m$G	ConEmuPrompt3=$E[m$S$E]9;12$E\	ConEmuServerPID=5468	ConEmuTask={Shells::cmd}	ConEmuWorkDir=C:\Users\D071860	ConEmuWorkDrive=C:	DEFLOGDIR=C:\ProgramData\McAfee\Endpoint Security\Logs	HOMEDRIVE=C:	homeloc=D_WDF	HOMEPATH=\Users\D071860	KUBECONFIG=C:\Practice\kubernetes\RUSLAN-KUBECONFIG	LOCALAPPDATA=C:\Users\D071860\AppData\Local	LOGONSERVER=\\DS2WDF0004	NUMBER_OF_PROCESSORS=4	OneDrive=C:\Users\D071860\OneDrive	OS=Windows_NT	Path=C:\Program Files\ConEmu\ConEmu\Scripts;C:\Program Files\ConEmu;C:\Program Files\ConEmu\ConEmu;C:\ProgramData\Oracle\Java\javapath;C:\Program Files\Docker\Docker\Resources\bin;C:\WINDOWS\system32;C:\WINDOWS;C:\WINDOWS\System32\Wbem;C:\WINDOWS\System32\WindowsPowerShell\v1.0\;C:\Program Files\Minikube;C:\Program Files\Kubernetes;C:\Program Files (x86)\Google\Cloud SDK\google-cloud-sdk\bin;C:\Program Files\PuTTY\;C:\Program Files\nodejs\;c:\UnityBase;C:\Users\D071860\AppData\Local\Microsoft\WindowsApps;C:\Users\D071860\AppData\Roaming\npm	PATHEXT=.COM;.EXE;.BAT;.CMD;.VBS;.VBE;.JSE;.WSF;.WSH;.MSC	PROCESSOR_ARCHITECTURE=x86	PROCESSOR_ARCHITEW6432=AMD64	PROCESSOR_IDENTIFIER=Intel64 Family 6 Model 78 Stepping 3, GenuineIntel	PROCESSOR_LEVEL=6	PROCESSOR_REVISION=4e03	ProgramData=C:\ProgramData	ProgramFiles=C:\Program Files (x86)	ProgramFiles(x86)=C:\Program Files (x86)	ProgramW6432=C:\Program Files	PROMPT=$E[m$E[32m$E]9;8;"USERNAME"$E\@$E]9;8;"COMPUTERNAME"$E\$S$E[92m$P$E[90m$_$E[90m$G$E[m$S$E]9;12$E\	PSModulePath=C:\Program Files (x86)\WindowsPowerShell\Modules;C:\WINDOWS\system32\WindowsPowerShell\v1.0\Modules;C:\Program Files (x86)\Google\Cloud SDK\google-cloud-sdk\platform\PowerShell	PUBLIC=C:\Users\Public	SESSIONNAME=Console	SNC_LIB=C:\Program Files (x86)\SAP\FrontEnd\SecureLogin\lib\sapcrypto.dll	SNC_LIB_64=C:\Program Files\SAP\FrontEnd\SecureLogin\lib\sapcrypto.dll	SSF_LIBRARY_PATH=C:\Program Files (x86)\SAP\FrontEnd\SecureLogin\lib\sapcrypto.dll	SSF_LIBRARY_PATH_64=C:\Program Files\SAP\FrontEnd\SecureLogin\lib\sapcrypto.dll	SystemDrive=C:	SystemRoot=C:\WINDOWS	TEMP=C:\Users\D071860\AppData\Local\Temp	TMP=C:\Users\D071860\AppData\Local\Temp	UATDATA=C:\WINDOWS\CCM\UATData\D9F8C395-CAB8-491d-B8AC-179A1FE1BE77	UB_HOME=c:\UnityBase	USERDNSDOMAIN=GLOBAL.CORP.SAP	USERDOMAIN=GLOBAL	USERDOMAIN_ROAMINGPROFILE=GLOBAL	USERNAME=D071860	USERPROFILE=C:\Users\D071860	windir=C:\WINDOWSTubLog 1.18.3488 FTS3 2018-04-15T18:13:1220180415 18131239  ! warn  WebSocket support are disabled because WSServer.host = '' in config
20180415 18131239  !  +    ubServer.TubServer(043274E8).008863DB 
20180415 18131239  !  +    	Init app
20180415 18131239  ! srvr  		FTS is disabled
20180415 18131239  ! info  		Check blob store "avatars" folder "C:\ubProject\CityPortal\avatars\": folder exists
20180415 18131239  ! info  		Check blob store "attach" folder "C:\ubProject\CityPortal\docs\attach\": folder exists
20180415 18131239  !  -    	00.000.564
20180415 18131239  !  +    	Folder C:\ubProject\CityPortal\node_modules\@unitybase\ub\ modified
20180415 18131239  !  +    		ubCommonClasses.TubThreadSafeCache(02DACB08).removeStartsWith
20180415 18131239  !  -    		00.000.004
20180415 18131239  !  -    	00.000.011
20180415 18131239  !  +    	Folder C:\ubProject\CityPortal\node_modules\@unitybase\uba\ modified
20180415 18131239  !  +    		ubCommonClasses.TubThreadSafeCache(02DACB08).removeStartsWith
20180415 18131239  !  -    		00.000.001
20180415 18131239  !  -    	00.000.004
20180415 18131239  !  +    	Folder C:\ubProject\CityPortal\node_modules\@unitybase\ubs\ modified
20180415 18131239  !  +    		ubCommonClasses.TubThreadSafeCache(02DACB08).removeStartsWith
20180415 18131239  !  -    		00.000.000
20180415 18131239  !  -    	00.000.003
20180415 18131239  !  +    	Folder C:\ubProject\CityPortal\node_modules\@unitybase\ubm\ modified
20180415 18131239  !  +    		ubCommonClasses.TubThreadSafeCache(02DACB08).removeStartsWith
20180415 18131239  !  -    		00.000.000
20180415 18131239  !  -    	00.000.003
20180415 18131239  !  +    	Folder C:\ubProject\CityPortal\_public_only_\ modified
20180415 18131239  !  +    		ubCommonClasses.TubThreadSafeCache(02DACB08).removeStartsWith
20180415 18131239  !  -    		00.000.000
20180415 18131239  !  -    	00.000.003
20180415 18131239  !  +    	Folder C:\ubProject\CityPortal\node_modules\@unitybase\adminui-reg\ modified
20180415 18131239  !  +    		ubCommonClasses.TubThreadSafeCache(02DACB08).removeStartsWith
20180415 18131239  !  -    		00.000.000
20180415 18131239  !  -    	00.000.003
20180415 18131239  !  +    	Folder C:\ubProject\CityPortal\models\requests\ modified
20180415 18131239  !  +    		ubCommonClasses.TubThreadSafeCache(02DACB08).removeStartsWith
20180415 18131239  !  -    		00.000.000
20180415 18131239  !  -    	00.000.003
20180415 18131239  !  +    	ubApp.TubApp(02D13EE0).init
20180415 18131239  ! srvr  		Mime converters are disabled
20180415 18131239  !  -    	00.000.003
20180415 18131239  ! srvr  	Enable zip compresison
20180415 18131239  ! srvr  	Send initialization request to http://localhost:888/init
20180415 18131239  "  +    InitializationRequest
20180415 18131239  "  +    	init
20180415 18131239  " srvr  		Start application intialization...
20180415 18131239  " info  		Loading domain...
20180415 18131239  " info  		Loading model "UB" from "C:\ubProject\CityPortal\node_modules\@unitybase\ub\"
20180415 18131239  " info  		Loading model "UBA" from "C:\ubProject\CityPortal\node_modules\@unitybase\uba\"
20180415 18131241  " info  		Loading model "UBS" from "C:\ubProject\CityPortal\node_modules\@unitybase\ubs\"
20180415 18131241  " info  		Loading model "UBM" from "C:\ubProject\CityPortal\node_modules\@unitybase\ubm\"
20180415 18131242  " info  		Loading model "adminui-reg" from "C:\ubProject\CityPortal\node_modules\@unitybase\adminui-reg\"
20180415 18131242  " info  		Loading model "RequestList" from "C:\ubProject\CityPortal\models\requests\"
20180415 18131242  "  +    		ubApp.TubDataStore(042BFEA8).Init
20180415 18131242  "  +    			ubApp.TubApp(02D13EE0).DBExecute
20180415 18131242  "  +    				ubApp.TubApp(02D13EE0).TubApp.InternalDBExecute
20180415 18131242  "  +    					00856EC2 
20180415 18131242  "  -    					00.008.434
20180415 18131242  " SQL   					ubDBSQLite3ThreadSafe.TubSQLite3Statement(02DC6EB0) PRAGMA foreign_keys = ON
20180415 18131242  " SQL   					ubDBSQLite3ThreadSafe.TubSQLite3Statement(02DC68B0) SELECT A01.ID,A01.entity,A01.state,A01.attribute,A01.roleName,A01.actions  FROM uba_als A01  ORDER BY A01.entity ASC
20180415 18131242  "  -    				00.008.564
20180415 18131242  "  -    			00.008.594
20180415 18131242  " debug 			Query result for entity "uba_als" into data name "": row count=0
20180415 18131242  "  -    		00.008.618
20180415 18131243  " srvr  		The domain loaded successfully with 3 entities
20180415 18131243  " debug 		Create new JavaScript Engine for thread 21436
20180415 18131256  "  +    		008C234A 
20180415 18131256  "  +    			ubApp.TubDataStore(0755BF00).Init
20180415 18131256  "  +    				ubApp.TubApp(02D13EE0).DBExecute
20180415 18131256  "  +    					ubApp.TubApp(02D13EE0).TubApp.InternalDBExecute
20180415 18131256  " SQL   						ubDBSQLite3ThreadSafe.TubSQLite3Statement(02DC7210) SELECT A01.ID,A01.name,A01.sessionTimeout,A01.allowedAppMethods  FROM uba_role A01 
20180415 18131256  "  -    					00.000.043
20180415 18131256  "  -    				00.000.122
20180415 18131256  " debug 				Query result for entity "uba_role" into data name "": row count=7
20180415 18131256  "  -    			00.000.134
20180415 18131256  "  +    			ubApp.TubDataStore(0755BF78).Init
20180415 18131256  "  +    				ubApp.TubApp(02D13EE0).DBExecute
20180415 18131256  "  +    					ubApp.TubApp(02D13EE0).TubApp.InternalDBExecute
20180415 18131256  " SQL   						ubDBSQLite3ThreadSafe.TubSQLite3Statement(02DC71B0) SELECT A01.ID,A01.entityMask,A01.methodMask,A01.ruleType,A01.ruleRole,A01.disabled,A01.code  FROM uba_els A01 
20180415 18131256  "  -    					00.000.029
20180415 18131256  "  -    				00.000.108
20180415 18131256  " debug 				Query result for entity "uba_els" into data name "": row count=34
20180415 18131256  "  -    			00.000.121
20180415 18131256  "  -    		00.001.182
20180415 18131256  " auth  		New session admin/89466098 created at 127.0.0.1/-432345549732052901 using Mozilla/5.0 (Windows; mORMot 1.18 TWinHTTP)
20180415 18131256  " auth  		New session anonymous/89465997 created at 127.0.0.1/-432345549732052901 using Mozilla/5.0 (Windows; mORMot 1.18 TWinHTTP)
20180415 18131256  "  +    		ubApp.TubDataStore(0755C180).Init
20180415 18131256  "  +    			ubApp.TubApp(02D13EE0).DBExecute
20180415 18131256  "  +    				ubApp.TubApp(02D13EE0).TubApp.InternalDBExecute
20180415 18131256  " debug 					P1: String(34)	UBA.passwordPolicy.maxDurationDays
20180415 18131256  " SQL   					ubDBSQLite3ThreadSafe.TubSQLite3Statement(02DC72D0) select settingValue from ubs_settings where settingKey =?
20180415 18131256  "  -    				00.000.029
20180415 18131256  "  -    			00.000.075
20180415 18131256  " debug 			Query result for entity "ubs_settings" into data name "": row count=1
20180415 18131256  "  -    		00.000.082
20180415 18131256  "  +    		ubApp.TubDataStore(0755C180).Init
20180415 18131256  "  +    			ubApp.TubApp(02D13EE0).DBExecute
20180415 18131256  "  +    				ubApp.TubApp(02D13EE0).TubApp.InternalDBExecute
20180415 18131256  " debug 					P1: String(37)	UBA.passwordPolicy.maxInvalidAttempts
20180415 18131256  " SQL   					ubDBSQLite3ThreadSafe.TubSQLite3Statement(02DC72D0) select settingValue from ubs_settings where settingKey =?
20180415 18131256  "  -    				00.000.006
20180415 18131256  "  -    			00.000.019
20180415 18131256  " debug 			Query result for entity "ubs_settings" into data name "": row count=1
20180415 18131256  "  -    		00.000.025
20180415 18131256  "  -    	00.260.051
20180415 18131256  "  -    00.260.069
20180415 18131256  ! srvr  	ubServer.TubServer(043274E8) {"THttpApiServer(02CDA990)":{"Cloned":false,"RegisteredUrl":"http://+:888/","HTTPQueueLength":1000,"MaxBandwidth":-1,"MaxConnections":-1,"APIVersion":"HTTP API 2.0","ServerName":"UnityBase","ProcessName":""}} initialized
20180415 18131256  !  -    00.269.137
20180415 18131256  "  +    getAppInfo
20180415 18131256  " http  	127.0.0.1 -> GET getAppInfo
20180415 18131256  " call  	endpoint getAppInfo
20180415 18131256  " http  	127.0.0.1 <- 200
20180415 18131256  "  -    00.000.574
20180415 18131257  #  +    auth?AUTHTYPE=UB&userName=admin
20180415 18131257  # http  	127.0.0.1 -> GET auth?AUTHTYPE=UB&userName=admin
20180415 18131257  # debug 	Create new JavaScript Engine for thread 41892
20180415 18131308  # call  	endpoint auth
20180415 18131308  # http  	127.0.0.1 <- 200
20180415 18131308  #  -    00.208.048
20180415 18131308  $  +    auth?AUTHTYPE=UB&clientNonce=d6e14d70ec1973c2d02a54dfafb7e671667ccee4177a8dcf4df4fcc7a6980a44&password=defc06d21258055bb33812b9510f013d445bb8e246ffd64f7fc584097083dd6a&userName=admin
20180415 18131308  $ http  	127.0.0.1 -> GET auth?AUTHTYPE=UB&clientNonce=d6e14d70ec1973c2d02a54dfafb7e671667ccee4177a8dcf4df4fcc7a6980a44&password=defc06d21258055bb33812b9510f013d445bb8e246ffd64f7fc584097083dd6a&userName=admin
20180415 18131308  $ debug 	Create new JavaScript Engine for thread 40504
20180415 18131320  $ call  	endpoint auth
20180415 18131320  $  +    	ubApp.TubDataStore(07561400).Init
20180415 18131320  $  +    		ubApp.TubApp(02D13EE0).DBExecute
20180415 18131320  $  +    			ubApp.TubApp(02D13EE0).TubApp.InternalDBExecute
20180415 18131320  $  +    				00856EC2 
20180415 18131320  $  -    				00.002.280
20180415 18131320  $ SQL   				ubDBSQLite3ThreadSafe.TubSQLite3Statement(02DC8050) PRAGMA foreign_keys = ON
20180415 18131320  $ debug 				P1: String(5)	admin
20180415 18131320  $ SQL   				ubDBSQLite3ThreadSafe.TubSQLite3Statement(02DC79F0) select id, name, uPasswordHashHexa, uData, isPending, trustedIP from UBA_USER where name=? and disabled=0
20180415 18131320  $  -    			00.002.328
20180415 18131320  $  -    		00.002.397
20180415 18131320  $ debug 		Query result for entity "uba_user" into data name "": row count=1
20180415 18131320  $  -    	00.002.413
20180415 18131320  $  +    	ubApp.TubDataStore(07561400).Init
20180415 18131320  $  +    		ubApp.TubApp(02D13EE0).DBExecute
20180415 18131320  $  +    			ubApp.TubApp(02D13EE0).TubApp.InternalDBExecute
20180415 18131320  $ debug 				P1: Int64		10
20180415 18131320  $ SQL   				ubDBSQLite3ThreadSafe.TubSQLite3Statement(02DC8050) SELECT lastPasswordChangeDate FROM uba_user WHERE id=?
20180415 18131320  $  -    			00.000.018
20180415 18131320  $  -    		00.000.041
20180415 18131320  $ debug 		Query result for entity "uba_user" into data name "__expireDate": row count=1
20180415 18131320  $  -    	00.000.050
20180415 18131320  $  +    	ubApp.TubDataStore(07D90648).Init
20180415 18131320  $  +    		ubApp.TubApp(02D13EE0).DBExecute
20180415 18131320  $  +    			ubApp.TubApp(02D13EE0).TubApp.InternalDBExecute
20180415 18131320  $ debug 				P1: Int64		10
20180415 18131320  $ SQL   				ubDBSQLite3ThreadSafe.TubSQLite3Statement(02DC8110) SELECT A01.roleID,A02.name,A02.description  FROM uba_userrole A01  INNER JOIN uba_role A02 ON A02.ID=A01.roleID  WHERE A01.userID=?
20180415 18131320  $  -    			00.000.038
20180415 18131320  $  -    		00.000.086
20180415 18131320  $ debug 		Query result for entity "uba_userrole" into data name "": row count=1
20180415 18131320  $  -    	00.000.096
20180415 18131320  $ auth  	New session admin/89465996 created at 127.0.0.1/-432345549732052901 using Mozilla/5.0 (Windows; mORMot 1.18 TWinHTTP)
20180415 18131320  $  +    	ubMixinClasses.TubStorageMixin(02D642C0).MixinMethod
20180415 18131320  $ debug 		uba_user.select(TubStorageMixin)
20180415 18131320  $  +    		ubApp.TubDataStore(07D90648).Init
20180415 18131320  $  +    			ubApp.TubApp(02D13EE0).DBExecute
20180415 18131320  $  +    				ubApp.TubApp(02D13EE0).TubApp.InternalDBExecute
20180415 18131320  $ debug 					P1: Int64		10
20180415 18131320  $ SQL   					ubDBSQLite3ThreadSafe.TubSQLite3Statement(02DC8230) SELECT A01.name  FROM uba_user A01  WHERE A01.ID=?
20180415 18131320  $  -    				00.000.034
20180415 18131320  $  -    			00.000.075
20180415 18131320  $ debug 			Query result for entity "uba_user" into data name "": row count=1
20180415 18131320  $  -    		00.000.083
20180415 18131320  $  -    	00.000.159
20180415 18131323  $  +    	ubMixinClasses.TubStorageMixin(02D642C0).MixinMethod
20180415 18131323  $ debug 		uba_advSecurity.select(TubStorageMixin)
20180415 18131323  $  +    		ubApp.TubDataStore(07D90648).Init
20180415 18131323  $  +    			ubApp.TubApp(02D13EE0).DBExecute
20180415 18131323  $  +    				ubApp.TubApp(02D13EE0).TubApp.InternalDBExecute
20180415 18131323  $ debug 					P1: Int64		10
20180415 18131323  $ SQL   					ubDBSQLite3ThreadSafe.TubSQLite3Statement(02DC8290) SELECT A01.ID,A01.allowedIP,A01.refreshIP,A01.fp,A01.refreshFp,A01.keyMediaName,A01.refreshKeyMedia,A01.mi_modifyDate  FROM uba_advSecurity A01  WHERE A01.userID=?
20180415 18131323  $  -    				00.000.055
20180415 18131323  $  -    			00.000.114
20180415 18131323  $ debug 			Query result for entity "uba_advSecurity" into data name "": row count=0
20180415 18131323  $  -    		00.000.125
20180415 18131323  $  -    	00.000.291
20180415 18131323  $  +    	ubMixinClasses.TubStorageMixin(02D642C0).MixinMethod
20180415 18131323  $ debug 		uba_userrole.select(TubStorageMixin)
20180415 18131323  $  +    		ubApp.TubDataStore(07D90648).Init
20180415 18131323  $  +    			ubApp.TubApp(02D13EE0).DBExecute
20180415 18131323  $  +    				ubApp.TubApp(02D13EE0).TubApp.InternalDBExecute
20180415 18131323  $ debug 					P1: Int64		10
20180415 18131323  $ SQL   					ubDBSQLite3ThreadSafe.TubSQLite3Statement(02DC82F0) SELECT A01.ID,A02.name,A01.roleID  FROM uba_userrole A01  INNER JOIN uba_role A02 ON A02.ID=A01.roleID  WHERE A01.userID=?
20180415 18131323  $  -    				00.000.062
20180415 18131323  $  -    			00.000.179
20180415 18131323  $ debug 			Query result for entity "uba_userrole" into data name "": row count=1
20180415 18131323  $  -    		00.000.189
20180415 18131323  $  -    	00.000.288
20180415 18131323  $  +    	ubMixinClasses.TubStorageMixin(02D642C0).MixinMethod
20180415 18131323  $ debug 		uba_audit.beforeinsert(TubStorageMixin)
20180415 18131323  $  -    	00.000.009
20180415 18131323  $  +    	ubMixinClasses.TubStorageMixin(02D642C0).MixinMethod
20180415 18131323  $ debug 		uba_audit.insert(TubStorageMixin)
20180415 18131323  $  +    		ubApp.TubDataStore(075611F8).TubDataStore.ExecuteInsertFromList
20180415 18131323  $  +    			ubApp.TubDataStore(075611F8).TubDataStore.ExecuteInsertFromSQL
20180415 18131323  $  +    				ubApp.TubApp(02D13EE0).DBExecute
20180415 18131323  $  +    					ubApp.TubApp(02D13EE0).TubApp.InternalDBExecute
20180415 18131323  $ debug 						P1: String(8)	uba_user
20180415 18131323  $ debug 						P2: Int64		10
20180415 18131323  $ debug 						P3: String(5)	LOGIN
20180415 18131323  $ debug 						P4: Int64		10
20180415 18131323  $ debug 						P5: DateTime	2018-04-15T18:13:13
20180415 18131323  $ debug 						P6: String(9)	127.0.0.1
20180415 18131323  $ debug 						P7: String(5)	admin
20180415 18131323  $ debug 						P8: String(0)	
20180415 18131323  $ debug 						P9: Int64		335785935503361
20180415 18131323  $ debug 						P10: String(313..)	Cache-Control: no-cache  Connection: Keep-Alive  Pragma: no-cache  Accept: */*  Accept-Encoding: gzi...
20180415 18131323  $ DB    						StartTransaction for connection "main"
20180415 18131323  $ SQL   						ubDBSQLite3ThreadSafe.TubSQLite3Statement(02DC83B0) INSERT INTO uba_audit (entity,entityinfo_id,actionType,actionUser,actionTime,remoteIP,targetUser,targetRole,ID,fromValue) VALUES (?,?,?,?,?,?,?,?,?,?)
20180415 18131323  $  -    					00.000.128
20180415 18131323  $  -    				00.000.130
20180415 18131323  $  -    			00.000.217
20180415 18131323  $  -    		00.000.228
20180415 18131323  $  -    	00.000.233
20180415 18131323  $  +    	ubMixinClasses.TubStorageMixin(02D642C0).MixinMethod
20180415 18131323  $ debug 		uba_audit.afterinsert(TubStorageMixin)
20180415 18131323  $  -    	00.000.003
20180415 18131323  $ DB    	Commit connection "main"
20180415 18131323  $ http  	127.0.0.1 <- 200
20180415 18131323  $  -    00.244.956
20180415 18131323  %  +    ubql
20180415 18131323  % http  	127.0.0.1 -> POST ubql
20180415 18131323  % http  	[{"entity":"ubm_desktop","method":"select","fieldList":["ID"],"options":{"limit":1},"whereList":{"lookup":{"expression":"code","condition":"equal","values":{"code":"CityReq_desktop"}}}}]
20180415 18131323  % debug 	Create new JavaScript Engine for thread 36000
20180415 18131337  % auth  	admin/89465996
20180415 18131337  % call  	endpoint ubql
20180415 18131337  %  +    	ubMixinClasses.TubRLSMixin(02D64E20).MixinMethod
20180415 18131337  % debug 		ubm_desktop.select(TubRLSMixin)
20180415 18131337  % debug 		Prepare RLS expression for ubm_desktop
20180415 18131337  %  +    		ubApp.TubDataStore(07D93370).Init
20180415 18131337  %  +    			ubApp.TubApp(02D13EE0).DBExecute
20180415 18131337  %  +    				ubApp.TubApp(02D13EE0).TubApp.InternalDBExecute
20180415 18131337  %  +    					00856EC2 
20180415 18131337  %  -    					00.002.274
20180415 18131337  % SQL   					ubDBSQLite3ThreadSafe.TubSQLite3Statement(02DC8DD0) PRAGMA foreign_keys = ON
20180415 18131337  % SQL   					ubDBSQLite3ThreadSafe.TubSQLite3Statement(02DC8770) select ID, name FROM uba_role
20180415 18131337  %  -    				00.002.304
20180415 18131337  %  -    			00.002.333
20180415 18131337  % debug 			Query result for entity "uba_role" into data name "": row count=7
20180415 18131337  %  -    		00.002.343
20180415 18131337  %  -    	00.003.255
20180415 18131337  %  +    	ubMixinClasses.TubStorageMixin(02D642C0).MixinMethod
20180415 18131337  % debug 		ubm_desktop.select(TubStorageMixin)
20180415 18131337  %  +    		ubApp.TubDataStore(07D93258).Init
20180415 18131337  %  +    			ubApp.TubApp(02D13EE0).DBExecute
20180415 18131337  %  +    				ubApp.TubApp(02D13EE0).TubApp.InternalDBExecute
20180415 18131337  % debug 					P1: String(15)	CityReq_desktop
20180415 18131337  % debug 					P2: Int64		10
20180415 18131337  % debug 					P3: Int64		10
20180415 18131337  % debug 					P4: DateTime	9999-12-31T00:00:00
20180415 18131337  % SQL   					ubDBSQLite3ThreadSafe.TubSQLite3Statement(02DC8E90) SELECT A01.ID  FROM ubm_desktop A01  WHERE code=? AND (( A01.mi_owner = ? ) OR (1=1) OR exists (select 1 from ubm_desktop_adm admsubtable where admsubtable.instanceID = A01.ID and admsubtable.admSubjID in (select ur.RoleID from uba_userrole ur where ur.UserID = ? union select 10))) AND A01.mi_deleteDate=? LIMIT 1 OFFSET 0 
20180415 18131337  %  -    				00.000.126
20180415 18131337  %  -    			00.000.195
20180415 18131337  % debug 			Query result for entity "ubm_desktop" into data name "": row count=1
20180415 18131337  %  -    		00.000.211
20180415 18131337  %  -    	00.000.321
20180415 18131337  % http  	127.0.0.1 <- 200
20180415 18131337  %  -    00.213.678
20180415 18131337  &  +    ubql
20180415 18131337  & http  	127.0.0.1 -> POST ubql
20180415 18131337  & http  	[{"entity":"ubm_navshortcut","method":"select","fieldList":["ID"],"options":{"limit":1},"whereList":{"lookup":{"expression":"code","condition":"equal","values":{"code":"req_departments_folder"}}}}]
20180415 18131337  & debug 	Create new JavaScript Engine for thread 18216
20180415 18131350  & auth  	admin/89465996
20180415 18131350  & call  	endpoint ubql
20180415 18131350  &  +    	ubMixinClasses.TubRLSMixin(02D64E20).MixinMethod
20180415 18131350  & debug 		ubm_navshortcut.select(TubRLSMixin)
20180415 18131350  & debug 		Prepare RLS expression for ubm_navshortcut
20180415 18131350  &  +    		ubApp.TubDataStore(07D4DCE0).Init
20180415 18131350  &  +    			ubApp.TubApp(02D13EE0).DBExecute
20180415 18131350  &  +    				ubApp.TubApp(02D13EE0).TubApp.InternalDBExecute
20180415 18131350  &  +    					00856EC2 
20180415 18131350  &  -    					00.002.242
20180415 18131350  & SQL   					ubDBSQLite3ThreadSafe.TubSQLite3Statement(02DC9790) PRAGMA foreign_keys = ON
20180415 18131350  & SQL   					ubDBSQLite3ThreadSafe.TubSQLite3Statement(02DC9130) select ID, name FROM uba_role
20180415 18131350  &  -    				00.002.273
20180415 18131350  &  -    			00.002.310
20180415 18131350  & debug 			Query result for entity "uba_role" into data name "": row count=7
20180415 18131350  &  -    		00.002.321
20180415 18131350  &  -    	00.003.419
20180415 18131350  &  +    	ubMixinClasses.TubStorageMixin(02D642C0).MixinMethod
20180415 18131350  & debug 		ubm_navshortcut.select(TubStorageMixin)
20180415 18131350  &  +    		ubApp.TubDataStore(07D4DC18).Init
20180415 18131350  &  +    			ubApp.TubApp(02D13EE0).DBExecute
20180415 18131350  &  +    				ubApp.TubApp(02D13EE0).TubApp.InternalDBExecute
20180415 18131350  & debug 					P1: String(22)	req_departments_folder
20180415 18131350  & debug 					P2: Int64		10
20180415 18131350  & debug 					P3: Int64		10
20180415 18131350  & debug 					P4: DateTime	9999-12-31T00:00:00
20180415 18131350  & SQL   					ubDBSQLite3ThreadSafe.TubSQLite3Statement(02DC9850) SELECT A01.ID  FROM ubm_navshortcut A01  WHERE code=? AND (( A01.mi_owner = ? ) OR                (1=1) OR                              exists (select 1 from ubm_navshortcut_adm admsubtable where admsubtable.instanceID = A01.ID and admsubtable.admSubjID in (select ur.RoleID from uba_userrole ur where ur.UserID = ? union select 10))) AND A01.mi_deleteDate=? LIMIT 1 OFFSET 0 
20180415 18131350  &  -    				00.000.091
20180415 18131350  &  -    			00.000.160
20180415 18131350  & debug 			Query result for entity "ubm_navshortcut" into data name "": row count=1
20180415 18131350  &  -    		00.000.173
20180415 18131350  &  -    	00.000.280
20180415 18131350  & http  	127.0.0.1 <- 200
20180415 18131350  &  -    00.208.714
20180415 18131350  '  +    ubql
20180415 18131350  ' http  	127.0.0.1 -> POST ubql
20180415 18131350  ' http  	[{"entity":"ubm_navshortcut","method":"select","fieldList":["ID"],"options":{"limit":1},"whereList":{"lookup":{"expression":"code","condition":"equal","values":{"code":"req_depart"}}}}]
20180415 18131350  ' debug 	Create new JavaScript Engine for thread 14780
20180415 18131401  ' auth  	admin/89465996
20180415 18131401  ' call  	endpoint ubql
20180415 18131401  '  +    	ubMixinClasses.TubRLSMixin(02D64E20).MixinMethod
20180415 18131401  ' debug 		ubm_navshortcut.select(TubRLSMixin)
20180415 18131401  ' debug 		Prepare RLS expression for ubm_navshortcut
20180415 18131401  '  +    		ubApp.TubDataStore(07D51FE8).Init
20180415 18131401  '  +    			ubApp.TubApp(02D13EE0).DBExecute
20180415 18131401  '  +    				ubApp.TubApp(02D13EE0).TubApp.InternalDBExecute
20180415 18131401  '  +    					00856EC2 
20180415 18131401  '  -    					00.002.491
20180415 18131401  ' SQL   					ubDBSQLite3ThreadSafe.TubSQLite3Statement(02DCA1B0) PRAGMA foreign_keys = ON
20180415 18131401  ' SQL   					ubDBSQLite3ThreadSafe.TubSQLite3Statement(02DC9B50) select ID, name FROM uba_role
20180415 18131401  '  -    				00.002.532
20180415 18131401  '  -    			00.002.569
20180415 18131401  ' debug 			Query result for entity "uba_role" into data name "": row count=7
20180415 18131401  '  -    		00.002.579
20180415 18131401  '  -    	00.003.374
20180415 18131401  '  +    	ubMixinClasses.TubStorageMixin(02D642C0).MixinMethod
20180415 18131401  ' debug 		ubm_navshortcut.select(TubStorageMixin)
20180415 18131401  '  +    		ubApp.TubDataStore(07D51F20).Init
20180415 18131401  '  +    			ubApp.TubApp(02D13EE0).DBExecute
20180415 18131401  '  +    				ubApp.TubApp(02D13EE0).TubApp.InternalDBExecute
20180415 18131401  ' debug 					P1: String(10)	req_depart
20180415 18131401  ' debug 					P2: Int64		10
20180415 18131401  ' debug 					P3: Int64		10
20180415 18131401  ' debug 					P4: DateTime	9999-12-31T00:00:00
20180415 18131401  ' SQL   					ubDBSQLite3ThreadSafe.TubSQLite3Statement(02DCA270) SELECT A01.ID  FROM ubm_navshortcut A01  WHERE code=? AND (( A01.mi_owner = ? ) OR                (1=1) OR                              exists (select 1 from ubm_navshortcut_adm admsubtable where admsubtable.instanceID = A01.ID and admsubtable.admSubjID in (select ur.RoleID from uba_userrole ur where ur.UserID = ? union select 10))) AND A01.mi_deleteDate=? LIMIT 1 OFFSET 0 
20180415 18131401  '  -    				00.000.084
20180415 18131401  '  -    			00.000.158
20180415 18131401  ' debug 			Query result for entity "ubm_navshortcut" into data name "": row count=1
20180415 18131401  '  -    		00.000.172
20180415 18131401  '  -    	00.000.317
20180415 18131401  ' http  	127.0.0.1 <- 200
20180415 18131401  '  -    00.214.858
20180415 18131401  (  +    ubql
20180415 18131401  ( http  	127.0.0.1 -> POST ubql
20180415 18131401  ( http  	[{"entity":"ubm_navshortcut","method":"select","fieldList":["ID"],"options":{"limit":1},"whereList":{"lookup":{"expression":"code","condition":"equal","values":{"code":"req_subDepart"}}}}]
20180415 18131401  ( debug 	Create new JavaScript Engine for thread 35312
20180415 18131414  ( auth  	admin/89465996
20180415 18131414  ( call  	endpoint ubql
20180415 18131414  (  +    	ubMixinClasses.TubRLSMixin(02D64E20).MixinMethod
20180415 18131414  ( debug 		ubm_navshortcut.select(TubRLSMixin)
20180415 18131414  ( debug 		Prepare RLS expression for ubm_navshortcut
20180415 18131414  (  +    		ubApp.TubDataStore(0D4C9380).Init
20180415 18131414  (  +    			ubApp.TubApp(02D13EE0).DBExecute
20180415 18131414  (  +    				ubApp.TubApp(02D13EE0).TubApp.InternalDBExecute
20180415 18131414  (  +    					00856EC2 
20180415 18131414  (  -    					00.002.163
20180415 18131414  ( SQL   					ubDBSQLite3ThreadSafe.TubSQLite3Statement(02DCAB70) PRAGMA foreign_keys = ON
20180415 18131414  ( SQL   					ubDBSQLite3ThreadSafe.TubSQLite3Statement(02DCA510) select ID, name FROM uba_role
20180415 18131414  (  -    				00.002.192
20180415 18131414  (  -    			00.002.223
20180415 18131414  ( debug 			Query result for entity "uba_role" into data name "": row count=7
20180415 18131414  (  -    		00.002.232
20180415 18131414  (  -    	00.003.181
20180415 18131414  (  +    	ubMixinClasses.TubStorageMixin(02D642C0).MixinMethod
20180415 18131414  ( debug 		ubm_navshortcut.select(TubStorageMixin)
20180415 18131414  (  +    		ubApp.TubDataStore(0D4C92B8).Init
20180415 18131414  (  +    			ubApp.TubApp(02D13EE0).DBExecute
20180415 18131414  (  +    				ubApp.TubApp(02D13EE0).TubApp.InternalDBExecute
20180415 18131414  ( debug 					P1: String(13)	req_subDepart
20180415 18131414  ( debug 					P2: Int64		10
20180415 18131414  ( debug 					P3: Int64		10
20180415 18131414  ( debug 					P4: DateTime	9999-12-31T00:00:00
20180415 18131414  ( SQL   					ubDBSQLite3ThreadSafe.TubSQLite3Statement(02DCAC30) SELECT A01.ID  FROM ubm_navshortcut A01  WHERE code=? AND (( A01.mi_owner = ? ) OR                (1=1) OR                              exists (select 1 from ubm_navshortcut_adm admsubtable where admsubtable.instanceID = A01.ID and admsubtable.admSubjID in (select ur.RoleID from uba_userrole ur where ur.UserID = ? union select 10))) AND A01.mi_deleteDate=? LIMIT 1 OFFSET 0 
20180415 18131414  (  -    				00.000.095
20180415 18131414  (  -    			00.000.180
20180415 18131414  ( debug 			Query result for entity "ubm_navshortcut" into data name "": row count=1
20180415 18131414  (  -    		00.000.193
20180415 18131414  (  -    	00.000.299
20180415 18131414  ( http  	127.0.0.1 <- 200
20180415 18131414  (  -    00.210.315
20180415 18131414  )  +    ubql
20180415 18131414  ) http  	127.0.0.1 -> POST ubql
20180415 18131414  ) http  	[{"entity":"ubm_navshortcut","method":"select","fieldList":["ID"],"options":{"limit":1},"whereList":{"lookup":{"expression":"code","condition":"equal","values":{"code":"req_reqList"}}}}]
20180415 18131414  ) debug 	Create new JavaScript Engine for thread 31856
20180415 18131427  ) auth  	admin/89465996
20180415 18131427  ) call  	endpoint ubql
20180415 18131427  )  +    	ubMixinClasses.TubRLSMixin(02D64E20).MixinMethod
20180415 18131427  ) debug 		ubm_navshortcut.select(TubRLSMixin)
20180415 18131427  ) debug 		Prepare RLS expression for ubm_navshortcut
20180415 18131427  )  +    		ubApp.TubDataStore(0D4CD688).Init
20180415 18131427  )  +    			ubApp.TubApp(02D13EE0).DBExecute
20180415 18131427  )  +    				ubApp.TubApp(02D13EE0).TubApp.InternalDBExecute
20180415 18131427  )  +    					00856EC2 
20180415 18131427  )  -    					00.002.188
20180415 18131427  ) SQL   					ubDBSQLite3ThreadSafe.TubSQLite3Statement(02DCB530) PRAGMA foreign_keys = ON
20180415 18131427  ) SQL   					ubDBSQLite3ThreadSafe.TubSQLite3Statement(02DCAED0) select ID, name FROM uba_role
20180415 18131427  )  -    				00.002.243
20180415 18131427  )  -    			00.002.279
20180415 18131427  ) debug 			Query result for entity "uba_role" into data name "": row count=7
20180415 18131427  )  -    		00.002.289
20180415 18131427  )  -    	00.003.181
20180415 18131427  )  +    	ubMixinClasses.TubStorageMixin(02D642C0).MixinMethod
20180415 18131427  ) debug 		ubm_navshortcut.select(TubStorageMixin)
20180415 18131427  )  +    		ubApp.TubDataStore(0D4CD5C0).Init
20180415 18131427  )  +    			ubApp.TubApp(02D13EE0).DBExecute
20180415 18131427  )  +    				ubApp.TubApp(02D13EE0).TubApp.InternalDBExecute
20180415 18131427  ) debug 					P1: String(11)	req_reqList
20180415 18131427  ) debug 					P2: Int64		10
20180415 18131427  ) debug 					P3: Int64		10
20180415 18131427  ) debug 					P4: DateTime	9999-12-31T00:00:00
20180415 18131427  ) SQL   					ubDBSQLite3ThreadSafe.TubSQLite3Statement(02DCB5F0) SELECT A01.ID  FROM ubm_navshortcut A01  WHERE code=? AND (( A01.mi_owner = ? ) OR                (1=1) OR                              exists (select 1 from ubm_navshortcut_adm admsubtable where admsubtable.instanceID = A01.ID and admsubtable.admSubjID in (select ur.RoleID from uba_userrole ur where ur.UserID = ? union select 10))) AND A01.mi_deleteDate=? LIMIT 1 OFFSET 0 
20180415 18131427  )  -    				00.000.097
20180415 18131427  )  -    			00.000.175
20180415 18131427  ) debug 			Query result for entity "ubm_navshortcut" into data name "": row count=1
20180415 18131427  )  -    		00.000.186
20180415 18131427  )  -    	00.000.309
20180415 18131427  ) http  	127.0.0.1 <- 200
20180415 18131427  )  -    00.209.443
20180415 18131432  "  +    ubql
20180415 18131432  " http  	127.0.0.1 -> POST ubql
20180415 18131432  " http  	[{"entity":"ubm_enum","method":"select","fieldList":["code"],"options":{"limit":1},"whereList":{"c1":{"expression":"[code]","condition":"equal","values":{"c1":"NEW"}}}}]
20180415 18131432  " auth  	admin/89465996
20180415 18131432  " call  	endpoint ubql
20180415 18131432  "  +    	ubMixinClasses.TubStorageMixin(02D642C0).MixinMethod
20180415 18131432  " debug 		ubm_enum.select(TubStorageMixin)
20180415 18131432  "  +    		ubApp.TubDataStore(0D4CD638).Init
20180415 18131432  "  +    			ubApp.TubApp(02D13EE0).DBExecute
20180415 18131432  "  +    				ubApp.TubApp(02D13EE0).TubApp.InternalDBExecute
20180415 18131432  " debug 					P1: String(3)	NEW
20180415 18131432  " debug 					P2: DateTime	9999-12-31T00:00:00
20180415 18131432  " SQL   					ubDBSQLite3ThreadSafe.TubSQLite3Statement(02DCB6B0) SELECT A01.code  FROM ubm_enum A01  WHERE A01.code=? AND A01.mi_deleteDate=? LIMIT 1 OFFSET 0 
20180415 18131432  "  -    				00.000.063
20180415 18131432  "  -    			00.000.153
20180415 18131432  " debug 			Query result for entity "ubm_enum" into data name "": row count=1
20180415 18131432  "  -    		00.000.162
20180415 18131432  "  -    	00.000.241
20180415 18131432  " http  	127.0.0.1 <- 200
20180415 18131432  "  -    00.000.559
20180415 18131432  #  +    ubql
20180415 18131432  # http  	127.0.0.1 -> POST ubql
20180415 18131432  # http  	[{"entity":"ubm_enum","method":"select","fieldList":["code"],"options":{"limit":1},"whereList":{"c1":{"expression":"[code]","condition":"equal","values":{"c1":"PROCESSED"}}}}]
20180415 18131432  # auth  	admin/89465996
20180415 18131432  # call  	endpoint ubql
20180415 18131432  #  +    	ubMixinClasses.TubStorageMixin(02D642C0).MixinMethod
20180415 18131432  # debug 		ubm_enum.select(TubStorageMixin)
20180415 18131432  #  +    		ubApp.TubDataStore(0D4CD5E8).Init
20180415 18131432  #  +    			ubApp.TubApp(02D13EE0).DBExecute
20180415 18131432  #  +    				ubApp.TubApp(02D13EE0).TubApp.InternalDBExecute
20180415 18131432  #  +    					00856EC2 
20180415 18131432  #  -    					00.002.366
20180415 18131432  # SQL   					ubDBSQLite3ThreadSafe.TubSQLite3Statement(02DCBD70) PRAGMA foreign_keys = ON
20180415 18131432  # debug 					P1: String(9)	PROCESSED
20180415 18131432  # debug 					P2: DateTime	9999-12-31T00:00:00
20180415 18131432  # SQL   					ubDBSQLite3ThreadSafe.TubSQLite3Statement(02DCB770) SELECT A01.code  FROM ubm_enum A01  WHERE A01.code=? AND A01.mi_deleteDate=? LIMIT 1 OFFSET 0 
20180415 18131432  #  -    				00.002.480
20180415 18131432  #  -    			00.002.524
20180415 18131432  # debug 			Query result for entity "ubm_enum" into data name "": row count=1
20180415 18131432  #  -    		00.002.537
20180415 18131432  #  -    	00.002.630
20180415 18131432  # http  	127.0.0.1 <- 200
20180415 18131432  #  -    00.002.996
20180415 18131432  $  +    ubql
20180415 18131432  $ http  	127.0.0.1 -> POST ubql
20180415 18131432  $ http  	[{"entity":"ubm_enum","method":"select","fieldList":["code"],"options":{"limit":1},"whereList":{"c1":{"expression":"[code]","condition":"equal","values":{"c1":"REJECTED"}}}}]
20180415 18131432  $ auth  	admin/89465996
20180415 18131432  $ call  	endpoint ubql
20180415 18131432  $  +    	ubMixinClasses.TubStorageMixin(02D642C0).MixinMethod
20180415 18131432  $ debug 		ubm_enum.select(TubStorageMixin)
20180415 18131432  $  +    		ubApp.TubDataStore(0D4CD660).Init
20180415 18131432  $  +    			ubApp.TubApp(02D13EE0).DBExecute
20180415 18131432  $  +    				ubApp.TubApp(02D13EE0).TubApp.InternalDBExecute
20180415 18131432  $ debug 					P1: String(8)	REJECTED
20180415 18131432  $ debug 					P2: DateTime	9999-12-31T00:00:00
20180415 18131432  $ SQL   					ubDBSQLite3ThreadSafe.TubSQLite3Statement(02DCBDD0) SELECT A01.code  FROM ubm_enum A01  WHERE A01.code=? AND A01.mi_deleteDate=? LIMIT 1 OFFSET 0 
20180415 18131432  $  -    				00.000.056
20180415 18131432  $  -    			00.000.142
20180415 18131432  $ debug 			Query result for entity "ubm_enum" into data name "": row count=1
20180415 18131432  $  -    		00.000.152
20180415 18131432  $  -    	00.000.235
20180415 18131432  $ http  	127.0.0.1 <- 200
20180415 18131432  $  -    00.000.511
20180415 18131433  %  +    ubql
20180415 18131433  % http  	127.0.0.1 -> POST ubql
20180415 18131433  % http  	[{"entity":"ubm_enum","method":"select","fieldList":["code"],"options":{"limit":1},"whereList":{"c1":{"expression":"[code]","condition":"equal","values":{"c1":"CLOSED"}}}}]
20180415 18131433  % auth  	admin/89465996
20180415 18131433  % call  	endpoint ubql
20180415 18131433  %  +    	ubMixinClasses.TubStorageMixin(02D642C0).MixinMethod
20180415 18131433  % debug 		ubm_enum.select(TubStorageMixin)
20180415 18131433  %  +    		ubApp.TubDataStore(0D4CD5C0).Init
20180415 18131433  %  +    			ubApp.TubApp(02D13EE0).DBExecute
20180415 18131433  %  +    				ubApp.TubApp(02D13EE0).TubApp.InternalDBExecute
20180415 18131433  % debug 					P1: String(6)	CLOSED
20180415 18131433  % debug 					P2: DateTime	9999-12-31T00:00:00
20180415 18131433  % SQL   					ubDBSQLite3ThreadSafe.TubSQLite3Statement(02DCBD70) SELECT A01.code  FROM ubm_enum A01  WHERE A01.code=? AND A01.mi_deleteDate=? LIMIT 1 OFFSET 0 
20180415 18131433  %  -    				00.000.054
20180415 18131433  %  -    			00.000.133
20180415 18131433  % debug 			Query result for entity "ubm_enum" into data name "": row count=1
20180415 18131433  %  -    		00.000.143
20180415 18131433  %  -    	00.000.233
20180415 18131433  % http  	127.0.0.1 <- 200
20180415 18131433  %  -    00.000.485
20180415 18131433  &  +    ubql
20180415 18131433  & http  	127.0.0.1 -> POST ubql
20180415 18131433  & http  	[{"entity":"req_depart","method":"select","fieldList":["ID"],"options":{"limit":1},"whereList":{"c1":{"expression":"[name]","condition":"equal","values":{"c1":"Departments of health"}}}}]
20180415 18131433  & auth  	admin/89465996
20180415 18131433  & call  	endpoint ubql
20180415 18131433  &  +    	ubMixinClasses.TubStorageMixin(02D642C0).MixinMethod
20180415 18131433  & debug 		req_depart.select(TubStorageMixin)
20180415 18131433  &  +    		ubApp.TubDataStore(0D4CD660).Init
20180415 18131433  &  +    			ubApp.TubApp(02D13EE0).DBExecute
20180415 18131433  &  +    				ubApp.TubApp(02D13EE0).TubApp.InternalDBExecute
20180415 18131433  & debug 					P1: String(21)	Departments of health
20180415 18131433  & SQL   					ubDBSQLite3ThreadSafe.TubSQLite3Statement(02DCB590) SELECT A01.ID  FROM req_depart A01  WHERE A01.name=? LIMIT 1 OFFSET 0 
20180415 18131433  &  -    				00.000.061
20180415 18131433  &  -    			00.000.192
20180415 18131433  & debug 			Query result for entity "req_depart" into data name "": row count=1
20180415 18131433  &  -    		00.000.202
20180415 18131433  &  -    	00.000.276
20180415 18131433  & http  	127.0.0.1 <- 200
20180415 18131433  &  -    00.000.602
20180415 18131433  '  +    ubql
20180415 18131433  ' http  	127.0.0.1 -> POST ubql
20180415 18131433  ' http  	[{"entity":"req_depart","method":"select","fieldList":["ID"],"options":{"limit":1},"whereList":{"c1":{"expression":"[name]","condition":"equal","values":{"c1":"Departments of education"}}}}]
20180415 18131433  ' auth  	admin/89465996
20180415 18131433  ' call  	endpoint ubql
20180415 18131433  '  +    	ubMixinClasses.TubStorageMixin(02D642C0).MixinMethod
20180415 18131433  ' debug 		req_depart.select(TubStorageMixin)
20180415 18131433  '  +    		ubApp.TubDataStore(0D4CD4D0).Init
20180415 18131433  '  +    			ubApp.TubApp(02D13EE0).DBExecute
20180415 18131433  '  +    				ubApp.TubApp(02D13EE0).TubApp.InternalDBExecute
20180415 18131433  ' debug 					P1: String(24)	Departments of education
20180415 18131433  ' SQL   					ubDBSQLite3ThreadSafe.TubSQLite3Statement(02DCBE30) SELECT A01.ID  FROM req_depart A01  WHERE A01.name=? LIMIT 1 OFFSET 0 
20180415 18131433  '  -    				00.000.046
20180415 18131433  '  -    			00.000.132
20180415 18131433  ' debug 			Query result for entity "req_depart" into data name "": row count=1
20180415 18131433  '  -    		00.000.142
20180415 18131433  '  -    	00.000.228
20180415 18131433  ' http  	127.0.0.1 <- 200
20180415 18131433  '  -    00.000.537
20180415 18131440  ! info  ubApp.TubApp(02D13EE0) {   "ClientsCurrent": 1,   "ClientsMax": 1,   "Invalid": 0,   "Responses": 14,   "Modified": 0,   "IncomingBytes": 6883,   "OutcomingBytes": 3205,   "OutcomingFiles": 0,   "ServiceCalls": 14,   "ProcessTime": "1.51s"  }
